[2023-02-24T14:00:04.963+0000] {taskinstance.py:1083} INFO - Dependencies all met for <TaskInstance: Metadata_Airflow.scrape_nexrad manual__2023-02-24T14:00:01.553884+00:00 [queued]>
[2023-02-24T14:00:04.970+0000] {taskinstance.py:1083} INFO - Dependencies all met for <TaskInstance: Metadata_Airflow.scrape_nexrad manual__2023-02-24T14:00:01.553884+00:00 [queued]>
[2023-02-24T14:00:04.971+0000] {taskinstance.py:1279} INFO - 
--------------------------------------------------------------------------------
[2023-02-24T14:00:04.972+0000] {taskinstance.py:1280} INFO - Starting attempt 1 of 1
[2023-02-24T14:00:04.973+0000] {taskinstance.py:1281} INFO - 
--------------------------------------------------------------------------------
[2023-02-24T14:00:04.982+0000] {taskinstance.py:1300} INFO - Executing <Task(PythonOperator): scrape_nexrad> on 2023-02-24 14:00:01.553884+00:00
[2023-02-24T14:00:04.988+0000] {standard_task_runner.py:55} INFO - Started process 107 to run task
[2023-02-24T14:00:04.992+0000] {standard_task_runner.py:82} INFO - Running: ['***', 'tasks', 'run', 'Metadata_Airflow', 'scrape_nexrad', 'manual__2023-02-24T14:00:01.553884+00:00', '--job-id', '13', '--raw', '--subdir', 'DAGS_FOLDER/scrape_***.py', '--cfg-path', '/tmp/tmp9sr91wp8']
[2023-02-24T14:00:04.993+0000] {standard_task_runner.py:83} INFO - Job 13: Subtask scrape_nexrad
[2023-02-24T14:00:05.050+0000] {task_command.py:388} INFO - Running <TaskInstance: Metadata_Airflow.scrape_nexrad manual__2023-02-24T14:00:01.553884+00:00 [running]> on host b0ca43aab42e
[2023-02-24T14:00:05.102+0000] {taskinstance.py:1509} INFO - Exporting the following env vars:
AIRFLOW_CTX_DAG_OWNER=***
AIRFLOW_CTX_DAG_ID=Metadata_Airflow
AIRFLOW_CTX_TASK_ID=scrape_nexrad
AIRFLOW_CTX_EXECUTION_DATE=2023-02-24T14:00:01.553884+00:00
AIRFLOW_CTX_TRY_NUMBER=1
AIRFLOW_CTX_DAG_RUN_ID=manual__2023-02-24T14:00:01.553884+00:00
[2023-02-24T14:00:05.106+0000] {taskinstance.py:1768} ERROR - Task failed with exception
Traceback (most recent call last):
  File "/home/airflow/.local/lib/python3.7/site-packages/airflow/operators/python.py", line 175, in execute
    return_value = self.execute_callable()
  File "/home/airflow/.local/lib/python3.7/site-packages/airflow/operators/python.py", line 192, in execute_callable
    return self.python_callable(*self.op_args, **self.op_kwargs)
  File "/opt/airflow/dags/scrape_airflow.py", line 123, in scrape_nexrad_metadata
    write_logs(f"Scraping NexRad Metadata into Database")
  File "/opt/airflow/dags/scrape_airflow.py", line 58, in write_logs
    'message' : message
  File "/home/airflow/.local/lib/python3.7/site-packages/botocore/client.py", line 530, in _api_call
    return self._make_api_call(operation_name, kwargs)
  File "/home/airflow/.local/lib/python3.7/site-packages/botocore/client.py", line 944, in _make_api_call
    operation_model, request_dict, request_context
  File "/home/airflow/.local/lib/python3.7/site-packages/botocore/client.py", line 966, in _make_request
    return self._endpoint.make_request(operation_model, request_dict)
  File "/home/airflow/.local/lib/python3.7/site-packages/botocore/endpoint.py", line 119, in make_request
    return self._send_request(request_dict, operation_model)
  File "/home/airflow/.local/lib/python3.7/site-packages/botocore/endpoint.py", line 198, in _send_request
    request = self.create_request(request_dict, operation_model)
  File "/home/airflow/.local/lib/python3.7/site-packages/botocore/endpoint.py", line 137, in create_request
    operation_name=operation_model.name,
  File "/home/airflow/.local/lib/python3.7/site-packages/botocore/hooks.py", line 412, in emit
    return self._emitter.emit(aliased_event_name, **kwargs)
  File "/home/airflow/.local/lib/python3.7/site-packages/botocore/hooks.py", line 256, in emit
    return self._emit(event_name, kwargs)
  File "/home/airflow/.local/lib/python3.7/site-packages/botocore/hooks.py", line 239, in _emit
    response = handler(**kwargs)
  File "/home/airflow/.local/lib/python3.7/site-packages/botocore/signers.py", line 105, in handler
    return self.sign(operation_name, request)
  File "/home/airflow/.local/lib/python3.7/site-packages/botocore/signers.py", line 189, in sign
    auth.add_auth(request)
  File "/home/airflow/.local/lib/python3.7/site-packages/botocore/auth.py", line 418, in add_auth
    raise NoCredentialsError()
botocore.exceptions.NoCredentialsError: Unable to locate credentials
[2023-02-24T14:00:05.117+0000] {taskinstance.py:1323} INFO - Marking task as FAILED. dag_id=Metadata_Airflow, task_id=scrape_nexrad, execution_date=20230224T140001, start_date=20230224T140004, end_date=20230224T140005
[2023-02-24T14:00:05.125+0000] {standard_task_runner.py:105} ERROR - Failed to execute job 13 for task scrape_nexrad (Unable to locate credentials; 107)
[2023-02-24T14:00:05.167+0000] {local_task_job.py:208} INFO - Task exited with return code 1
[2023-02-24T14:00:05.190+0000] {taskinstance.py:2578} INFO - 0 downstream tasks scheduled from follow-on schedule check
