[2023-02-24T13:41:35.178+0000] {processor.py:153} INFO - Started process (PID=43) to work on /home/airflow/.local/lib/python3.7/site-packages/airflow/example_dags/example_sla_dag.py
[2023-02-24T13:41:35.182+0000] {processor.py:743} INFO - Processing file /home/airflow/.local/lib/python3.7/site-packages/airflow/example_dags/example_sla_dag.py for tasks to queue
[2023-02-24T13:41:35.186+0000] {logging_mixin.py:137} INFO - [2023-02-24T13:41:35.186+0000] {dagbag.py:538} INFO - Filling up the DagBag from /home/airflow/.local/lib/python3.7/site-packages/airflow/example_dags/example_sla_dag.py
[2023-02-24T13:41:35.212+0000] {processor.py:753} INFO - DAG(s) dict_keys(['example_sla_dag']) retrieved from /home/airflow/.local/lib/python3.7/site-packages/airflow/example_dags/example_sla_dag.py
[2023-02-24T13:41:35.232+0000] {logging_mixin.py:137} INFO - [2023-02-24T13:41:35.231+0000] {dag.py:2690} INFO - Sync 1 DAGs
[2023-02-24T13:41:35.262+0000] {logging_mixin.py:137} INFO - [2023-02-24T13:41:35.262+0000] {dag.py:3441} INFO - Setting next_dagrun for example_sla_dag to 2023-02-24T13:38:00+00:00, run_after=2023-02-24T13:40:00+00:00
[2023-02-24T13:41:35.296+0000] {processor.py:175} INFO - Processing /home/airflow/.local/lib/python3.7/site-packages/airflow/example_dags/example_sla_dag.py took 0.121 seconds
[2023-02-24T13:42:05.335+0000] {processor.py:153} INFO - Started process (PID=117) to work on /home/airflow/.local/lib/python3.7/site-packages/airflow/example_dags/example_sla_dag.py
[2023-02-24T13:42:05.336+0000] {processor.py:743} INFO - Processing file /home/airflow/.local/lib/python3.7/site-packages/airflow/example_dags/example_sla_dag.py for tasks to queue
[2023-02-24T13:42:05.337+0000] {logging_mixin.py:137} INFO - [2023-02-24T13:42:05.337+0000] {dagbag.py:538} INFO - Filling up the DagBag from /home/airflow/.local/lib/python3.7/site-packages/airflow/example_dags/example_sla_dag.py
[2023-02-24T13:42:05.356+0000] {processor.py:753} INFO - DAG(s) dict_keys(['example_sla_dag']) retrieved from /home/airflow/.local/lib/python3.7/site-packages/airflow/example_dags/example_sla_dag.py
[2023-02-24T13:42:05.373+0000] {logging_mixin.py:137} INFO - [2023-02-24T13:42:05.373+0000] {dag.py:2690} INFO - Sync 1 DAGs
[2023-02-24T13:42:05.392+0000] {logging_mixin.py:137} INFO - [2023-02-24T13:42:05.392+0000] {dag.py:3441} INFO - Setting next_dagrun for example_sla_dag to 2023-02-24T13:40:00+00:00, run_after=2023-02-24T13:42:00+00:00
[2023-02-24T13:42:05.404+0000] {processor.py:175} INFO - Processing /home/airflow/.local/lib/python3.7/site-packages/airflow/example_dags/example_sla_dag.py took 0.071 seconds
[2023-02-24T13:42:36.181+0000] {processor.py:153} INFO - Started process (PID=192) to work on /home/airflow/.local/lib/python3.7/site-packages/airflow/example_dags/example_sla_dag.py
[2023-02-24T13:42:36.185+0000] {processor.py:743} INFO - Processing file /home/airflow/.local/lib/python3.7/site-packages/airflow/example_dags/example_sla_dag.py for tasks to queue
[2023-02-24T13:42:36.188+0000] {logging_mixin.py:137} INFO - [2023-02-24T13:42:36.188+0000] {dagbag.py:538} INFO - Filling up the DagBag from /home/airflow/.local/lib/python3.7/site-packages/airflow/example_dags/example_sla_dag.py
[2023-02-24T13:42:36.225+0000] {processor.py:753} INFO - DAG(s) dict_keys(['example_sla_dag']) retrieved from /home/airflow/.local/lib/python3.7/site-packages/airflow/example_dags/example_sla_dag.py
[2023-02-24T13:42:36.264+0000] {logging_mixin.py:137} INFO - [2023-02-24T13:42:36.264+0000] {dag.py:2690} INFO - Sync 1 DAGs
[2023-02-24T13:42:36.302+0000] {logging_mixin.py:137} INFO - [2023-02-24T13:42:36.302+0000] {dag.py:3441} INFO - Setting next_dagrun for example_sla_dag to 2023-02-24T13:40:00+00:00, run_after=2023-02-24T13:42:00+00:00
[2023-02-24T13:42:36.327+0000] {processor.py:175} INFO - Processing /home/airflow/.local/lib/python3.7/site-packages/airflow/example_dags/example_sla_dag.py took 0.149 seconds
[2023-02-24T13:43:06.845+0000] {processor.py:153} INFO - Started process (PID=260) to work on /home/airflow/.local/lib/python3.7/site-packages/airflow/example_dags/example_sla_dag.py
[2023-02-24T13:43:06.847+0000] {processor.py:743} INFO - Processing file /home/airflow/.local/lib/python3.7/site-packages/airflow/example_dags/example_sla_dag.py for tasks to queue
[2023-02-24T13:43:06.848+0000] {logging_mixin.py:137} INFO - [2023-02-24T13:43:06.848+0000] {dagbag.py:538} INFO - Filling up the DagBag from /home/airflow/.local/lib/python3.7/site-packages/airflow/example_dags/example_sla_dag.py
[2023-02-24T13:43:06.862+0000] {processor.py:753} INFO - DAG(s) dict_keys(['example_sla_dag']) retrieved from /home/airflow/.local/lib/python3.7/site-packages/airflow/example_dags/example_sla_dag.py
[2023-02-24T13:43:06.880+0000] {logging_mixin.py:137} INFO - [2023-02-24T13:43:06.880+0000] {dag.py:2690} INFO - Sync 1 DAGs
[2023-02-24T13:43:06.899+0000] {logging_mixin.py:137} INFO - [2023-02-24T13:43:06.899+0000] {dag.py:3441} INFO - Setting next_dagrun for example_sla_dag to 2023-02-24T13:40:00+00:00, run_after=2023-02-24T13:42:00+00:00
[2023-02-24T13:43:06.910+0000] {processor.py:175} INFO - Processing /home/airflow/.local/lib/python3.7/site-packages/airflow/example_dags/example_sla_dag.py took 0.068 seconds
[2023-02-24T13:43:37.387+0000] {processor.py:153} INFO - Started process (PID=338) to work on /home/airflow/.local/lib/python3.7/site-packages/airflow/example_dags/example_sla_dag.py
[2023-02-24T13:43:37.388+0000] {processor.py:743} INFO - Processing file /home/airflow/.local/lib/python3.7/site-packages/airflow/example_dags/example_sla_dag.py for tasks to queue
[2023-02-24T13:43:37.389+0000] {logging_mixin.py:137} INFO - [2023-02-24T13:43:37.389+0000] {dagbag.py:538} INFO - Filling up the DagBag from /home/airflow/.local/lib/python3.7/site-packages/airflow/example_dags/example_sla_dag.py
[2023-02-24T13:43:37.403+0000] {processor.py:753} INFO - DAG(s) dict_keys(['example_sla_dag']) retrieved from /home/airflow/.local/lib/python3.7/site-packages/airflow/example_dags/example_sla_dag.py
[2023-02-24T13:43:37.420+0000] {logging_mixin.py:137} INFO - [2023-02-24T13:43:37.420+0000] {dag.py:2690} INFO - Sync 1 DAGs
[2023-02-24T13:43:37.437+0000] {logging_mixin.py:137} INFO - [2023-02-24T13:43:37.437+0000] {dag.py:3441} INFO - Setting next_dagrun for example_sla_dag to 2023-02-24T13:40:00+00:00, run_after=2023-02-24T13:42:00+00:00
[2023-02-24T13:43:37.450+0000] {processor.py:175} INFO - Processing /home/airflow/.local/lib/python3.7/site-packages/airflow/example_dags/example_sla_dag.py took 0.066 seconds
[2023-02-24T13:44:08.091+0000] {processor.py:153} INFO - Started process (PID=415) to work on /home/airflow/.local/lib/python3.7/site-packages/airflow/example_dags/example_sla_dag.py
[2023-02-24T13:44:08.093+0000] {processor.py:743} INFO - Processing file /home/airflow/.local/lib/python3.7/site-packages/airflow/example_dags/example_sla_dag.py for tasks to queue
[2023-02-24T13:44:08.095+0000] {logging_mixin.py:137} INFO - [2023-02-24T13:44:08.095+0000] {dagbag.py:538} INFO - Filling up the DagBag from /home/airflow/.local/lib/python3.7/site-packages/airflow/example_dags/example_sla_dag.py
[2023-02-24T13:44:08.113+0000] {processor.py:753} INFO - DAG(s) dict_keys(['example_sla_dag']) retrieved from /home/airflow/.local/lib/python3.7/site-packages/airflow/example_dags/example_sla_dag.py
[2023-02-24T13:44:08.134+0000] {logging_mixin.py:137} INFO - [2023-02-24T13:44:08.133+0000] {dag.py:2690} INFO - Sync 1 DAGs
[2023-02-24T13:44:08.159+0000] {logging_mixin.py:137} INFO - [2023-02-24T13:44:08.158+0000] {dag.py:3441} INFO - Setting next_dagrun for example_sla_dag to 2023-02-24T13:42:00+00:00, run_after=2023-02-24T13:44:00+00:00
[2023-02-24T13:44:08.177+0000] {processor.py:175} INFO - Processing /home/airflow/.local/lib/python3.7/site-packages/airflow/example_dags/example_sla_dag.py took 0.089 seconds
[2023-02-24T13:44:38.416+0000] {processor.py:153} INFO - Started process (PID=481) to work on /home/airflow/.local/lib/python3.7/site-packages/airflow/example_dags/example_sla_dag.py
[2023-02-24T13:44:38.418+0000] {processor.py:743} INFO - Processing file /home/airflow/.local/lib/python3.7/site-packages/airflow/example_dags/example_sla_dag.py for tasks to queue
[2023-02-24T13:44:38.420+0000] {logging_mixin.py:137} INFO - [2023-02-24T13:44:38.419+0000] {dagbag.py:538} INFO - Filling up the DagBag from /home/airflow/.local/lib/python3.7/site-packages/airflow/example_dags/example_sla_dag.py
[2023-02-24T13:44:38.435+0000] {processor.py:753} INFO - DAG(s) dict_keys(['example_sla_dag']) retrieved from /home/airflow/.local/lib/python3.7/site-packages/airflow/example_dags/example_sla_dag.py
[2023-02-24T13:44:38.457+0000] {logging_mixin.py:137} INFO - [2023-02-24T13:44:38.456+0000] {dag.py:2690} INFO - Sync 1 DAGs
[2023-02-24T13:44:38.479+0000] {logging_mixin.py:137} INFO - [2023-02-24T13:44:38.478+0000] {dag.py:3441} INFO - Setting next_dagrun for example_sla_dag to 2023-02-24T13:42:00+00:00, run_after=2023-02-24T13:44:00+00:00
[2023-02-24T13:44:38.494+0000] {processor.py:175} INFO - Processing /home/airflow/.local/lib/python3.7/site-packages/airflow/example_dags/example_sla_dag.py took 0.081 seconds
[2023-02-24T13:45:08.966+0000] {processor.py:153} INFO - Started process (PID=556) to work on /home/airflow/.local/lib/python3.7/site-packages/airflow/example_dags/example_sla_dag.py
[2023-02-24T13:45:08.968+0000] {processor.py:743} INFO - Processing file /home/airflow/.local/lib/python3.7/site-packages/airflow/example_dags/example_sla_dag.py for tasks to queue
[2023-02-24T13:45:08.971+0000] {logging_mixin.py:137} INFO - [2023-02-24T13:45:08.971+0000] {dagbag.py:538} INFO - Filling up the DagBag from /home/airflow/.local/lib/python3.7/site-packages/airflow/example_dags/example_sla_dag.py
[2023-02-24T13:45:08.989+0000] {processor.py:753} INFO - DAG(s) dict_keys(['example_sla_dag']) retrieved from /home/airflow/.local/lib/python3.7/site-packages/airflow/example_dags/example_sla_dag.py
[2023-02-24T13:45:09.013+0000] {logging_mixin.py:137} INFO - [2023-02-24T13:45:09.013+0000] {dag.py:2690} INFO - Sync 1 DAGs
[2023-02-24T13:45:09.031+0000] {logging_mixin.py:137} INFO - [2023-02-24T13:45:09.030+0000] {dag.py:3441} INFO - Setting next_dagrun for example_sla_dag to 2023-02-24T13:42:00+00:00, run_after=2023-02-24T13:44:00+00:00
[2023-02-24T13:45:09.047+0000] {processor.py:175} INFO - Processing /home/airflow/.local/lib/python3.7/site-packages/airflow/example_dags/example_sla_dag.py took 0.083 seconds
[2023-02-24T13:45:51.930+0000] {processor.py:153} INFO - Started process (PID=42) to work on /home/airflow/.local/lib/python3.7/site-packages/airflow/example_dags/example_sla_dag.py
[2023-02-24T13:45:51.932+0000] {processor.py:743} INFO - Processing file /home/airflow/.local/lib/python3.7/site-packages/airflow/example_dags/example_sla_dag.py for tasks to queue
[2023-02-24T13:45:51.934+0000] {logging_mixin.py:137} INFO - [2023-02-24T13:45:51.933+0000] {dagbag.py:538} INFO - Filling up the DagBag from /home/airflow/.local/lib/python3.7/site-packages/airflow/example_dags/example_sla_dag.py
[2023-02-24T13:45:51.959+0000] {processor.py:753} INFO - DAG(s) dict_keys(['example_sla_dag']) retrieved from /home/airflow/.local/lib/python3.7/site-packages/airflow/example_dags/example_sla_dag.py
[2023-02-24T13:45:51.971+0000] {logging_mixin.py:137} INFO - [2023-02-24T13:45:51.971+0000] {dag.py:2690} INFO - Sync 1 DAGs
[2023-02-24T13:45:51.998+0000] {logging_mixin.py:137} INFO - [2023-02-24T13:45:51.997+0000] {dag.py:3441} INFO - Setting next_dagrun for example_sla_dag to 2023-02-24T13:42:00+00:00, run_after=2023-02-24T13:44:00+00:00
[2023-02-24T13:45:52.027+0000] {processor.py:175} INFO - Processing /home/airflow/.local/lib/python3.7/site-packages/airflow/example_dags/example_sla_dag.py took 0.100 seconds
[2023-02-24T13:46:22.809+0000] {processor.py:153} INFO - Started process (PID=119) to work on /home/airflow/.local/lib/python3.7/site-packages/airflow/example_dags/example_sla_dag.py
[2023-02-24T13:46:22.811+0000] {processor.py:743} INFO - Processing file /home/airflow/.local/lib/python3.7/site-packages/airflow/example_dags/example_sla_dag.py for tasks to queue
[2023-02-24T13:46:22.812+0000] {logging_mixin.py:137} INFO - [2023-02-24T13:46:22.812+0000] {dagbag.py:538} INFO - Filling up the DagBag from /home/airflow/.local/lib/python3.7/site-packages/airflow/example_dags/example_sla_dag.py
[2023-02-24T13:46:22.831+0000] {processor.py:753} INFO - DAG(s) dict_keys(['example_sla_dag']) retrieved from /home/airflow/.local/lib/python3.7/site-packages/airflow/example_dags/example_sla_dag.py
[2023-02-24T13:46:22.848+0000] {logging_mixin.py:137} INFO - [2023-02-24T13:46:22.848+0000] {dag.py:2690} INFO - Sync 1 DAGs
[2023-02-24T13:46:22.864+0000] {logging_mixin.py:137} INFO - [2023-02-24T13:46:22.864+0000] {dag.py:3441} INFO - Setting next_dagrun for example_sla_dag to 2023-02-24T13:44:00+00:00, run_after=2023-02-24T13:46:00+00:00
[2023-02-24T13:46:22.875+0000] {processor.py:175} INFO - Processing /home/airflow/.local/lib/python3.7/site-packages/airflow/example_dags/example_sla_dag.py took 0.067 seconds
[2023-02-24T13:46:53.124+0000] {processor.py:153} INFO - Started process (PID=184) to work on /home/airflow/.local/lib/python3.7/site-packages/airflow/example_dags/example_sla_dag.py
[2023-02-24T13:46:53.126+0000] {processor.py:743} INFO - Processing file /home/airflow/.local/lib/python3.7/site-packages/airflow/example_dags/example_sla_dag.py for tasks to queue
[2023-02-24T13:46:53.127+0000] {logging_mixin.py:137} INFO - [2023-02-24T13:46:53.127+0000] {dagbag.py:538} INFO - Filling up the DagBag from /home/airflow/.local/lib/python3.7/site-packages/airflow/example_dags/example_sla_dag.py
[2023-02-24T13:46:53.141+0000] {processor.py:753} INFO - DAG(s) dict_keys(['example_sla_dag']) retrieved from /home/airflow/.local/lib/python3.7/site-packages/airflow/example_dags/example_sla_dag.py
[2023-02-24T13:46:53.160+0000] {logging_mixin.py:137} INFO - [2023-02-24T13:46:53.160+0000] {dag.py:2690} INFO - Sync 1 DAGs
[2023-02-24T13:46:53.179+0000] {logging_mixin.py:137} INFO - [2023-02-24T13:46:53.179+0000] {dag.py:3441} INFO - Setting next_dagrun for example_sla_dag to 2023-02-24T13:44:00+00:00, run_after=2023-02-24T13:46:00+00:00
[2023-02-24T13:46:53.191+0000] {processor.py:175} INFO - Processing /home/airflow/.local/lib/python3.7/site-packages/airflow/example_dags/example_sla_dag.py took 0.069 seconds
[2023-02-24T13:47:23.313+0000] {processor.py:153} INFO - Started process (PID=261) to work on /home/airflow/.local/lib/python3.7/site-packages/airflow/example_dags/example_sla_dag.py
[2023-02-24T13:47:23.315+0000] {processor.py:743} INFO - Processing file /home/airflow/.local/lib/python3.7/site-packages/airflow/example_dags/example_sla_dag.py for tasks to queue
[2023-02-24T13:47:23.316+0000] {logging_mixin.py:137} INFO - [2023-02-24T13:47:23.316+0000] {dagbag.py:538} INFO - Filling up the DagBag from /home/airflow/.local/lib/python3.7/site-packages/airflow/example_dags/example_sla_dag.py
[2023-02-24T13:47:23.332+0000] {processor.py:753} INFO - DAG(s) dict_keys(['example_sla_dag']) retrieved from /home/airflow/.local/lib/python3.7/site-packages/airflow/example_dags/example_sla_dag.py
[2023-02-24T13:47:23.348+0000] {logging_mixin.py:137} INFO - [2023-02-24T13:47:23.348+0000] {dag.py:2690} INFO - Sync 1 DAGs
[2023-02-24T13:47:23.364+0000] {logging_mixin.py:137} INFO - [2023-02-24T13:47:23.364+0000] {dag.py:3441} INFO - Setting next_dagrun for example_sla_dag to 2023-02-24T13:44:00+00:00, run_after=2023-02-24T13:46:00+00:00
[2023-02-24T13:47:23.376+0000] {processor.py:175} INFO - Processing /home/airflow/.local/lib/python3.7/site-packages/airflow/example_dags/example_sla_dag.py took 0.065 seconds
[2023-02-24T13:48:13.344+0000] {processor.py:153} INFO - Started process (PID=42) to work on /home/airflow/.local/lib/python3.7/site-packages/airflow/example_dags/example_sla_dag.py
[2023-02-24T13:48:13.347+0000] {processor.py:743} INFO - Processing file /home/airflow/.local/lib/python3.7/site-packages/airflow/example_dags/example_sla_dag.py for tasks to queue
[2023-02-24T13:48:13.348+0000] {logging_mixin.py:137} INFO - [2023-02-24T13:48:13.348+0000] {dagbag.py:538} INFO - Filling up the DagBag from /home/airflow/.local/lib/python3.7/site-packages/airflow/example_dags/example_sla_dag.py
[2023-02-24T13:48:13.395+0000] {processor.py:753} INFO - DAG(s) dict_keys(['example_sla_dag']) retrieved from /home/airflow/.local/lib/python3.7/site-packages/airflow/example_dags/example_sla_dag.py
[2023-02-24T13:48:13.416+0000] {logging_mixin.py:137} INFO - [2023-02-24T13:48:13.416+0000] {dag.py:2690} INFO - Sync 1 DAGs
[2023-02-24T13:48:13.456+0000] {logging_mixin.py:137} INFO - [2023-02-24T13:48:13.456+0000] {dag.py:3441} INFO - Setting next_dagrun for example_sla_dag to 2023-02-24T13:46:00+00:00, run_after=2023-02-24T13:48:00+00:00
[2023-02-24T13:48:13.475+0000] {processor.py:175} INFO - Processing /home/airflow/.local/lib/python3.7/site-packages/airflow/example_dags/example_sla_dag.py took 0.134 seconds
[2023-02-24T13:48:44.142+0000] {processor.py:153} INFO - Started process (PID=120) to work on /home/airflow/.local/lib/python3.7/site-packages/airflow/example_dags/example_sla_dag.py
[2023-02-24T13:48:44.145+0000] {processor.py:743} INFO - Processing file /home/airflow/.local/lib/python3.7/site-packages/airflow/example_dags/example_sla_dag.py for tasks to queue
[2023-02-24T13:48:44.146+0000] {logging_mixin.py:137} INFO - [2023-02-24T13:48:44.146+0000] {dagbag.py:538} INFO - Filling up the DagBag from /home/airflow/.local/lib/python3.7/site-packages/airflow/example_dags/example_sla_dag.py
[2023-02-24T13:48:44.164+0000] {processor.py:753} INFO - DAG(s) dict_keys(['example_sla_dag']) retrieved from /home/airflow/.local/lib/python3.7/site-packages/airflow/example_dags/example_sla_dag.py
[2023-02-24T13:48:44.181+0000] {logging_mixin.py:137} INFO - [2023-02-24T13:48:44.181+0000] {dag.py:2690} INFO - Sync 1 DAGs
[2023-02-24T13:48:44.198+0000] {logging_mixin.py:137} INFO - [2023-02-24T13:48:44.198+0000] {dag.py:3441} INFO - Setting next_dagrun for example_sla_dag to 2023-02-24T13:46:00+00:00, run_after=2023-02-24T13:48:00+00:00
[2023-02-24T13:48:44.210+0000] {processor.py:175} INFO - Processing /home/airflow/.local/lib/python3.7/site-packages/airflow/example_dags/example_sla_dag.py took 0.069 seconds
[2023-02-24T13:49:14.444+0000] {processor.py:153} INFO - Started process (PID=186) to work on /home/airflow/.local/lib/python3.7/site-packages/airflow/example_dags/example_sla_dag.py
[2023-02-24T13:49:14.446+0000] {processor.py:743} INFO - Processing file /home/airflow/.local/lib/python3.7/site-packages/airflow/example_dags/example_sla_dag.py for tasks to queue
[2023-02-24T13:49:14.447+0000] {logging_mixin.py:137} INFO - [2023-02-24T13:49:14.447+0000] {dagbag.py:538} INFO - Filling up the DagBag from /home/airflow/.local/lib/python3.7/site-packages/airflow/example_dags/example_sla_dag.py
[2023-02-24T13:49:14.463+0000] {processor.py:753} INFO - DAG(s) dict_keys(['example_sla_dag']) retrieved from /home/airflow/.local/lib/python3.7/site-packages/airflow/example_dags/example_sla_dag.py
[2023-02-24T13:49:14.480+0000] {logging_mixin.py:137} INFO - [2023-02-24T13:49:14.480+0000] {dag.py:2690} INFO - Sync 1 DAGs
[2023-02-24T13:49:14.497+0000] {logging_mixin.py:137} INFO - [2023-02-24T13:49:14.496+0000] {dag.py:3441} INFO - Setting next_dagrun for example_sla_dag to 2023-02-24T13:46:00+00:00, run_after=2023-02-24T13:48:00+00:00
[2023-02-24T13:49:14.508+0000] {processor.py:175} INFO - Processing /home/airflow/.local/lib/python3.7/site-packages/airflow/example_dags/example_sla_dag.py took 0.066 seconds
[2023-02-24T13:49:44.964+0000] {processor.py:153} INFO - Started process (PID=263) to work on /home/airflow/.local/lib/python3.7/site-packages/airflow/example_dags/example_sla_dag.py
[2023-02-24T13:49:44.966+0000] {processor.py:743} INFO - Processing file /home/airflow/.local/lib/python3.7/site-packages/airflow/example_dags/example_sla_dag.py for tasks to queue
[2023-02-24T13:49:44.967+0000] {logging_mixin.py:137} INFO - [2023-02-24T13:49:44.967+0000] {dagbag.py:538} INFO - Filling up the DagBag from /home/airflow/.local/lib/python3.7/site-packages/airflow/example_dags/example_sla_dag.py
[2023-02-24T13:49:44.982+0000] {processor.py:753} INFO - DAG(s) dict_keys(['example_sla_dag']) retrieved from /home/airflow/.local/lib/python3.7/site-packages/airflow/example_dags/example_sla_dag.py
[2023-02-24T13:49:45.001+0000] {logging_mixin.py:137} INFO - [2023-02-24T13:49:45.001+0000] {dag.py:2690} INFO - Sync 1 DAGs
[2023-02-24T13:49:45.019+0000] {logging_mixin.py:137} INFO - [2023-02-24T13:49:45.019+0000] {dag.py:3441} INFO - Setting next_dagrun for example_sla_dag to 2023-02-24T13:46:00+00:00, run_after=2023-02-24T13:48:00+00:00
[2023-02-24T13:49:45.032+0000] {processor.py:175} INFO - Processing /home/airflow/.local/lib/python3.7/site-packages/airflow/example_dags/example_sla_dag.py took 0.070 seconds
[2023-02-24T13:50:16.148+0000] {processor.py:153} INFO - Started process (PID=340) to work on /home/airflow/.local/lib/python3.7/site-packages/airflow/example_dags/example_sla_dag.py
[2023-02-24T13:50:16.156+0000] {processor.py:743} INFO - Processing file /home/airflow/.local/lib/python3.7/site-packages/airflow/example_dags/example_sla_dag.py for tasks to queue
[2023-02-24T13:50:16.159+0000] {logging_mixin.py:137} INFO - [2023-02-24T13:50:16.159+0000] {dagbag.py:538} INFO - Filling up the DagBag from /home/airflow/.local/lib/python3.7/site-packages/airflow/example_dags/example_sla_dag.py
[2023-02-24T13:50:16.178+0000] {processor.py:753} INFO - DAG(s) dict_keys(['example_sla_dag']) retrieved from /home/airflow/.local/lib/python3.7/site-packages/airflow/example_dags/example_sla_dag.py
[2023-02-24T13:50:16.227+0000] {logging_mixin.py:137} INFO - [2023-02-24T13:50:16.227+0000] {dag.py:2690} INFO - Sync 1 DAGs
[2023-02-24T13:50:16.296+0000] {logging_mixin.py:137} INFO - [2023-02-24T13:50:16.296+0000] {dag.py:3441} INFO - Setting next_dagrun for example_sla_dag to 2023-02-24T13:48:00+00:00, run_after=2023-02-24T13:50:00+00:00
[2023-02-24T13:50:16.330+0000] {processor.py:175} INFO - Processing /home/airflow/.local/lib/python3.7/site-packages/airflow/example_dags/example_sla_dag.py took 0.186 seconds
[2023-02-24T13:50:46.472+0000] {processor.py:153} INFO - Started process (PID=406) to work on /home/airflow/.local/lib/python3.7/site-packages/airflow/example_dags/example_sla_dag.py
[2023-02-24T13:50:46.475+0000] {processor.py:743} INFO - Processing file /home/airflow/.local/lib/python3.7/site-packages/airflow/example_dags/example_sla_dag.py for tasks to queue
[2023-02-24T13:50:46.477+0000] {logging_mixin.py:137} INFO - [2023-02-24T13:50:46.477+0000] {dagbag.py:538} INFO - Filling up the DagBag from /home/airflow/.local/lib/python3.7/site-packages/airflow/example_dags/example_sla_dag.py
[2023-02-24T13:50:46.497+0000] {processor.py:753} INFO - DAG(s) dict_keys(['example_sla_dag']) retrieved from /home/airflow/.local/lib/python3.7/site-packages/airflow/example_dags/example_sla_dag.py
[2023-02-24T13:50:46.520+0000] {logging_mixin.py:137} INFO - [2023-02-24T13:50:46.520+0000] {dag.py:2690} INFO - Sync 1 DAGs
[2023-02-24T13:50:46.559+0000] {logging_mixin.py:137} INFO - [2023-02-24T13:50:46.559+0000] {dag.py:3441} INFO - Setting next_dagrun for example_sla_dag to 2023-02-24T13:48:00+00:00, run_after=2023-02-24T13:50:00+00:00
[2023-02-24T13:50:46.572+0000] {processor.py:175} INFO - Processing /home/airflow/.local/lib/python3.7/site-packages/airflow/example_dags/example_sla_dag.py took 0.105 seconds
[2023-02-24T13:51:17.060+0000] {processor.py:153} INFO - Started process (PID=480) to work on /home/airflow/.local/lib/python3.7/site-packages/airflow/example_dags/example_sla_dag.py
[2023-02-24T13:51:17.061+0000] {processor.py:743} INFO - Processing file /home/airflow/.local/lib/python3.7/site-packages/airflow/example_dags/example_sla_dag.py for tasks to queue
[2023-02-24T13:51:17.062+0000] {logging_mixin.py:137} INFO - [2023-02-24T13:51:17.062+0000] {dagbag.py:538} INFO - Filling up the DagBag from /home/airflow/.local/lib/python3.7/site-packages/airflow/example_dags/example_sla_dag.py
[2023-02-24T13:51:17.079+0000] {processor.py:753} INFO - DAG(s) dict_keys(['example_sla_dag']) retrieved from /home/airflow/.local/lib/python3.7/site-packages/airflow/example_dags/example_sla_dag.py
[2023-02-24T13:51:17.102+0000] {logging_mixin.py:137} INFO - [2023-02-24T13:51:17.101+0000] {dag.py:2690} INFO - Sync 1 DAGs
[2023-02-24T13:51:17.122+0000] {logging_mixin.py:137} INFO - [2023-02-24T13:51:17.122+0000] {dag.py:3441} INFO - Setting next_dagrun for example_sla_dag to 2023-02-24T13:48:00+00:00, run_after=2023-02-24T13:50:00+00:00
[2023-02-24T13:51:17.135+0000] {processor.py:175} INFO - Processing /home/airflow/.local/lib/python3.7/site-packages/airflow/example_dags/example_sla_dag.py took 0.077 seconds
[2023-02-24T13:51:47.334+0000] {processor.py:153} INFO - Started process (PID=557) to work on /home/airflow/.local/lib/python3.7/site-packages/airflow/example_dags/example_sla_dag.py
[2023-02-24T13:51:47.336+0000] {processor.py:743} INFO - Processing file /home/airflow/.local/lib/python3.7/site-packages/airflow/example_dags/example_sla_dag.py for tasks to queue
[2023-02-24T13:51:47.337+0000] {logging_mixin.py:137} INFO - [2023-02-24T13:51:47.337+0000] {dagbag.py:538} INFO - Filling up the DagBag from /home/airflow/.local/lib/python3.7/site-packages/airflow/example_dags/example_sla_dag.py
[2023-02-24T13:51:47.356+0000] {processor.py:753} INFO - DAG(s) dict_keys(['example_sla_dag']) retrieved from /home/airflow/.local/lib/python3.7/site-packages/airflow/example_dags/example_sla_dag.py
[2023-02-24T13:51:47.374+0000] {logging_mixin.py:137} INFO - [2023-02-24T13:51:47.374+0000] {dag.py:2690} INFO - Sync 1 DAGs
[2023-02-24T13:51:47.391+0000] {logging_mixin.py:137} INFO - [2023-02-24T13:51:47.391+0000] {dag.py:3441} INFO - Setting next_dagrun for example_sla_dag to 2023-02-24T13:48:00+00:00, run_after=2023-02-24T13:50:00+00:00
[2023-02-24T13:51:47.403+0000] {processor.py:175} INFO - Processing /home/airflow/.local/lib/python3.7/site-packages/airflow/example_dags/example_sla_dag.py took 0.071 seconds
[2023-02-24T13:52:18.585+0000] {processor.py:153} INFO - Started process (PID=633) to work on /home/airflow/.local/lib/python3.7/site-packages/airflow/example_dags/example_sla_dag.py
[2023-02-24T13:52:18.587+0000] {processor.py:743} INFO - Processing file /home/airflow/.local/lib/python3.7/site-packages/airflow/example_dags/example_sla_dag.py for tasks to queue
[2023-02-24T13:52:18.589+0000] {logging_mixin.py:137} INFO - [2023-02-24T13:52:18.588+0000] {dagbag.py:538} INFO - Filling up the DagBag from /home/airflow/.local/lib/python3.7/site-packages/airflow/example_dags/example_sla_dag.py
[2023-02-24T13:52:18.619+0000] {processor.py:753} INFO - DAG(s) dict_keys(['example_sla_dag']) retrieved from /home/airflow/.local/lib/python3.7/site-packages/airflow/example_dags/example_sla_dag.py
[2023-02-24T13:52:18.644+0000] {logging_mixin.py:137} INFO - [2023-02-24T13:52:18.643+0000] {dag.py:2690} INFO - Sync 1 DAGs
[2023-02-24T13:52:18.669+0000] {logging_mixin.py:137} INFO - [2023-02-24T13:52:18.669+0000] {dag.py:3441} INFO - Setting next_dagrun for example_sla_dag to 2023-02-24T13:50:00+00:00, run_after=2023-02-24T13:52:00+00:00
[2023-02-24T13:52:18.688+0000] {processor.py:175} INFO - Processing /home/airflow/.local/lib/python3.7/site-packages/airflow/example_dags/example_sla_dag.py took 0.107 seconds
[2023-02-24T13:52:48.750+0000] {processor.py:153} INFO - Started process (PID=698) to work on /home/airflow/.local/lib/python3.7/site-packages/airflow/example_dags/example_sla_dag.py
[2023-02-24T13:52:48.752+0000] {processor.py:743} INFO - Processing file /home/airflow/.local/lib/python3.7/site-packages/airflow/example_dags/example_sla_dag.py for tasks to queue
[2023-02-24T13:52:48.753+0000] {logging_mixin.py:137} INFO - [2023-02-24T13:52:48.753+0000] {dagbag.py:538} INFO - Filling up the DagBag from /home/airflow/.local/lib/python3.7/site-packages/airflow/example_dags/example_sla_dag.py
[2023-02-24T13:52:48.768+0000] {processor.py:753} INFO - DAG(s) dict_keys(['example_sla_dag']) retrieved from /home/airflow/.local/lib/python3.7/site-packages/airflow/example_dags/example_sla_dag.py
[2023-02-24T13:52:48.786+0000] {logging_mixin.py:137} INFO - [2023-02-24T13:52:48.786+0000] {dag.py:2690} INFO - Sync 1 DAGs
[2023-02-24T13:52:48.802+0000] {logging_mixin.py:137} INFO - [2023-02-24T13:52:48.802+0000] {dag.py:3441} INFO - Setting next_dagrun for example_sla_dag to 2023-02-24T13:50:00+00:00, run_after=2023-02-24T13:52:00+00:00
[2023-02-24T13:52:48.815+0000] {processor.py:175} INFO - Processing /home/airflow/.local/lib/python3.7/site-packages/airflow/example_dags/example_sla_dag.py took 0.067 seconds
[2023-02-24T13:53:19.065+0000] {processor.py:153} INFO - Started process (PID=774) to work on /home/airflow/.local/lib/python3.7/site-packages/airflow/example_dags/example_sla_dag.py
[2023-02-24T13:53:19.067+0000] {processor.py:743} INFO - Processing file /home/airflow/.local/lib/python3.7/site-packages/airflow/example_dags/example_sla_dag.py for tasks to queue
[2023-02-24T13:53:19.068+0000] {logging_mixin.py:137} INFO - [2023-02-24T13:53:19.068+0000] {dagbag.py:538} INFO - Filling up the DagBag from /home/airflow/.local/lib/python3.7/site-packages/airflow/example_dags/example_sla_dag.py
[2023-02-24T13:53:19.084+0000] {processor.py:753} INFO - DAG(s) dict_keys(['example_sla_dag']) retrieved from /home/airflow/.local/lib/python3.7/site-packages/airflow/example_dags/example_sla_dag.py
[2023-02-24T13:53:19.108+0000] {logging_mixin.py:137} INFO - [2023-02-24T13:53:19.108+0000] {dag.py:2690} INFO - Sync 1 DAGs
[2023-02-24T13:53:19.126+0000] {logging_mixin.py:137} INFO - [2023-02-24T13:53:19.125+0000] {dag.py:3441} INFO - Setting next_dagrun for example_sla_dag to 2023-02-24T13:50:00+00:00, run_after=2023-02-24T13:52:00+00:00
[2023-02-24T13:53:19.140+0000] {processor.py:175} INFO - Processing /home/airflow/.local/lib/python3.7/site-packages/airflow/example_dags/example_sla_dag.py took 0.077 seconds
[2023-02-24T13:53:49.505+0000] {processor.py:153} INFO - Started process (PID=850) to work on /home/airflow/.local/lib/python3.7/site-packages/airflow/example_dags/example_sla_dag.py
[2023-02-24T13:53:49.507+0000] {processor.py:743} INFO - Processing file /home/airflow/.local/lib/python3.7/site-packages/airflow/example_dags/example_sla_dag.py for tasks to queue
[2023-02-24T13:53:49.509+0000] {logging_mixin.py:137} INFO - [2023-02-24T13:53:49.508+0000] {dagbag.py:538} INFO - Filling up the DagBag from /home/airflow/.local/lib/python3.7/site-packages/airflow/example_dags/example_sla_dag.py
[2023-02-24T13:53:49.533+0000] {processor.py:753} INFO - DAG(s) dict_keys(['example_sla_dag']) retrieved from /home/airflow/.local/lib/python3.7/site-packages/airflow/example_dags/example_sla_dag.py
[2023-02-24T13:53:49.564+0000] {logging_mixin.py:137} INFO - [2023-02-24T13:53:49.564+0000] {dag.py:2690} INFO - Sync 1 DAGs
[2023-02-24T13:53:49.585+0000] {logging_mixin.py:137} INFO - [2023-02-24T13:53:49.585+0000] {dag.py:3441} INFO - Setting next_dagrun for example_sla_dag to 2023-02-24T13:50:00+00:00, run_after=2023-02-24T13:52:00+00:00
[2023-02-24T13:53:49.600+0000] {processor.py:175} INFO - Processing /home/airflow/.local/lib/python3.7/site-packages/airflow/example_dags/example_sla_dag.py took 0.101 seconds
[2023-02-24T13:54:19.734+0000] {processor.py:153} INFO - Started process (PID=915) to work on /home/airflow/.local/lib/python3.7/site-packages/airflow/example_dags/example_sla_dag.py
[2023-02-24T13:54:19.735+0000] {processor.py:743} INFO - Processing file /home/airflow/.local/lib/python3.7/site-packages/airflow/example_dags/example_sla_dag.py for tasks to queue
[2023-02-24T13:54:19.737+0000] {logging_mixin.py:137} INFO - [2023-02-24T13:54:19.737+0000] {dagbag.py:538} INFO - Filling up the DagBag from /home/airflow/.local/lib/python3.7/site-packages/airflow/example_dags/example_sla_dag.py
[2023-02-24T13:54:19.754+0000] {processor.py:753} INFO - DAG(s) dict_keys(['example_sla_dag']) retrieved from /home/airflow/.local/lib/python3.7/site-packages/airflow/example_dags/example_sla_dag.py
[2023-02-24T13:54:19.772+0000] {logging_mixin.py:137} INFO - [2023-02-24T13:54:19.772+0000] {dag.py:2690} INFO - Sync 1 DAGs
[2023-02-24T13:54:19.792+0000] {logging_mixin.py:137} INFO - [2023-02-24T13:54:19.792+0000] {dag.py:3441} INFO - Setting next_dagrun for example_sla_dag to 2023-02-24T13:52:00+00:00, run_after=2023-02-24T13:54:00+00:00
[2023-02-24T13:54:19.804+0000] {processor.py:175} INFO - Processing /home/airflow/.local/lib/python3.7/site-packages/airflow/example_dags/example_sla_dag.py took 0.073 seconds
[2023-02-24T13:54:50.036+0000] {processor.py:153} INFO - Started process (PID=994) to work on /home/airflow/.local/lib/python3.7/site-packages/airflow/example_dags/example_sla_dag.py
[2023-02-24T13:54:50.038+0000] {processor.py:743} INFO - Processing file /home/airflow/.local/lib/python3.7/site-packages/airflow/example_dags/example_sla_dag.py for tasks to queue
[2023-02-24T13:54:50.040+0000] {logging_mixin.py:137} INFO - [2023-02-24T13:54:50.040+0000] {dagbag.py:538} INFO - Filling up the DagBag from /home/airflow/.local/lib/python3.7/site-packages/airflow/example_dags/example_sla_dag.py
[2023-02-24T13:54:50.056+0000] {processor.py:753} INFO - DAG(s) dict_keys(['example_sla_dag']) retrieved from /home/airflow/.local/lib/python3.7/site-packages/airflow/example_dags/example_sla_dag.py
[2023-02-24T13:54:50.072+0000] {logging_mixin.py:137} INFO - [2023-02-24T13:54:50.072+0000] {dag.py:2690} INFO - Sync 1 DAGs
[2023-02-24T13:54:50.089+0000] {logging_mixin.py:137} INFO - [2023-02-24T13:54:50.088+0000] {dag.py:3441} INFO - Setting next_dagrun for example_sla_dag to 2023-02-24T13:52:00+00:00, run_after=2023-02-24T13:54:00+00:00
[2023-02-24T13:54:50.099+0000] {processor.py:175} INFO - Processing /home/airflow/.local/lib/python3.7/site-packages/airflow/example_dags/example_sla_dag.py took 0.066 seconds
[2023-02-24T13:55:23.329+0000] {processor.py:153} INFO - Started process (PID=42) to work on /home/airflow/.local/lib/python3.7/site-packages/airflow/example_dags/example_sla_dag.py
[2023-02-24T13:55:23.337+0000] {processor.py:743} INFO - Processing file /home/airflow/.local/lib/python3.7/site-packages/airflow/example_dags/example_sla_dag.py for tasks to queue
[2023-02-24T13:55:23.338+0000] {logging_mixin.py:137} INFO - [2023-02-24T13:55:23.338+0000] {dagbag.py:538} INFO - Filling up the DagBag from /home/airflow/.local/lib/python3.7/site-packages/airflow/example_dags/example_sla_dag.py
[2023-02-24T13:55:23.379+0000] {processor.py:753} INFO - DAG(s) dict_keys(['example_sla_dag']) retrieved from /home/airflow/.local/lib/python3.7/site-packages/airflow/example_dags/example_sla_dag.py
[2023-02-24T13:55:23.393+0000] {logging_mixin.py:137} INFO - [2023-02-24T13:55:23.393+0000] {dag.py:2690} INFO - Sync 1 DAGs
[2023-02-24T13:55:23.418+0000] {logging_mixin.py:137} INFO - [2023-02-24T13:55:23.418+0000] {dag.py:3441} INFO - Setting next_dagrun for example_sla_dag to 2023-02-24T13:52:00+00:00, run_after=2023-02-24T13:54:00+00:00
[2023-02-24T13:55:23.434+0000] {processor.py:175} INFO - Processing /home/airflow/.local/lib/python3.7/site-packages/airflow/example_dags/example_sla_dag.py took 0.109 seconds
[2023-02-24T13:55:54.119+0000] {processor.py:153} INFO - Started process (PID=120) to work on /home/airflow/.local/lib/python3.7/site-packages/airflow/example_dags/example_sla_dag.py
[2023-02-24T13:55:54.120+0000] {processor.py:743} INFO - Processing file /home/airflow/.local/lib/python3.7/site-packages/airflow/example_dags/example_sla_dag.py for tasks to queue
[2023-02-24T13:55:54.121+0000] {logging_mixin.py:137} INFO - [2023-02-24T13:55:54.121+0000] {dagbag.py:538} INFO - Filling up the DagBag from /home/airflow/.local/lib/python3.7/site-packages/airflow/example_dags/example_sla_dag.py
[2023-02-24T13:55:54.137+0000] {processor.py:753} INFO - DAG(s) dict_keys(['example_sla_dag']) retrieved from /home/airflow/.local/lib/python3.7/site-packages/airflow/example_dags/example_sla_dag.py
[2023-02-24T13:55:54.154+0000] {logging_mixin.py:137} INFO - [2023-02-24T13:55:54.154+0000] {dag.py:2690} INFO - Sync 1 DAGs
[2023-02-24T13:55:54.171+0000] {logging_mixin.py:137} INFO - [2023-02-24T13:55:54.171+0000] {dag.py:3441} INFO - Setting next_dagrun for example_sla_dag to 2023-02-24T13:52:00+00:00, run_after=2023-02-24T13:54:00+00:00
[2023-02-24T13:55:54.182+0000] {processor.py:175} INFO - Processing /home/airflow/.local/lib/python3.7/site-packages/airflow/example_dags/example_sla_dag.py took 0.065 seconds
[2023-02-24T13:56:24.442+0000] {processor.py:153} INFO - Started process (PID=184) to work on /home/airflow/.local/lib/python3.7/site-packages/airflow/example_dags/example_sla_dag.py
[2023-02-24T13:56:24.444+0000] {processor.py:743} INFO - Processing file /home/airflow/.local/lib/python3.7/site-packages/airflow/example_dags/example_sla_dag.py for tasks to queue
[2023-02-24T13:56:24.445+0000] {logging_mixin.py:137} INFO - [2023-02-24T13:56:24.445+0000] {dagbag.py:538} INFO - Filling up the DagBag from /home/airflow/.local/lib/python3.7/site-packages/airflow/example_dags/example_sla_dag.py
[2023-02-24T13:56:24.459+0000] {processor.py:753} INFO - DAG(s) dict_keys(['example_sla_dag']) retrieved from /home/airflow/.local/lib/python3.7/site-packages/airflow/example_dags/example_sla_dag.py
[2023-02-24T13:56:24.477+0000] {logging_mixin.py:137} INFO - [2023-02-24T13:56:24.477+0000] {dag.py:2690} INFO - Sync 1 DAGs
[2023-02-24T13:56:24.494+0000] {logging_mixin.py:137} INFO - [2023-02-24T13:56:24.494+0000] {dag.py:3441} INFO - Setting next_dagrun for example_sla_dag to 2023-02-24T13:54:00+00:00, run_after=2023-02-24T13:56:00+00:00
[2023-02-24T13:56:24.507+0000] {processor.py:175} INFO - Processing /home/airflow/.local/lib/python3.7/site-packages/airflow/example_dags/example_sla_dag.py took 0.068 seconds
[2023-02-24T13:56:54.649+0000] {processor.py:153} INFO - Started process (PID=261) to work on /home/airflow/.local/lib/python3.7/site-packages/airflow/example_dags/example_sla_dag.py
[2023-02-24T13:56:54.650+0000] {processor.py:743} INFO - Processing file /home/airflow/.local/lib/python3.7/site-packages/airflow/example_dags/example_sla_dag.py for tasks to queue
[2023-02-24T13:56:54.652+0000] {logging_mixin.py:137} INFO - [2023-02-24T13:56:54.652+0000] {dagbag.py:538} INFO - Filling up the DagBag from /home/airflow/.local/lib/python3.7/site-packages/airflow/example_dags/example_sla_dag.py
[2023-02-24T13:56:54.668+0000] {processor.py:753} INFO - DAG(s) dict_keys(['example_sla_dag']) retrieved from /home/airflow/.local/lib/python3.7/site-packages/airflow/example_dags/example_sla_dag.py
[2023-02-24T13:56:54.685+0000] {logging_mixin.py:137} INFO - [2023-02-24T13:56:54.685+0000] {dag.py:2690} INFO - Sync 1 DAGs
[2023-02-24T13:56:54.702+0000] {logging_mixin.py:137} INFO - [2023-02-24T13:56:54.702+0000] {dag.py:3441} INFO - Setting next_dagrun for example_sla_dag to 2023-02-24T13:54:00+00:00, run_after=2023-02-24T13:56:00+00:00
[2023-02-24T13:56:54.715+0000] {processor.py:175} INFO - Processing /home/airflow/.local/lib/python3.7/site-packages/airflow/example_dags/example_sla_dag.py took 0.068 seconds
[2023-02-24T13:57:24.841+0000] {processor.py:153} INFO - Started process (PID=337) to work on /home/airflow/.local/lib/python3.7/site-packages/airflow/example_dags/example_sla_dag.py
[2023-02-24T13:57:24.842+0000] {processor.py:743} INFO - Processing file /home/airflow/.local/lib/python3.7/site-packages/airflow/example_dags/example_sla_dag.py for tasks to queue
[2023-02-24T13:57:24.843+0000] {logging_mixin.py:137} INFO - [2023-02-24T13:57:24.843+0000] {dagbag.py:538} INFO - Filling up the DagBag from /home/airflow/.local/lib/python3.7/site-packages/airflow/example_dags/example_sla_dag.py
[2023-02-24T13:57:24.859+0000] {processor.py:753} INFO - DAG(s) dict_keys(['example_sla_dag']) retrieved from /home/airflow/.local/lib/python3.7/site-packages/airflow/example_dags/example_sla_dag.py
[2023-02-24T13:57:24.875+0000] {logging_mixin.py:137} INFO - [2023-02-24T13:57:24.875+0000] {dag.py:2690} INFO - Sync 1 DAGs
[2023-02-24T13:57:24.892+0000] {logging_mixin.py:137} INFO - [2023-02-24T13:57:24.892+0000] {dag.py:3441} INFO - Setting next_dagrun for example_sla_dag to 2023-02-24T13:54:00+00:00, run_after=2023-02-24T13:56:00+00:00
[2023-02-24T13:57:24.905+0000] {processor.py:175} INFO - Processing /home/airflow/.local/lib/python3.7/site-packages/airflow/example_dags/example_sla_dag.py took 0.067 seconds
[2023-02-24T13:57:55.121+0000] {processor.py:153} INFO - Started process (PID=401) to work on /home/airflow/.local/lib/python3.7/site-packages/airflow/example_dags/example_sla_dag.py
[2023-02-24T13:57:55.123+0000] {processor.py:743} INFO - Processing file /home/airflow/.local/lib/python3.7/site-packages/airflow/example_dags/example_sla_dag.py for tasks to queue
[2023-02-24T13:57:55.125+0000] {logging_mixin.py:137} INFO - [2023-02-24T13:57:55.125+0000] {dagbag.py:538} INFO - Filling up the DagBag from /home/airflow/.local/lib/python3.7/site-packages/airflow/example_dags/example_sla_dag.py
[2023-02-24T13:57:55.145+0000] {processor.py:753} INFO - DAG(s) dict_keys(['example_sla_dag']) retrieved from /home/airflow/.local/lib/python3.7/site-packages/airflow/example_dags/example_sla_dag.py
[2023-02-24T13:57:55.172+0000] {logging_mixin.py:137} INFO - [2023-02-24T13:57:55.172+0000] {dag.py:2690} INFO - Sync 1 DAGs
[2023-02-24T13:57:55.195+0000] {logging_mixin.py:137} INFO - [2023-02-24T13:57:55.195+0000] {dag.py:3441} INFO - Setting next_dagrun for example_sla_dag to 2023-02-24T13:54:00+00:00, run_after=2023-02-24T13:56:00+00:00
[2023-02-24T13:57:55.206+0000] {processor.py:175} INFO - Processing /home/airflow/.local/lib/python3.7/site-packages/airflow/example_dags/example_sla_dag.py took 0.091 seconds
[2023-02-24T13:58:25.277+0000] {processor.py:153} INFO - Started process (PID=477) to work on /home/airflow/.local/lib/python3.7/site-packages/airflow/example_dags/example_sla_dag.py
[2023-02-24T13:58:25.278+0000] {processor.py:743} INFO - Processing file /home/airflow/.local/lib/python3.7/site-packages/airflow/example_dags/example_sla_dag.py for tasks to queue
[2023-02-24T13:58:25.279+0000] {logging_mixin.py:137} INFO - [2023-02-24T13:58:25.279+0000] {dagbag.py:538} INFO - Filling up the DagBag from /home/airflow/.local/lib/python3.7/site-packages/airflow/example_dags/example_sla_dag.py
[2023-02-24T13:58:25.294+0000] {processor.py:753} INFO - DAG(s) dict_keys(['example_sla_dag']) retrieved from /home/airflow/.local/lib/python3.7/site-packages/airflow/example_dags/example_sla_dag.py
[2023-02-24T13:58:25.314+0000] {logging_mixin.py:137} INFO - [2023-02-24T13:58:25.313+0000] {dag.py:2690} INFO - Sync 1 DAGs
[2023-02-24T13:58:25.331+0000] {logging_mixin.py:137} INFO - [2023-02-24T13:58:25.331+0000] {dag.py:3441} INFO - Setting next_dagrun for example_sla_dag to 2023-02-24T13:56:00+00:00, run_after=2023-02-24T13:58:00+00:00
[2023-02-24T13:58:25.343+0000] {processor.py:175} INFO - Processing /home/airflow/.local/lib/python3.7/site-packages/airflow/example_dags/example_sla_dag.py took 0.068 seconds
[2023-02-24T13:58:56.463+0000] {processor.py:153} INFO - Started process (PID=554) to work on /home/airflow/.local/lib/python3.7/site-packages/airflow/example_dags/example_sla_dag.py
[2023-02-24T13:58:56.465+0000] {processor.py:743} INFO - Processing file /home/airflow/.local/lib/python3.7/site-packages/airflow/example_dags/example_sla_dag.py for tasks to queue
[2023-02-24T13:58:56.465+0000] {logging_mixin.py:137} INFO - [2023-02-24T13:58:56.465+0000] {dagbag.py:538} INFO - Filling up the DagBag from /home/airflow/.local/lib/python3.7/site-packages/airflow/example_dags/example_sla_dag.py
[2023-02-24T13:58:56.479+0000] {processor.py:753} INFO - DAG(s) dict_keys(['example_sla_dag']) retrieved from /home/airflow/.local/lib/python3.7/site-packages/airflow/example_dags/example_sla_dag.py
[2023-02-24T13:58:56.495+0000] {logging_mixin.py:137} INFO - [2023-02-24T13:58:56.495+0000] {dag.py:2690} INFO - Sync 1 DAGs
[2023-02-24T13:58:56.511+0000] {logging_mixin.py:137} INFO - [2023-02-24T13:58:56.511+0000] {dag.py:3441} INFO - Setting next_dagrun for example_sla_dag to 2023-02-24T13:56:00+00:00, run_after=2023-02-24T13:58:00+00:00
[2023-02-24T13:58:56.521+0000] {processor.py:175} INFO - Processing /home/airflow/.local/lib/python3.7/site-packages/airflow/example_dags/example_sla_dag.py took 0.060 seconds
[2023-02-24T13:59:22.828+0000] {processor.py:153} INFO - Started process (PID=42) to work on /home/airflow/.local/lib/python3.7/site-packages/airflow/example_dags/example_sla_dag.py
[2023-02-24T13:59:22.830+0000] {processor.py:743} INFO - Processing file /home/airflow/.local/lib/python3.7/site-packages/airflow/example_dags/example_sla_dag.py for tasks to queue
[2023-02-24T13:59:22.832+0000] {logging_mixin.py:137} INFO - [2023-02-24T13:59:22.831+0000] {dagbag.py:538} INFO - Filling up the DagBag from /home/airflow/.local/lib/python3.7/site-packages/airflow/example_dags/example_sla_dag.py
[2023-02-24T13:59:22.863+0000] {processor.py:753} INFO - DAG(s) dict_keys(['example_sla_dag']) retrieved from /home/airflow/.local/lib/python3.7/site-packages/airflow/example_dags/example_sla_dag.py
[2023-02-24T13:59:22.884+0000] {logging_mixin.py:137} INFO - [2023-02-24T13:59:22.884+0000] {dag.py:2690} INFO - Sync 1 DAGs
[2023-02-24T13:59:22.910+0000] {logging_mixin.py:137} INFO - [2023-02-24T13:59:22.909+0000] {dag.py:3441} INFO - Setting next_dagrun for example_sla_dag to 2023-02-24T13:56:00+00:00, run_after=2023-02-24T13:58:00+00:00
[2023-02-24T13:59:22.931+0000] {processor.py:175} INFO - Processing /home/airflow/.local/lib/python3.7/site-packages/airflow/example_dags/example_sla_dag.py took 0.108 seconds
[2023-02-24T13:59:53.214+0000] {processor.py:153} INFO - Started process (PID=115) to work on /home/airflow/.local/lib/python3.7/site-packages/airflow/example_dags/example_sla_dag.py
[2023-02-24T13:59:53.216+0000] {processor.py:743} INFO - Processing file /home/airflow/.local/lib/python3.7/site-packages/airflow/example_dags/example_sla_dag.py for tasks to queue
[2023-02-24T13:59:53.217+0000] {logging_mixin.py:137} INFO - [2023-02-24T13:59:53.217+0000] {dagbag.py:538} INFO - Filling up the DagBag from /home/airflow/.local/lib/python3.7/site-packages/airflow/example_dags/example_sla_dag.py
[2023-02-24T13:59:53.231+0000] {processor.py:753} INFO - DAG(s) dict_keys(['example_sla_dag']) retrieved from /home/airflow/.local/lib/python3.7/site-packages/airflow/example_dags/example_sla_dag.py
[2023-02-24T13:59:53.249+0000] {logging_mixin.py:137} INFO - [2023-02-24T13:59:53.248+0000] {dag.py:2690} INFO - Sync 1 DAGs
[2023-02-24T13:59:53.266+0000] {logging_mixin.py:137} INFO - [2023-02-24T13:59:53.266+0000] {dag.py:3441} INFO - Setting next_dagrun for example_sla_dag to 2023-02-24T13:56:00+00:00, run_after=2023-02-24T13:58:00+00:00
[2023-02-24T13:59:53.278+0000] {processor.py:175} INFO - Processing /home/airflow/.local/lib/python3.7/site-packages/airflow/example_dags/example_sla_dag.py took 0.066 seconds
[2023-02-24T14:00:23.694+0000] {processor.py:153} INFO - Started process (PID=185) to work on /home/airflow/.local/lib/python3.7/site-packages/airflow/example_dags/example_sla_dag.py
[2023-02-24T14:00:23.695+0000] {processor.py:743} INFO - Processing file /home/airflow/.local/lib/python3.7/site-packages/airflow/example_dags/example_sla_dag.py for tasks to queue
[2023-02-24T14:00:23.696+0000] {logging_mixin.py:137} INFO - [2023-02-24T14:00:23.696+0000] {dagbag.py:538} INFO - Filling up the DagBag from /home/airflow/.local/lib/python3.7/site-packages/airflow/example_dags/example_sla_dag.py
[2023-02-24T14:00:23.710+0000] {processor.py:753} INFO - DAG(s) dict_keys(['example_sla_dag']) retrieved from /home/airflow/.local/lib/python3.7/site-packages/airflow/example_dags/example_sla_dag.py
[2023-02-24T14:00:23.727+0000] {logging_mixin.py:137} INFO - [2023-02-24T14:00:23.727+0000] {dag.py:2690} INFO - Sync 1 DAGs
[2023-02-24T14:00:23.745+0000] {logging_mixin.py:137} INFO - [2023-02-24T14:00:23.745+0000] {dag.py:3441} INFO - Setting next_dagrun for example_sla_dag to 2023-02-24T13:58:00+00:00, run_after=2023-02-24T14:00:00+00:00
[2023-02-24T14:00:23.761+0000] {processor.py:175} INFO - Processing /home/airflow/.local/lib/python3.7/site-packages/airflow/example_dags/example_sla_dag.py took 0.069 seconds
[2023-02-24T14:00:54.270+0000] {processor.py:153} INFO - Started process (PID=264) to work on /home/airflow/.local/lib/python3.7/site-packages/airflow/example_dags/example_sla_dag.py
[2023-02-24T14:00:54.271+0000] {processor.py:743} INFO - Processing file /home/airflow/.local/lib/python3.7/site-packages/airflow/example_dags/example_sla_dag.py for tasks to queue
[2023-02-24T14:00:54.273+0000] {logging_mixin.py:137} INFO - [2023-02-24T14:00:54.273+0000] {dagbag.py:538} INFO - Filling up the DagBag from /home/airflow/.local/lib/python3.7/site-packages/airflow/example_dags/example_sla_dag.py
[2023-02-24T14:00:54.289+0000] {processor.py:753} INFO - DAG(s) dict_keys(['example_sla_dag']) retrieved from /home/airflow/.local/lib/python3.7/site-packages/airflow/example_dags/example_sla_dag.py
[2023-02-24T14:00:54.305+0000] {logging_mixin.py:137} INFO - [2023-02-24T14:00:54.305+0000] {dag.py:2690} INFO - Sync 1 DAGs
[2023-02-24T14:00:54.322+0000] {logging_mixin.py:137} INFO - [2023-02-24T14:00:54.322+0000] {dag.py:3441} INFO - Setting next_dagrun for example_sla_dag to 2023-02-24T13:58:00+00:00, run_after=2023-02-24T14:00:00+00:00
[2023-02-24T14:00:54.337+0000] {processor.py:175} INFO - Processing /home/airflow/.local/lib/python3.7/site-packages/airflow/example_dags/example_sla_dag.py took 0.069 seconds
[2023-02-24T14:01:24.877+0000] {processor.py:153} INFO - Started process (PID=341) to work on /home/airflow/.local/lib/python3.7/site-packages/airflow/example_dags/example_sla_dag.py
[2023-02-24T14:01:24.879+0000] {processor.py:743} INFO - Processing file /home/airflow/.local/lib/python3.7/site-packages/airflow/example_dags/example_sla_dag.py for tasks to queue
[2023-02-24T14:01:24.880+0000] {logging_mixin.py:137} INFO - [2023-02-24T14:01:24.880+0000] {dagbag.py:538} INFO - Filling up the DagBag from /home/airflow/.local/lib/python3.7/site-packages/airflow/example_dags/example_sla_dag.py
[2023-02-24T14:01:24.897+0000] {processor.py:753} INFO - DAG(s) dict_keys(['example_sla_dag']) retrieved from /home/airflow/.local/lib/python3.7/site-packages/airflow/example_dags/example_sla_dag.py
[2023-02-24T14:01:24.917+0000] {logging_mixin.py:137} INFO - [2023-02-24T14:01:24.917+0000] {dag.py:2690} INFO - Sync 1 DAGs
[2023-02-24T14:01:24.936+0000] {logging_mixin.py:137} INFO - [2023-02-24T14:01:24.936+0000] {dag.py:3441} INFO - Setting next_dagrun for example_sla_dag to 2023-02-24T13:58:00+00:00, run_after=2023-02-24T14:00:00+00:00
[2023-02-24T14:01:24.949+0000] {processor.py:175} INFO - Processing /home/airflow/.local/lib/python3.7/site-packages/airflow/example_dags/example_sla_dag.py took 0.077 seconds
[2023-02-24T14:01:54.975+0000] {processor.py:153} INFO - Started process (PID=406) to work on /home/airflow/.local/lib/python3.7/site-packages/airflow/example_dags/example_sla_dag.py
[2023-02-24T14:01:54.978+0000] {processor.py:743} INFO - Processing file /home/airflow/.local/lib/python3.7/site-packages/airflow/example_dags/example_sla_dag.py for tasks to queue
[2023-02-24T14:01:54.978+0000] {logging_mixin.py:137} INFO - [2023-02-24T14:01:54.978+0000] {dagbag.py:538} INFO - Filling up the DagBag from /home/airflow/.local/lib/python3.7/site-packages/airflow/example_dags/example_sla_dag.py
[2023-02-24T14:01:54.993+0000] {processor.py:753} INFO - DAG(s) dict_keys(['example_sla_dag']) retrieved from /home/airflow/.local/lib/python3.7/site-packages/airflow/example_dags/example_sla_dag.py
[2023-02-24T14:01:55.010+0000] {logging_mixin.py:137} INFO - [2023-02-24T14:01:55.010+0000] {dag.py:2690} INFO - Sync 1 DAGs
[2023-02-24T14:01:55.028+0000] {logging_mixin.py:137} INFO - [2023-02-24T14:01:55.028+0000] {dag.py:3441} INFO - Setting next_dagrun for example_sla_dag to 2023-02-24T13:58:00+00:00, run_after=2023-02-24T14:00:00+00:00
[2023-02-24T14:01:55.041+0000] {processor.py:175} INFO - Processing /home/airflow/.local/lib/python3.7/site-packages/airflow/example_dags/example_sla_dag.py took 0.068 seconds
[2023-02-24T14:02:25.409+0000] {processor.py:153} INFO - Started process (PID=483) to work on /home/airflow/.local/lib/python3.7/site-packages/airflow/example_dags/example_sla_dag.py
[2023-02-24T14:02:25.410+0000] {processor.py:743} INFO - Processing file /home/airflow/.local/lib/python3.7/site-packages/airflow/example_dags/example_sla_dag.py for tasks to queue
[2023-02-24T14:02:25.411+0000] {logging_mixin.py:137} INFO - [2023-02-24T14:02:25.411+0000] {dagbag.py:538} INFO - Filling up the DagBag from /home/airflow/.local/lib/python3.7/site-packages/airflow/example_dags/example_sla_dag.py
[2023-02-24T14:02:25.424+0000] {processor.py:753} INFO - DAG(s) dict_keys(['example_sla_dag']) retrieved from /home/airflow/.local/lib/python3.7/site-packages/airflow/example_dags/example_sla_dag.py
[2023-02-24T14:02:25.442+0000] {logging_mixin.py:137} INFO - [2023-02-24T14:02:25.442+0000] {dag.py:2690} INFO - Sync 1 DAGs
[2023-02-24T14:02:25.457+0000] {logging_mixin.py:137} INFO - [2023-02-24T14:02:25.457+0000] {dag.py:3441} INFO - Setting next_dagrun for example_sla_dag to 2023-02-24T14:00:00+00:00, run_after=2023-02-24T14:02:00+00:00
[2023-02-24T14:02:25.467+0000] {processor.py:175} INFO - Processing /home/airflow/.local/lib/python3.7/site-packages/airflow/example_dags/example_sla_dag.py took 0.061 seconds
[2023-02-24T14:02:55.680+0000] {processor.py:153} INFO - Started process (PID=560) to work on /home/airflow/.local/lib/python3.7/site-packages/airflow/example_dags/example_sla_dag.py
[2023-02-24T14:02:55.682+0000] {processor.py:743} INFO - Processing file /home/airflow/.local/lib/python3.7/site-packages/airflow/example_dags/example_sla_dag.py for tasks to queue
[2023-02-24T14:02:55.685+0000] {logging_mixin.py:137} INFO - [2023-02-24T14:02:55.685+0000] {dagbag.py:538} INFO - Filling up the DagBag from /home/airflow/.local/lib/python3.7/site-packages/airflow/example_dags/example_sla_dag.py
[2023-02-24T14:02:55.714+0000] {processor.py:753} INFO - DAG(s) dict_keys(['example_sla_dag']) retrieved from /home/airflow/.local/lib/python3.7/site-packages/airflow/example_dags/example_sla_dag.py
[2023-02-24T14:02:55.741+0000] {logging_mixin.py:137} INFO - [2023-02-24T14:02:55.741+0000] {dag.py:2690} INFO - Sync 1 DAGs
[2023-02-24T14:02:55.779+0000] {logging_mixin.py:137} INFO - [2023-02-24T14:02:55.779+0000] {dag.py:3441} INFO - Setting next_dagrun for example_sla_dag to 2023-02-24T14:00:00+00:00, run_after=2023-02-24T14:02:00+00:00
[2023-02-24T14:02:55.797+0000] {processor.py:175} INFO - Processing /home/airflow/.local/lib/python3.7/site-packages/airflow/example_dags/example_sla_dag.py took 0.120 seconds
[2023-02-24T14:03:26.231+0000] {processor.py:153} INFO - Started process (PID=625) to work on /home/airflow/.local/lib/python3.7/site-packages/airflow/example_dags/example_sla_dag.py
[2023-02-24T14:03:26.233+0000] {processor.py:743} INFO - Processing file /home/airflow/.local/lib/python3.7/site-packages/airflow/example_dags/example_sla_dag.py for tasks to queue
[2023-02-24T14:03:26.235+0000] {logging_mixin.py:137} INFO - [2023-02-24T14:03:26.235+0000] {dagbag.py:538} INFO - Filling up the DagBag from /home/airflow/.local/lib/python3.7/site-packages/airflow/example_dags/example_sla_dag.py
[2023-02-24T14:03:26.248+0000] {processor.py:753} INFO - DAG(s) dict_keys(['example_sla_dag']) retrieved from /home/airflow/.local/lib/python3.7/site-packages/airflow/example_dags/example_sla_dag.py
[2023-02-24T14:03:26.264+0000] {logging_mixin.py:137} INFO - [2023-02-24T14:03:26.264+0000] {dag.py:2690} INFO - Sync 1 DAGs
[2023-02-24T14:03:26.279+0000] {logging_mixin.py:137} INFO - [2023-02-24T14:03:26.279+0000] {dag.py:3441} INFO - Setting next_dagrun for example_sla_dag to 2023-02-24T14:00:00+00:00, run_after=2023-02-24T14:02:00+00:00
[2023-02-24T14:03:26.288+0000] {processor.py:175} INFO - Processing /home/airflow/.local/lib/python3.7/site-packages/airflow/example_dags/example_sla_dag.py took 0.059 seconds
[2023-02-24T14:03:57.095+0000] {processor.py:153} INFO - Started process (PID=700) to work on /home/airflow/.local/lib/python3.7/site-packages/airflow/example_dags/example_sla_dag.py
[2023-02-24T14:03:57.096+0000] {processor.py:743} INFO - Processing file /home/airflow/.local/lib/python3.7/site-packages/airflow/example_dags/example_sla_dag.py for tasks to queue
[2023-02-24T14:03:57.097+0000] {logging_mixin.py:137} INFO - [2023-02-24T14:03:57.097+0000] {dagbag.py:538} INFO - Filling up the DagBag from /home/airflow/.local/lib/python3.7/site-packages/airflow/example_dags/example_sla_dag.py
[2023-02-24T14:03:57.111+0000] {processor.py:753} INFO - DAG(s) dict_keys(['example_sla_dag']) retrieved from /home/airflow/.local/lib/python3.7/site-packages/airflow/example_dags/example_sla_dag.py
[2023-02-24T14:03:57.128+0000] {logging_mixin.py:137} INFO - [2023-02-24T14:03:57.128+0000] {dag.py:2690} INFO - Sync 1 DAGs
[2023-02-24T14:03:57.147+0000] {logging_mixin.py:137} INFO - [2023-02-24T14:03:57.147+0000] {dag.py:3441} INFO - Setting next_dagrun for example_sla_dag to 2023-02-24T14:00:00+00:00, run_after=2023-02-24T14:02:00+00:00
[2023-02-24T14:03:57.159+0000] {processor.py:175} INFO - Processing /home/airflow/.local/lib/python3.7/site-packages/airflow/example_dags/example_sla_dag.py took 0.067 seconds
[2023-02-24T14:04:27.331+0000] {processor.py:153} INFO - Started process (PID=777) to work on /home/airflow/.local/lib/python3.7/site-packages/airflow/example_dags/example_sla_dag.py
[2023-02-24T14:04:27.332+0000] {processor.py:743} INFO - Processing file /home/airflow/.local/lib/python3.7/site-packages/airflow/example_dags/example_sla_dag.py for tasks to queue
[2023-02-24T14:04:27.333+0000] {logging_mixin.py:137} INFO - [2023-02-24T14:04:27.333+0000] {dagbag.py:538} INFO - Filling up the DagBag from /home/airflow/.local/lib/python3.7/site-packages/airflow/example_dags/example_sla_dag.py
[2023-02-24T14:04:27.347+0000] {processor.py:753} INFO - DAG(s) dict_keys(['example_sla_dag']) retrieved from /home/airflow/.local/lib/python3.7/site-packages/airflow/example_dags/example_sla_dag.py
[2023-02-24T14:04:27.364+0000] {logging_mixin.py:137} INFO - [2023-02-24T14:04:27.364+0000] {dag.py:2690} INFO - Sync 1 DAGs
[2023-02-24T14:04:27.379+0000] {logging_mixin.py:137} INFO - [2023-02-24T14:04:27.379+0000] {dag.py:3441} INFO - Setting next_dagrun for example_sla_dag to 2023-02-24T14:02:00+00:00, run_after=2023-02-24T14:04:00+00:00
[2023-02-24T14:04:27.390+0000] {processor.py:175} INFO - Processing /home/airflow/.local/lib/python3.7/site-packages/airflow/example_dags/example_sla_dag.py took 0.062 seconds
[2023-02-24T14:04:57.583+0000] {processor.py:153} INFO - Started process (PID=840) to work on /home/airflow/.local/lib/python3.7/site-packages/airflow/example_dags/example_sla_dag.py
[2023-02-24T14:04:57.585+0000] {processor.py:743} INFO - Processing file /home/airflow/.local/lib/python3.7/site-packages/airflow/example_dags/example_sla_dag.py for tasks to queue
[2023-02-24T14:04:57.586+0000] {logging_mixin.py:137} INFO - [2023-02-24T14:04:57.586+0000] {dagbag.py:538} INFO - Filling up the DagBag from /home/airflow/.local/lib/python3.7/site-packages/airflow/example_dags/example_sla_dag.py
[2023-02-24T14:04:57.600+0000] {processor.py:753} INFO - DAG(s) dict_keys(['example_sla_dag']) retrieved from /home/airflow/.local/lib/python3.7/site-packages/airflow/example_dags/example_sla_dag.py
[2023-02-24T14:04:57.617+0000] {logging_mixin.py:137} INFO - [2023-02-24T14:04:57.617+0000] {dag.py:2690} INFO - Sync 1 DAGs
[2023-02-24T14:04:57.635+0000] {logging_mixin.py:137} INFO - [2023-02-24T14:04:57.635+0000] {dag.py:3441} INFO - Setting next_dagrun for example_sla_dag to 2023-02-24T14:02:00+00:00, run_after=2023-02-24T14:04:00+00:00
[2023-02-24T14:04:57.651+0000] {processor.py:175} INFO - Processing /home/airflow/.local/lib/python3.7/site-packages/airflow/example_dags/example_sla_dag.py took 0.070 seconds
[2023-02-24T14:05:27.868+0000] {processor.py:153} INFO - Started process (PID=916) to work on /home/airflow/.local/lib/python3.7/site-packages/airflow/example_dags/example_sla_dag.py
[2023-02-24T14:05:27.870+0000] {processor.py:743} INFO - Processing file /home/airflow/.local/lib/python3.7/site-packages/airflow/example_dags/example_sla_dag.py for tasks to queue
[2023-02-24T14:05:27.871+0000] {logging_mixin.py:137} INFO - [2023-02-24T14:05:27.871+0000] {dagbag.py:538} INFO - Filling up the DagBag from /home/airflow/.local/lib/python3.7/site-packages/airflow/example_dags/example_sla_dag.py
[2023-02-24T14:05:27.887+0000] {processor.py:753} INFO - DAG(s) dict_keys(['example_sla_dag']) retrieved from /home/airflow/.local/lib/python3.7/site-packages/airflow/example_dags/example_sla_dag.py
[2023-02-24T14:05:27.906+0000] {logging_mixin.py:137} INFO - [2023-02-24T14:05:27.906+0000] {dag.py:2690} INFO - Sync 1 DAGs
[2023-02-24T14:05:27.923+0000] {logging_mixin.py:137} INFO - [2023-02-24T14:05:27.923+0000] {dag.py:3441} INFO - Setting next_dagrun for example_sla_dag to 2023-02-24T14:02:00+00:00, run_after=2023-02-24T14:04:00+00:00
[2023-02-24T14:05:27.937+0000] {processor.py:175} INFO - Processing /home/airflow/.local/lib/python3.7/site-packages/airflow/example_dags/example_sla_dag.py took 0.071 seconds
[2023-02-24T14:05:58.152+0000] {processor.py:153} INFO - Started process (PID=993) to work on /home/airflow/.local/lib/python3.7/site-packages/airflow/example_dags/example_sla_dag.py
[2023-02-24T14:05:58.154+0000] {processor.py:743} INFO - Processing file /home/airflow/.local/lib/python3.7/site-packages/airflow/example_dags/example_sla_dag.py for tasks to queue
[2023-02-24T14:05:58.155+0000] {logging_mixin.py:137} INFO - [2023-02-24T14:05:58.155+0000] {dagbag.py:538} INFO - Filling up the DagBag from /home/airflow/.local/lib/python3.7/site-packages/airflow/example_dags/example_sla_dag.py
[2023-02-24T14:05:58.169+0000] {processor.py:753} INFO - DAG(s) dict_keys(['example_sla_dag']) retrieved from /home/airflow/.local/lib/python3.7/site-packages/airflow/example_dags/example_sla_dag.py
[2023-02-24T14:05:58.186+0000] {logging_mixin.py:137} INFO - [2023-02-24T14:05:58.186+0000] {dag.py:2690} INFO - Sync 1 DAGs
[2023-02-24T14:05:58.203+0000] {logging_mixin.py:137} INFO - [2023-02-24T14:05:58.203+0000] {dag.py:3441} INFO - Setting next_dagrun for example_sla_dag to 2023-02-24T14:02:00+00:00, run_after=2023-02-24T14:04:00+00:00
[2023-02-24T14:05:58.216+0000] {processor.py:175} INFO - Processing /home/airflow/.local/lib/python3.7/site-packages/airflow/example_dags/example_sla_dag.py took 0.066 seconds
[2023-02-24T14:06:28.306+0000] {processor.py:153} INFO - Started process (PID=1058) to work on /home/airflow/.local/lib/python3.7/site-packages/airflow/example_dags/example_sla_dag.py
[2023-02-24T14:06:28.308+0000] {processor.py:743} INFO - Processing file /home/airflow/.local/lib/python3.7/site-packages/airflow/example_dags/example_sla_dag.py for tasks to queue
[2023-02-24T14:06:28.309+0000] {logging_mixin.py:137} INFO - [2023-02-24T14:06:28.309+0000] {dagbag.py:538} INFO - Filling up the DagBag from /home/airflow/.local/lib/python3.7/site-packages/airflow/example_dags/example_sla_dag.py
[2023-02-24T14:06:28.323+0000] {processor.py:753} INFO - DAG(s) dict_keys(['example_sla_dag']) retrieved from /home/airflow/.local/lib/python3.7/site-packages/airflow/example_dags/example_sla_dag.py
[2023-02-24T14:06:28.339+0000] {logging_mixin.py:137} INFO - [2023-02-24T14:06:28.339+0000] {dag.py:2690} INFO - Sync 1 DAGs
[2023-02-24T14:06:28.357+0000] {logging_mixin.py:137} INFO - [2023-02-24T14:06:28.357+0000] {dag.py:3441} INFO - Setting next_dagrun for example_sla_dag to 2023-02-24T14:04:00+00:00, run_after=2023-02-24T14:06:00+00:00
[2023-02-24T14:06:28.371+0000] {processor.py:175} INFO - Processing /home/airflow/.local/lib/python3.7/site-packages/airflow/example_dags/example_sla_dag.py took 0.067 seconds
[2023-02-24T14:06:58.679+0000] {processor.py:153} INFO - Started process (PID=1136) to work on /home/airflow/.local/lib/python3.7/site-packages/airflow/example_dags/example_sla_dag.py
[2023-02-24T14:06:58.680+0000] {processor.py:743} INFO - Processing file /home/airflow/.local/lib/python3.7/site-packages/airflow/example_dags/example_sla_dag.py for tasks to queue
[2023-02-24T14:06:58.681+0000] {logging_mixin.py:137} INFO - [2023-02-24T14:06:58.681+0000] {dagbag.py:538} INFO - Filling up the DagBag from /home/airflow/.local/lib/python3.7/site-packages/airflow/example_dags/example_sla_dag.py
[2023-02-24T14:06:58.695+0000] {processor.py:753} INFO - DAG(s) dict_keys(['example_sla_dag']) retrieved from /home/airflow/.local/lib/python3.7/site-packages/airflow/example_dags/example_sla_dag.py
[2023-02-24T14:06:58.712+0000] {logging_mixin.py:137} INFO - [2023-02-24T14:06:58.712+0000] {dag.py:2690} INFO - Sync 1 DAGs
[2023-02-24T14:06:58.729+0000] {logging_mixin.py:137} INFO - [2023-02-24T14:06:58.729+0000] {dag.py:3441} INFO - Setting next_dagrun for example_sla_dag to 2023-02-24T14:04:00+00:00, run_after=2023-02-24T14:06:00+00:00
[2023-02-24T14:06:58.741+0000] {processor.py:175} INFO - Processing /home/airflow/.local/lib/python3.7/site-packages/airflow/example_dags/example_sla_dag.py took 0.064 seconds
[2023-02-24T14:07:29.134+0000] {processor.py:153} INFO - Started process (PID=1213) to work on /home/airflow/.local/lib/python3.7/site-packages/airflow/example_dags/example_sla_dag.py
[2023-02-24T14:07:29.136+0000] {processor.py:743} INFO - Processing file /home/airflow/.local/lib/python3.7/site-packages/airflow/example_dags/example_sla_dag.py for tasks to queue
[2023-02-24T14:07:29.137+0000] {logging_mixin.py:137} INFO - [2023-02-24T14:07:29.137+0000] {dagbag.py:538} INFO - Filling up the DagBag from /home/airflow/.local/lib/python3.7/site-packages/airflow/example_dags/example_sla_dag.py
[2023-02-24T14:07:29.152+0000] {processor.py:753} INFO - DAG(s) dict_keys(['example_sla_dag']) retrieved from /home/airflow/.local/lib/python3.7/site-packages/airflow/example_dags/example_sla_dag.py
[2023-02-24T14:07:29.170+0000] {logging_mixin.py:137} INFO - [2023-02-24T14:07:29.170+0000] {dag.py:2690} INFO - Sync 1 DAGs
[2023-02-24T14:07:29.188+0000] {logging_mixin.py:137} INFO - [2023-02-24T14:07:29.188+0000] {dag.py:3441} INFO - Setting next_dagrun for example_sla_dag to 2023-02-24T14:04:00+00:00, run_after=2023-02-24T14:06:00+00:00
[2023-02-24T14:07:29.201+0000] {processor.py:175} INFO - Processing /home/airflow/.local/lib/python3.7/site-packages/airflow/example_dags/example_sla_dag.py took 0.070 seconds
[2023-02-24T14:07:59.744+0000] {processor.py:153} INFO - Started process (PID=1278) to work on /home/airflow/.local/lib/python3.7/site-packages/airflow/example_dags/example_sla_dag.py
[2023-02-24T14:07:59.746+0000] {processor.py:743} INFO - Processing file /home/airflow/.local/lib/python3.7/site-packages/airflow/example_dags/example_sla_dag.py for tasks to queue
[2023-02-24T14:07:59.747+0000] {logging_mixin.py:137} INFO - [2023-02-24T14:07:59.747+0000] {dagbag.py:538} INFO - Filling up the DagBag from /home/airflow/.local/lib/python3.7/site-packages/airflow/example_dags/example_sla_dag.py
[2023-02-24T14:07:59.761+0000] {processor.py:753} INFO - DAG(s) dict_keys(['example_sla_dag']) retrieved from /home/airflow/.local/lib/python3.7/site-packages/airflow/example_dags/example_sla_dag.py
[2023-02-24T14:07:59.779+0000] {logging_mixin.py:137} INFO - [2023-02-24T14:07:59.779+0000] {dag.py:2690} INFO - Sync 1 DAGs
[2023-02-24T14:07:59.796+0000] {logging_mixin.py:137} INFO - [2023-02-24T14:07:59.795+0000] {dag.py:3441} INFO - Setting next_dagrun for example_sla_dag to 2023-02-24T14:04:00+00:00, run_after=2023-02-24T14:06:00+00:00
[2023-02-24T14:07:59.808+0000] {processor.py:175} INFO - Processing /home/airflow/.local/lib/python3.7/site-packages/airflow/example_dags/example_sla_dag.py took 0.066 seconds
[2023-02-24T14:08:30.802+0000] {processor.py:153} INFO - Started process (PID=1355) to work on /home/airflow/.local/lib/python3.7/site-packages/airflow/example_dags/example_sla_dag.py
[2023-02-24T14:08:30.804+0000] {processor.py:743} INFO - Processing file /home/airflow/.local/lib/python3.7/site-packages/airflow/example_dags/example_sla_dag.py for tasks to queue
[2023-02-24T14:08:30.805+0000] {logging_mixin.py:137} INFO - [2023-02-24T14:08:30.805+0000] {dagbag.py:538} INFO - Filling up the DagBag from /home/airflow/.local/lib/python3.7/site-packages/airflow/example_dags/example_sla_dag.py
[2023-02-24T14:08:30.818+0000] {processor.py:753} INFO - DAG(s) dict_keys(['example_sla_dag']) retrieved from /home/airflow/.local/lib/python3.7/site-packages/airflow/example_dags/example_sla_dag.py
[2023-02-24T14:08:30.834+0000] {logging_mixin.py:137} INFO - [2023-02-24T14:08:30.834+0000] {dag.py:2690} INFO - Sync 1 DAGs
[2023-02-24T14:08:30.849+0000] {logging_mixin.py:137} INFO - [2023-02-24T14:08:30.849+0000] {dag.py:3441} INFO - Setting next_dagrun for example_sla_dag to 2023-02-24T14:06:00+00:00, run_after=2023-02-24T14:08:00+00:00
[2023-02-24T14:08:30.861+0000] {processor.py:175} INFO - Processing /home/airflow/.local/lib/python3.7/site-packages/airflow/example_dags/example_sla_dag.py took 0.061 seconds
[2023-02-24T14:09:00.901+0000] {processor.py:153} INFO - Started process (PID=1427) to work on /home/airflow/.local/lib/python3.7/site-packages/airflow/example_dags/example_sla_dag.py
[2023-02-24T14:09:00.904+0000] {processor.py:743} INFO - Processing file /home/airflow/.local/lib/python3.7/site-packages/airflow/example_dags/example_sla_dag.py for tasks to queue
[2023-02-24T14:09:00.907+0000] {logging_mixin.py:137} INFO - [2023-02-24T14:09:00.906+0000] {dagbag.py:538} INFO - Filling up the DagBag from /home/airflow/.local/lib/python3.7/site-packages/airflow/example_dags/example_sla_dag.py
[2023-02-24T14:09:00.923+0000] {processor.py:753} INFO - DAG(s) dict_keys(['example_sla_dag']) retrieved from /home/airflow/.local/lib/python3.7/site-packages/airflow/example_dags/example_sla_dag.py
[2023-02-24T14:09:00.941+0000] {logging_mixin.py:137} INFO - [2023-02-24T14:09:00.941+0000] {dag.py:2690} INFO - Sync 1 DAGs
[2023-02-24T14:09:00.964+0000] {logging_mixin.py:137} INFO - [2023-02-24T14:09:00.964+0000] {dag.py:3441} INFO - Setting next_dagrun for example_sla_dag to 2023-02-24T14:06:00+00:00, run_after=2023-02-24T14:08:00+00:00
[2023-02-24T14:09:00.981+0000] {processor.py:175} INFO - Processing /home/airflow/.local/lib/python3.7/site-packages/airflow/example_dags/example_sla_dag.py took 0.082 seconds
[2023-02-24T14:09:31.386+0000] {processor.py:153} INFO - Started process (PID=1495) to work on /home/airflow/.local/lib/python3.7/site-packages/airflow/example_dags/example_sla_dag.py
[2023-02-24T14:09:31.387+0000] {processor.py:743} INFO - Processing file /home/airflow/.local/lib/python3.7/site-packages/airflow/example_dags/example_sla_dag.py for tasks to queue
[2023-02-24T14:09:31.388+0000] {logging_mixin.py:137} INFO - [2023-02-24T14:09:31.388+0000] {dagbag.py:538} INFO - Filling up the DagBag from /home/airflow/.local/lib/python3.7/site-packages/airflow/example_dags/example_sla_dag.py
[2023-02-24T14:09:31.404+0000] {processor.py:753} INFO - DAG(s) dict_keys(['example_sla_dag']) retrieved from /home/airflow/.local/lib/python3.7/site-packages/airflow/example_dags/example_sla_dag.py
[2023-02-24T14:09:31.448+0000] {logging_mixin.py:137} INFO - [2023-02-24T14:09:31.448+0000] {dag.py:2690} INFO - Sync 1 DAGs
[2023-02-24T14:09:31.466+0000] {logging_mixin.py:137} INFO - [2023-02-24T14:09:31.465+0000] {dag.py:3441} INFO - Setting next_dagrun for example_sla_dag to 2023-02-24T14:06:00+00:00, run_after=2023-02-24T14:08:00+00:00
[2023-02-24T14:09:31.477+0000] {processor.py:175} INFO - Processing /home/airflow/.local/lib/python3.7/site-packages/airflow/example_dags/example_sla_dag.py took 0.094 seconds
[2023-02-24T14:10:01.668+0000] {processor.py:153} INFO - Started process (PID=1571) to work on /home/airflow/.local/lib/python3.7/site-packages/airflow/example_dags/example_sla_dag.py
[2023-02-24T14:10:01.670+0000] {processor.py:743} INFO - Processing file /home/airflow/.local/lib/python3.7/site-packages/airflow/example_dags/example_sla_dag.py for tasks to queue
[2023-02-24T14:10:01.671+0000] {logging_mixin.py:137} INFO - [2023-02-24T14:10:01.671+0000] {dagbag.py:538} INFO - Filling up the DagBag from /home/airflow/.local/lib/python3.7/site-packages/airflow/example_dags/example_sla_dag.py
[2023-02-24T14:10:01.686+0000] {processor.py:753} INFO - DAG(s) dict_keys(['example_sla_dag']) retrieved from /home/airflow/.local/lib/python3.7/site-packages/airflow/example_dags/example_sla_dag.py
[2023-02-24T14:10:01.703+0000] {logging_mixin.py:137} INFO - [2023-02-24T14:10:01.703+0000] {dag.py:2690} INFO - Sync 1 DAGs
[2023-02-24T14:10:01.720+0000] {logging_mixin.py:137} INFO - [2023-02-24T14:10:01.720+0000] {dag.py:3441} INFO - Setting next_dagrun for example_sla_dag to 2023-02-24T14:08:00+00:00, run_after=2023-02-24T14:10:00+00:00
[2023-02-24T14:10:01.734+0000] {processor.py:175} INFO - Processing /home/airflow/.local/lib/python3.7/site-packages/airflow/example_dags/example_sla_dag.py took 0.067 seconds
[2023-02-24T14:10:31.975+0000] {processor.py:153} INFO - Started process (PID=1644) to work on /home/airflow/.local/lib/python3.7/site-packages/airflow/example_dags/example_sla_dag.py
[2023-02-24T14:10:31.977+0000] {processor.py:743} INFO - Processing file /home/airflow/.local/lib/python3.7/site-packages/airflow/example_dags/example_sla_dag.py for tasks to queue
[2023-02-24T14:10:31.978+0000] {logging_mixin.py:137} INFO - [2023-02-24T14:10:31.978+0000] {dagbag.py:538} INFO - Filling up the DagBag from /home/airflow/.local/lib/python3.7/site-packages/airflow/example_dags/example_sla_dag.py
[2023-02-24T14:10:31.994+0000] {processor.py:753} INFO - DAG(s) dict_keys(['example_sla_dag']) retrieved from /home/airflow/.local/lib/python3.7/site-packages/airflow/example_dags/example_sla_dag.py
[2023-02-24T14:10:32.014+0000] {logging_mixin.py:137} INFO - [2023-02-24T14:10:32.014+0000] {dag.py:2690} INFO - Sync 1 DAGs
[2023-02-24T14:10:32.038+0000] {logging_mixin.py:137} INFO - [2023-02-24T14:10:32.038+0000] {dag.py:3441} INFO - Setting next_dagrun for example_sla_dag to 2023-02-24T14:08:00+00:00, run_after=2023-02-24T14:10:00+00:00
[2023-02-24T14:10:32.058+0000] {processor.py:175} INFO - Processing /home/airflow/.local/lib/python3.7/site-packages/airflow/example_dags/example_sla_dag.py took 0.086 seconds
[2023-02-24T14:11:02.250+0000] {processor.py:153} INFO - Started process (PID=1711) to work on /home/airflow/.local/lib/python3.7/site-packages/airflow/example_dags/example_sla_dag.py
[2023-02-24T14:11:02.252+0000] {processor.py:743} INFO - Processing file /home/airflow/.local/lib/python3.7/site-packages/airflow/example_dags/example_sla_dag.py for tasks to queue
[2023-02-24T14:11:02.253+0000] {logging_mixin.py:137} INFO - [2023-02-24T14:11:02.253+0000] {dagbag.py:538} INFO - Filling up the DagBag from /home/airflow/.local/lib/python3.7/site-packages/airflow/example_dags/example_sla_dag.py
[2023-02-24T14:11:02.268+0000] {processor.py:753} INFO - DAG(s) dict_keys(['example_sla_dag']) retrieved from /home/airflow/.local/lib/python3.7/site-packages/airflow/example_dags/example_sla_dag.py
[2023-02-24T14:11:02.286+0000] {logging_mixin.py:137} INFO - [2023-02-24T14:11:02.286+0000] {dag.py:2690} INFO - Sync 1 DAGs
[2023-02-24T14:11:02.303+0000] {logging_mixin.py:137} INFO - [2023-02-24T14:11:02.303+0000] {dag.py:3441} INFO - Setting next_dagrun for example_sla_dag to 2023-02-24T14:08:00+00:00, run_after=2023-02-24T14:10:00+00:00
[2023-02-24T14:11:02.328+0000] {processor.py:175} INFO - Processing /home/airflow/.local/lib/python3.7/site-packages/airflow/example_dags/example_sla_dag.py took 0.080 seconds
[2023-02-24T14:11:32.549+0000] {processor.py:153} INFO - Started process (PID=1788) to work on /home/airflow/.local/lib/python3.7/site-packages/airflow/example_dags/example_sla_dag.py
[2023-02-24T14:11:32.551+0000] {processor.py:743} INFO - Processing file /home/airflow/.local/lib/python3.7/site-packages/airflow/example_dags/example_sla_dag.py for tasks to queue
[2023-02-24T14:11:32.553+0000] {logging_mixin.py:137} INFO - [2023-02-24T14:11:32.553+0000] {dagbag.py:538} INFO - Filling up the DagBag from /home/airflow/.local/lib/python3.7/site-packages/airflow/example_dags/example_sla_dag.py
[2023-02-24T14:11:32.567+0000] {processor.py:753} INFO - DAG(s) dict_keys(['example_sla_dag']) retrieved from /home/airflow/.local/lib/python3.7/site-packages/airflow/example_dags/example_sla_dag.py
[2023-02-24T14:11:32.584+0000] {logging_mixin.py:137} INFO - [2023-02-24T14:11:32.583+0000] {dag.py:2690} INFO - Sync 1 DAGs
[2023-02-24T14:11:32.601+0000] {logging_mixin.py:137} INFO - [2023-02-24T14:11:32.601+0000] {dag.py:3441} INFO - Setting next_dagrun for example_sla_dag to 2023-02-24T14:08:00+00:00, run_after=2023-02-24T14:10:00+00:00
[2023-02-24T14:11:32.615+0000] {processor.py:175} INFO - Processing /home/airflow/.local/lib/python3.7/site-packages/airflow/example_dags/example_sla_dag.py took 0.068 seconds
[2023-02-24T14:12:02.745+0000] {processor.py:153} INFO - Started process (PID=1854) to work on /home/airflow/.local/lib/python3.7/site-packages/airflow/example_dags/example_sla_dag.py
[2023-02-24T14:12:02.746+0000] {processor.py:743} INFO - Processing file /home/airflow/.local/lib/python3.7/site-packages/airflow/example_dags/example_sla_dag.py for tasks to queue
[2023-02-24T14:12:02.748+0000] {logging_mixin.py:137} INFO - [2023-02-24T14:12:02.748+0000] {dagbag.py:538} INFO - Filling up the DagBag from /home/airflow/.local/lib/python3.7/site-packages/airflow/example_dags/example_sla_dag.py
[2023-02-24T14:12:02.762+0000] {processor.py:753} INFO - DAG(s) dict_keys(['example_sla_dag']) retrieved from /home/airflow/.local/lib/python3.7/site-packages/airflow/example_dags/example_sla_dag.py
[2023-02-24T14:12:02.779+0000] {logging_mixin.py:137} INFO - [2023-02-24T14:12:02.779+0000] {dag.py:2690} INFO - Sync 1 DAGs
[2023-02-24T14:12:02.795+0000] {logging_mixin.py:137} INFO - [2023-02-24T14:12:02.795+0000] {dag.py:3441} INFO - Setting next_dagrun for example_sla_dag to 2023-02-24T14:10:00+00:00, run_after=2023-02-24T14:12:00+00:00
[2023-02-24T14:12:02.809+0000] {processor.py:175} INFO - Processing /home/airflow/.local/lib/python3.7/site-packages/airflow/example_dags/example_sla_dag.py took 0.067 seconds
[2023-02-24T14:12:33.212+0000] {processor.py:153} INFO - Started process (PID=1931) to work on /home/airflow/.local/lib/python3.7/site-packages/airflow/example_dags/example_sla_dag.py
[2023-02-24T14:12:33.214+0000] {processor.py:743} INFO - Processing file /home/airflow/.local/lib/python3.7/site-packages/airflow/example_dags/example_sla_dag.py for tasks to queue
[2023-02-24T14:12:33.215+0000] {logging_mixin.py:137} INFO - [2023-02-24T14:12:33.215+0000] {dagbag.py:538} INFO - Filling up the DagBag from /home/airflow/.local/lib/python3.7/site-packages/airflow/example_dags/example_sla_dag.py
[2023-02-24T14:12:33.228+0000] {processor.py:753} INFO - DAG(s) dict_keys(['example_sla_dag']) retrieved from /home/airflow/.local/lib/python3.7/site-packages/airflow/example_dags/example_sla_dag.py
[2023-02-24T14:12:33.250+0000] {logging_mixin.py:137} INFO - [2023-02-24T14:12:33.250+0000] {dag.py:2690} INFO - Sync 1 DAGs
[2023-02-24T14:12:33.268+0000] {logging_mixin.py:137} INFO - [2023-02-24T14:12:33.268+0000] {dag.py:3441} INFO - Setting next_dagrun for example_sla_dag to 2023-02-24T14:10:00+00:00, run_after=2023-02-24T14:12:00+00:00
[2023-02-24T14:12:33.279+0000] {processor.py:175} INFO - Processing /home/airflow/.local/lib/python3.7/site-packages/airflow/example_dags/example_sla_dag.py took 0.069 seconds
[2023-02-24T14:13:03.827+0000] {processor.py:153} INFO - Started process (PID=2004) to work on /home/airflow/.local/lib/python3.7/site-packages/airflow/example_dags/example_sla_dag.py
[2023-02-24T14:13:03.830+0000] {processor.py:743} INFO - Processing file /home/airflow/.local/lib/python3.7/site-packages/airflow/example_dags/example_sla_dag.py for tasks to queue
[2023-02-24T14:13:03.831+0000] {logging_mixin.py:137} INFO - [2023-02-24T14:13:03.831+0000] {dagbag.py:538} INFO - Filling up the DagBag from /home/airflow/.local/lib/python3.7/site-packages/airflow/example_dags/example_sla_dag.py
[2023-02-24T14:13:03.846+0000] {processor.py:753} INFO - DAG(s) dict_keys(['example_sla_dag']) retrieved from /home/airflow/.local/lib/python3.7/site-packages/airflow/example_dags/example_sla_dag.py
[2023-02-24T14:13:03.864+0000] {logging_mixin.py:137} INFO - [2023-02-24T14:13:03.864+0000] {dag.py:2690} INFO - Sync 1 DAGs
[2023-02-24T14:13:03.880+0000] {logging_mixin.py:137} INFO - [2023-02-24T14:13:03.880+0000] {dag.py:3441} INFO - Setting next_dagrun for example_sla_dag to 2023-02-24T14:10:00+00:00, run_after=2023-02-24T14:12:00+00:00
[2023-02-24T14:13:03.893+0000] {processor.py:175} INFO - Processing /home/airflow/.local/lib/python3.7/site-packages/airflow/example_dags/example_sla_dag.py took 0.068 seconds
[2023-02-24T14:13:34.343+0000] {processor.py:153} INFO - Started process (PID=2069) to work on /home/airflow/.local/lib/python3.7/site-packages/airflow/example_dags/example_sla_dag.py
[2023-02-24T14:13:34.345+0000] {processor.py:743} INFO - Processing file /home/airflow/.local/lib/python3.7/site-packages/airflow/example_dags/example_sla_dag.py for tasks to queue
[2023-02-24T14:13:34.346+0000] {logging_mixin.py:137} INFO - [2023-02-24T14:13:34.346+0000] {dagbag.py:538} INFO - Filling up the DagBag from /home/airflow/.local/lib/python3.7/site-packages/airflow/example_dags/example_sla_dag.py
[2023-02-24T14:13:34.361+0000] {processor.py:753} INFO - DAG(s) dict_keys(['example_sla_dag']) retrieved from /home/airflow/.local/lib/python3.7/site-packages/airflow/example_dags/example_sla_dag.py
[2023-02-24T14:13:34.378+0000] {logging_mixin.py:137} INFO - [2023-02-24T14:13:34.378+0000] {dag.py:2690} INFO - Sync 1 DAGs
[2023-02-24T14:13:34.396+0000] {logging_mixin.py:137} INFO - [2023-02-24T14:13:34.396+0000] {dag.py:3441} INFO - Setting next_dagrun for example_sla_dag to 2023-02-24T14:10:00+00:00, run_after=2023-02-24T14:12:00+00:00
[2023-02-24T14:13:34.409+0000] {processor.py:175} INFO - Processing /home/airflow/.local/lib/python3.7/site-packages/airflow/example_dags/example_sla_dag.py took 0.067 seconds
[2023-02-24T14:14:04.788+0000] {processor.py:153} INFO - Started process (PID=2146) to work on /home/airflow/.local/lib/python3.7/site-packages/airflow/example_dags/example_sla_dag.py
[2023-02-24T14:14:04.789+0000] {processor.py:743} INFO - Processing file /home/airflow/.local/lib/python3.7/site-packages/airflow/example_dags/example_sla_dag.py for tasks to queue
[2023-02-24T14:14:04.790+0000] {logging_mixin.py:137} INFO - [2023-02-24T14:14:04.790+0000] {dagbag.py:538} INFO - Filling up the DagBag from /home/airflow/.local/lib/python3.7/site-packages/airflow/example_dags/example_sla_dag.py
[2023-02-24T14:14:04.805+0000] {processor.py:753} INFO - DAG(s) dict_keys(['example_sla_dag']) retrieved from /home/airflow/.local/lib/python3.7/site-packages/airflow/example_dags/example_sla_dag.py
[2023-02-24T14:14:04.821+0000] {logging_mixin.py:137} INFO - [2023-02-24T14:14:04.821+0000] {dag.py:2690} INFO - Sync 1 DAGs
[2023-02-24T14:14:04.839+0000] {logging_mixin.py:137} INFO - [2023-02-24T14:14:04.839+0000] {dag.py:3441} INFO - Setting next_dagrun for example_sla_dag to 2023-02-24T14:12:00+00:00, run_after=2023-02-24T14:14:00+00:00
[2023-02-24T14:14:04.852+0000] {processor.py:175} INFO - Processing /home/airflow/.local/lib/python3.7/site-packages/airflow/example_dags/example_sla_dag.py took 0.067 seconds
[2023-02-24T14:14:34.949+0000] {processor.py:153} INFO - Started process (PID=2222) to work on /home/airflow/.local/lib/python3.7/site-packages/airflow/example_dags/example_sla_dag.py
[2023-02-24T14:14:34.951+0000] {processor.py:743} INFO - Processing file /home/airflow/.local/lib/python3.7/site-packages/airflow/example_dags/example_sla_dag.py for tasks to queue
[2023-02-24T14:14:34.952+0000] {logging_mixin.py:137} INFO - [2023-02-24T14:14:34.952+0000] {dagbag.py:538} INFO - Filling up the DagBag from /home/airflow/.local/lib/python3.7/site-packages/airflow/example_dags/example_sla_dag.py
[2023-02-24T14:14:34.970+0000] {processor.py:753} INFO - DAG(s) dict_keys(['example_sla_dag']) retrieved from /home/airflow/.local/lib/python3.7/site-packages/airflow/example_dags/example_sla_dag.py
[2023-02-24T14:14:34.989+0000] {logging_mixin.py:137} INFO - [2023-02-24T14:14:34.989+0000] {dag.py:2690} INFO - Sync 1 DAGs
[2023-02-24T14:14:35.012+0000] {logging_mixin.py:137} INFO - [2023-02-24T14:14:35.011+0000] {dag.py:3441} INFO - Setting next_dagrun for example_sla_dag to 2023-02-24T14:12:00+00:00, run_after=2023-02-24T14:14:00+00:00
[2023-02-24T14:14:35.028+0000] {processor.py:175} INFO - Processing /home/airflow/.local/lib/python3.7/site-packages/airflow/example_dags/example_sla_dag.py took 0.082 seconds
[2023-02-24T14:15:05.500+0000] {processor.py:153} INFO - Started process (PID=2286) to work on /home/airflow/.local/lib/python3.7/site-packages/airflow/example_dags/example_sla_dag.py
[2023-02-24T14:15:05.501+0000] {processor.py:743} INFO - Processing file /home/airflow/.local/lib/python3.7/site-packages/airflow/example_dags/example_sla_dag.py for tasks to queue
[2023-02-24T14:15:05.502+0000] {logging_mixin.py:137} INFO - [2023-02-24T14:15:05.502+0000] {dagbag.py:538} INFO - Filling up the DagBag from /home/airflow/.local/lib/python3.7/site-packages/airflow/example_dags/example_sla_dag.py
[2023-02-24T14:15:05.517+0000] {processor.py:753} INFO - DAG(s) dict_keys(['example_sla_dag']) retrieved from /home/airflow/.local/lib/python3.7/site-packages/airflow/example_dags/example_sla_dag.py
[2023-02-24T14:15:05.533+0000] {logging_mixin.py:137} INFO - [2023-02-24T14:15:05.532+0000] {dag.py:2690} INFO - Sync 1 DAGs
[2023-02-24T14:15:05.549+0000] {logging_mixin.py:137} INFO - [2023-02-24T14:15:05.549+0000] {dag.py:3441} INFO - Setting next_dagrun for example_sla_dag to 2023-02-24T14:12:00+00:00, run_after=2023-02-24T14:14:00+00:00
[2023-02-24T14:15:05.560+0000] {processor.py:175} INFO - Processing /home/airflow/.local/lib/python3.7/site-packages/airflow/example_dags/example_sla_dag.py took 0.063 seconds
[2023-02-24T14:15:35.637+0000] {processor.py:153} INFO - Started process (PID=2362) to work on /home/airflow/.local/lib/python3.7/site-packages/airflow/example_dags/example_sla_dag.py
[2023-02-24T14:15:35.638+0000] {processor.py:743} INFO - Processing file /home/airflow/.local/lib/python3.7/site-packages/airflow/example_dags/example_sla_dag.py for tasks to queue
[2023-02-24T14:15:35.639+0000] {logging_mixin.py:137} INFO - [2023-02-24T14:15:35.639+0000] {dagbag.py:538} INFO - Filling up the DagBag from /home/airflow/.local/lib/python3.7/site-packages/airflow/example_dags/example_sla_dag.py
[2023-02-24T14:15:35.653+0000] {processor.py:753} INFO - DAG(s) dict_keys(['example_sla_dag']) retrieved from /home/airflow/.local/lib/python3.7/site-packages/airflow/example_dags/example_sla_dag.py
[2023-02-24T14:15:35.669+0000] {logging_mixin.py:137} INFO - [2023-02-24T14:15:35.669+0000] {dag.py:2690} INFO - Sync 1 DAGs
[2023-02-24T14:15:35.685+0000] {logging_mixin.py:137} INFO - [2023-02-24T14:15:35.685+0000] {dag.py:3441} INFO - Setting next_dagrun for example_sla_dag to 2023-02-24T14:12:00+00:00, run_after=2023-02-24T14:14:00+00:00
[2023-02-24T14:15:35.696+0000] {processor.py:175} INFO - Processing /home/airflow/.local/lib/python3.7/site-packages/airflow/example_dags/example_sla_dag.py took 0.061 seconds
[2023-02-24T14:16:06.011+0000] {processor.py:153} INFO - Started process (PID=2440) to work on /home/airflow/.local/lib/python3.7/site-packages/airflow/example_dags/example_sla_dag.py
[2023-02-24T14:16:06.013+0000] {processor.py:743} INFO - Processing file /home/airflow/.local/lib/python3.7/site-packages/airflow/example_dags/example_sla_dag.py for tasks to queue
[2023-02-24T14:16:06.014+0000] {logging_mixin.py:137} INFO - [2023-02-24T14:16:06.014+0000] {dagbag.py:538} INFO - Filling up the DagBag from /home/airflow/.local/lib/python3.7/site-packages/airflow/example_dags/example_sla_dag.py
[2023-02-24T14:16:06.027+0000] {processor.py:753} INFO - DAG(s) dict_keys(['example_sla_dag']) retrieved from /home/airflow/.local/lib/python3.7/site-packages/airflow/example_dags/example_sla_dag.py
[2023-02-24T14:16:06.043+0000] {logging_mixin.py:137} INFO - [2023-02-24T14:16:06.043+0000] {dag.py:2690} INFO - Sync 1 DAGs
[2023-02-24T14:16:06.058+0000] {logging_mixin.py:137} INFO - [2023-02-24T14:16:06.058+0000] {dag.py:3441} INFO - Setting next_dagrun for example_sla_dag to 2023-02-24T14:14:00+00:00, run_after=2023-02-24T14:16:00+00:00
[2023-02-24T14:16:06.069+0000] {processor.py:175} INFO - Processing /home/airflow/.local/lib/python3.7/site-packages/airflow/example_dags/example_sla_dag.py took 0.060 seconds
[2023-02-24T14:16:36.173+0000] {processor.py:153} INFO - Started process (PID=2505) to work on /home/airflow/.local/lib/python3.7/site-packages/airflow/example_dags/example_sla_dag.py
[2023-02-24T14:16:36.175+0000] {processor.py:743} INFO - Processing file /home/airflow/.local/lib/python3.7/site-packages/airflow/example_dags/example_sla_dag.py for tasks to queue
[2023-02-24T14:16:36.176+0000] {logging_mixin.py:137} INFO - [2023-02-24T14:16:36.176+0000] {dagbag.py:538} INFO - Filling up the DagBag from /home/airflow/.local/lib/python3.7/site-packages/airflow/example_dags/example_sla_dag.py
[2023-02-24T14:16:36.189+0000] {processor.py:753} INFO - DAG(s) dict_keys(['example_sla_dag']) retrieved from /home/airflow/.local/lib/python3.7/site-packages/airflow/example_dags/example_sla_dag.py
[2023-02-24T14:16:36.206+0000] {logging_mixin.py:137} INFO - [2023-02-24T14:16:36.206+0000] {dag.py:2690} INFO - Sync 1 DAGs
[2023-02-24T14:16:36.221+0000] {logging_mixin.py:137} INFO - [2023-02-24T14:16:36.221+0000] {dag.py:3441} INFO - Setting next_dagrun for example_sla_dag to 2023-02-24T14:14:00+00:00, run_after=2023-02-24T14:16:00+00:00
[2023-02-24T14:16:36.231+0000] {processor.py:175} INFO - Processing /home/airflow/.local/lib/python3.7/site-packages/airflow/example_dags/example_sla_dag.py took 0.060 seconds
[2023-02-24T14:17:06.576+0000] {processor.py:153} INFO - Started process (PID=2582) to work on /home/airflow/.local/lib/python3.7/site-packages/airflow/example_dags/example_sla_dag.py
[2023-02-24T14:17:06.578+0000] {processor.py:743} INFO - Processing file /home/airflow/.local/lib/python3.7/site-packages/airflow/example_dags/example_sla_dag.py for tasks to queue
[2023-02-24T14:17:06.579+0000] {logging_mixin.py:137} INFO - [2023-02-24T14:17:06.579+0000] {dagbag.py:538} INFO - Filling up the DagBag from /home/airflow/.local/lib/python3.7/site-packages/airflow/example_dags/example_sla_dag.py
[2023-02-24T14:17:06.591+0000] {processor.py:753} INFO - DAG(s) dict_keys(['example_sla_dag']) retrieved from /home/airflow/.local/lib/python3.7/site-packages/airflow/example_dags/example_sla_dag.py
[2023-02-24T14:17:06.606+0000] {logging_mixin.py:137} INFO - [2023-02-24T14:17:06.606+0000] {dag.py:2690} INFO - Sync 1 DAGs
[2023-02-24T14:17:06.621+0000] {logging_mixin.py:137} INFO - [2023-02-24T14:17:06.621+0000] {dag.py:3441} INFO - Setting next_dagrun for example_sla_dag to 2023-02-24T14:14:00+00:00, run_after=2023-02-24T14:16:00+00:00
[2023-02-24T14:17:06.631+0000] {processor.py:175} INFO - Processing /home/airflow/.local/lib/python3.7/site-packages/airflow/example_dags/example_sla_dag.py took 0.057 seconds
[2023-02-24T14:17:37.026+0000] {processor.py:153} INFO - Started process (PID=2656) to work on /home/airflow/.local/lib/python3.7/site-packages/airflow/example_dags/example_sla_dag.py
[2023-02-24T14:17:37.027+0000] {processor.py:743} INFO - Processing file /home/airflow/.local/lib/python3.7/site-packages/airflow/example_dags/example_sla_dag.py for tasks to queue
[2023-02-24T14:17:37.028+0000] {logging_mixin.py:137} INFO - [2023-02-24T14:17:37.028+0000] {dagbag.py:538} INFO - Filling up the DagBag from /home/airflow/.local/lib/python3.7/site-packages/airflow/example_dags/example_sla_dag.py
[2023-02-24T14:17:37.042+0000] {processor.py:753} INFO - DAG(s) dict_keys(['example_sla_dag']) retrieved from /home/airflow/.local/lib/python3.7/site-packages/airflow/example_dags/example_sla_dag.py
[2023-02-24T14:17:37.060+0000] {logging_mixin.py:137} INFO - [2023-02-24T14:17:37.059+0000] {dag.py:2690} INFO - Sync 1 DAGs
[2023-02-24T14:17:37.078+0000] {logging_mixin.py:137} INFO - [2023-02-24T14:17:37.078+0000] {dag.py:3441} INFO - Setting next_dagrun for example_sla_dag to 2023-02-24T14:14:00+00:00, run_after=2023-02-24T14:16:00+00:00
[2023-02-24T14:17:37.090+0000] {processor.py:175} INFO - Processing /home/airflow/.local/lib/python3.7/site-packages/airflow/example_dags/example_sla_dag.py took 0.066 seconds
[2023-02-24T14:18:07.686+0000] {processor.py:153} INFO - Started process (PID=2722) to work on /home/airflow/.local/lib/python3.7/site-packages/airflow/example_dags/example_sla_dag.py
[2023-02-24T14:18:07.687+0000] {processor.py:743} INFO - Processing file /home/airflow/.local/lib/python3.7/site-packages/airflow/example_dags/example_sla_dag.py for tasks to queue
[2023-02-24T14:18:07.688+0000] {logging_mixin.py:137} INFO - [2023-02-24T14:18:07.688+0000] {dagbag.py:538} INFO - Filling up the DagBag from /home/airflow/.local/lib/python3.7/site-packages/airflow/example_dags/example_sla_dag.py
[2023-02-24T14:18:07.704+0000] {processor.py:753} INFO - DAG(s) dict_keys(['example_sla_dag']) retrieved from /home/airflow/.local/lib/python3.7/site-packages/airflow/example_dags/example_sla_dag.py
[2023-02-24T14:18:07.721+0000] {logging_mixin.py:137} INFO - [2023-02-24T14:18:07.721+0000] {dag.py:2690} INFO - Sync 1 DAGs
[2023-02-24T14:18:07.739+0000] {logging_mixin.py:137} INFO - [2023-02-24T14:18:07.739+0000] {dag.py:3441} INFO - Setting next_dagrun for example_sla_dag to 2023-02-24T14:16:00+00:00, run_after=2023-02-24T14:18:00+00:00
[2023-02-24T14:18:07.751+0000] {processor.py:175} INFO - Processing /home/airflow/.local/lib/python3.7/site-packages/airflow/example_dags/example_sla_dag.py took 0.067 seconds
[2023-02-24T14:18:37.855+0000] {processor.py:153} INFO - Started process (PID=2799) to work on /home/airflow/.local/lib/python3.7/site-packages/airflow/example_dags/example_sla_dag.py
[2023-02-24T14:18:37.857+0000] {processor.py:743} INFO - Processing file /home/airflow/.local/lib/python3.7/site-packages/airflow/example_dags/example_sla_dag.py for tasks to queue
[2023-02-24T14:18:37.858+0000] {logging_mixin.py:137} INFO - [2023-02-24T14:18:37.858+0000] {dagbag.py:538} INFO - Filling up the DagBag from /home/airflow/.local/lib/python3.7/site-packages/airflow/example_dags/example_sla_dag.py
[2023-02-24T14:18:37.872+0000] {processor.py:753} INFO - DAG(s) dict_keys(['example_sla_dag']) retrieved from /home/airflow/.local/lib/python3.7/site-packages/airflow/example_dags/example_sla_dag.py
[2023-02-24T14:18:37.889+0000] {logging_mixin.py:137} INFO - [2023-02-24T14:18:37.889+0000] {dag.py:2690} INFO - Sync 1 DAGs
[2023-02-24T14:18:37.905+0000] {logging_mixin.py:137} INFO - [2023-02-24T14:18:37.905+0000] {dag.py:3441} INFO - Setting next_dagrun for example_sla_dag to 2023-02-24T14:16:00+00:00, run_after=2023-02-24T14:18:00+00:00
[2023-02-24T14:18:37.918+0000] {processor.py:175} INFO - Processing /home/airflow/.local/lib/python3.7/site-packages/airflow/example_dags/example_sla_dag.py took 0.065 seconds
[2023-02-24T14:19:08.116+0000] {processor.py:153} INFO - Started process (PID=2877) to work on /home/airflow/.local/lib/python3.7/site-packages/airflow/example_dags/example_sla_dag.py
[2023-02-24T14:19:08.117+0000] {processor.py:743} INFO - Processing file /home/airflow/.local/lib/python3.7/site-packages/airflow/example_dags/example_sla_dag.py for tasks to queue
[2023-02-24T14:19:08.118+0000] {logging_mixin.py:137} INFO - [2023-02-24T14:19:08.118+0000] {dagbag.py:538} INFO - Filling up the DagBag from /home/airflow/.local/lib/python3.7/site-packages/airflow/example_dags/example_sla_dag.py
[2023-02-24T14:19:08.132+0000] {processor.py:753} INFO - DAG(s) dict_keys(['example_sla_dag']) retrieved from /home/airflow/.local/lib/python3.7/site-packages/airflow/example_dags/example_sla_dag.py
[2023-02-24T14:19:08.151+0000] {logging_mixin.py:137} INFO - [2023-02-24T14:19:08.151+0000] {dag.py:2690} INFO - Sync 1 DAGs
[2023-02-24T14:19:08.168+0000] {logging_mixin.py:137} INFO - [2023-02-24T14:19:08.167+0000] {dag.py:3441} INFO - Setting next_dagrun for example_sla_dag to 2023-02-24T14:16:00+00:00, run_after=2023-02-24T14:18:00+00:00
[2023-02-24T14:19:08.180+0000] {processor.py:175} INFO - Processing /home/airflow/.local/lib/python3.7/site-packages/airflow/example_dags/example_sla_dag.py took 0.067 seconds
[2023-02-24T14:19:38.667+0000] {processor.py:153} INFO - Started process (PID=2942) to work on /home/airflow/.local/lib/python3.7/site-packages/airflow/example_dags/example_sla_dag.py
[2023-02-24T14:19:38.669+0000] {processor.py:743} INFO - Processing file /home/airflow/.local/lib/python3.7/site-packages/airflow/example_dags/example_sla_dag.py for tasks to queue
[2023-02-24T14:19:38.670+0000] {logging_mixin.py:137} INFO - [2023-02-24T14:19:38.670+0000] {dagbag.py:538} INFO - Filling up the DagBag from /home/airflow/.local/lib/python3.7/site-packages/airflow/example_dags/example_sla_dag.py
[2023-02-24T14:19:38.684+0000] {processor.py:753} INFO - DAG(s) dict_keys(['example_sla_dag']) retrieved from /home/airflow/.local/lib/python3.7/site-packages/airflow/example_dags/example_sla_dag.py
[2023-02-24T14:19:38.700+0000] {logging_mixin.py:137} INFO - [2023-02-24T14:19:38.700+0000] {dag.py:2690} INFO - Sync 1 DAGs
[2023-02-24T14:19:38.716+0000] {logging_mixin.py:137} INFO - [2023-02-24T14:19:38.716+0000] {dag.py:3441} INFO - Setting next_dagrun for example_sla_dag to 2023-02-24T14:16:00+00:00, run_after=2023-02-24T14:18:00+00:00
[2023-02-24T14:19:38.729+0000] {processor.py:175} INFO - Processing /home/airflow/.local/lib/python3.7/site-packages/airflow/example_dags/example_sla_dag.py took 0.064 seconds
[2023-02-24T14:20:09.236+0000] {processor.py:153} INFO - Started process (PID=3018) to work on /home/airflow/.local/lib/python3.7/site-packages/airflow/example_dags/example_sla_dag.py
[2023-02-24T14:20:09.238+0000] {processor.py:743} INFO - Processing file /home/airflow/.local/lib/python3.7/site-packages/airflow/example_dags/example_sla_dag.py for tasks to queue
[2023-02-24T14:20:09.239+0000] {logging_mixin.py:137} INFO - [2023-02-24T14:20:09.239+0000] {dagbag.py:538} INFO - Filling up the DagBag from /home/airflow/.local/lib/python3.7/site-packages/airflow/example_dags/example_sla_dag.py
[2023-02-24T14:20:09.260+0000] {processor.py:753} INFO - DAG(s) dict_keys(['example_sla_dag']) retrieved from /home/airflow/.local/lib/python3.7/site-packages/airflow/example_dags/example_sla_dag.py
[2023-02-24T14:20:09.280+0000] {logging_mixin.py:137} INFO - [2023-02-24T14:20:09.280+0000] {dag.py:2690} INFO - Sync 1 DAGs
[2023-02-24T14:20:09.300+0000] {logging_mixin.py:137} INFO - [2023-02-24T14:20:09.300+0000] {dag.py:3441} INFO - Setting next_dagrun for example_sla_dag to 2023-02-24T14:18:00+00:00, run_after=2023-02-24T14:20:00+00:00
[2023-02-24T14:20:09.317+0000] {processor.py:175} INFO - Processing /home/airflow/.local/lib/python3.7/site-packages/airflow/example_dags/example_sla_dag.py took 0.083 seconds
