[2023-02-24T13:41:34.416+0000] {processor.py:153} INFO - Started process (PID=40) to work on /home/airflow/.local/lib/python3.7/site-packages/airflow/example_dags/example_sensors.py
[2023-02-24T13:41:34.418+0000] {processor.py:743} INFO - Processing file /home/airflow/.local/lib/python3.7/site-packages/airflow/example_dags/example_sensors.py for tasks to queue
[2023-02-24T13:41:34.420+0000] {logging_mixin.py:137} INFO - [2023-02-24T13:41:34.420+0000] {dagbag.py:538} INFO - Filling up the DagBag from /home/airflow/.local/lib/python3.7/site-packages/airflow/example_dags/example_sensors.py
[2023-02-24T13:41:34.502+0000] {processor.py:753} INFO - DAG(s) dict_keys(['example_sensors']) retrieved from /home/airflow/.local/lib/python3.7/site-packages/airflow/example_dags/example_sensors.py
[2023-02-24T13:41:34.542+0000] {logging_mixin.py:137} INFO - [2023-02-24T13:41:34.542+0000] {dag.py:2690} INFO - Sync 1 DAGs
[2023-02-24T13:41:34.587+0000] {logging_mixin.py:137} INFO - [2023-02-24T13:41:34.587+0000] {dag.py:3441} INFO - Setting next_dagrun for example_sensors to None, run_after=None
[2023-02-24T13:41:34.626+0000] {processor.py:175} INFO - Processing /home/airflow/.local/lib/python3.7/site-packages/airflow/example_dags/example_sensors.py took 0.223 seconds
[2023-02-24T13:42:05.140+0000] {processor.py:153} INFO - Started process (PID=113) to work on /home/airflow/.local/lib/python3.7/site-packages/airflow/example_dags/example_sensors.py
[2023-02-24T13:42:05.141+0000] {processor.py:743} INFO - Processing file /home/airflow/.local/lib/python3.7/site-packages/airflow/example_dags/example_sensors.py for tasks to queue
[2023-02-24T13:42:05.142+0000] {logging_mixin.py:137} INFO - [2023-02-24T13:42:05.142+0000] {dagbag.py:538} INFO - Filling up the DagBag from /home/airflow/.local/lib/python3.7/site-packages/airflow/example_dags/example_sensors.py
[2023-02-24T13:42:05.157+0000] {processor.py:753} INFO - DAG(s) dict_keys(['example_sensors']) retrieved from /home/airflow/.local/lib/python3.7/site-packages/airflow/example_dags/example_sensors.py
[2023-02-24T13:42:05.174+0000] {logging_mixin.py:137} INFO - [2023-02-24T13:42:05.174+0000] {dag.py:2690} INFO - Sync 1 DAGs
[2023-02-24T13:42:05.190+0000] {logging_mixin.py:137} INFO - [2023-02-24T13:42:05.190+0000] {dag.py:3441} INFO - Setting next_dagrun for example_sensors to None, run_after=None
[2023-02-24T13:42:05.202+0000] {processor.py:175} INFO - Processing /home/airflow/.local/lib/python3.7/site-packages/airflow/example_dags/example_sensors.py took 0.064 seconds
[2023-02-24T13:42:35.918+0000] {processor.py:153} INFO - Started process (PID=187) to work on /home/airflow/.local/lib/python3.7/site-packages/airflow/example_dags/example_sensors.py
[2023-02-24T13:42:35.922+0000] {processor.py:743} INFO - Processing file /home/airflow/.local/lib/python3.7/site-packages/airflow/example_dags/example_sensors.py for tasks to queue
[2023-02-24T13:42:35.924+0000] {logging_mixin.py:137} INFO - [2023-02-24T13:42:35.924+0000] {dagbag.py:538} INFO - Filling up the DagBag from /home/airflow/.local/lib/python3.7/site-packages/airflow/example_dags/example_sensors.py
[2023-02-24T13:42:35.939+0000] {processor.py:753} INFO - DAG(s) dict_keys(['example_sensors']) retrieved from /home/airflow/.local/lib/python3.7/site-packages/airflow/example_dags/example_sensors.py
[2023-02-24T13:42:35.962+0000] {logging_mixin.py:137} INFO - [2023-02-24T13:42:35.962+0000] {dag.py:2690} INFO - Sync 1 DAGs
[2023-02-24T13:42:35.984+0000] {logging_mixin.py:137} INFO - [2023-02-24T13:42:35.984+0000] {dag.py:3441} INFO - Setting next_dagrun for example_sensors to None, run_after=None
[2023-02-24T13:42:36.007+0000] {processor.py:175} INFO - Processing /home/airflow/.local/lib/python3.7/site-packages/airflow/example_dags/example_sensors.py took 0.093 seconds
[2023-02-24T13:43:06.655+0000] {processor.py:153} INFO - Started process (PID=257) to work on /home/airflow/.local/lib/python3.7/site-packages/airflow/example_dags/example_sensors.py
[2023-02-24T13:43:06.657+0000] {processor.py:743} INFO - Processing file /home/airflow/.local/lib/python3.7/site-packages/airflow/example_dags/example_sensors.py for tasks to queue
[2023-02-24T13:43:06.659+0000] {logging_mixin.py:137} INFO - [2023-02-24T13:43:06.659+0000] {dagbag.py:538} INFO - Filling up the DagBag from /home/airflow/.local/lib/python3.7/site-packages/airflow/example_dags/example_sensors.py
[2023-02-24T13:43:06.672+0000] {processor.py:753} INFO - DAG(s) dict_keys(['example_sensors']) retrieved from /home/airflow/.local/lib/python3.7/site-packages/airflow/example_dags/example_sensors.py
[2023-02-24T13:43:06.694+0000] {logging_mixin.py:137} INFO - [2023-02-24T13:43:06.694+0000] {dag.py:2690} INFO - Sync 1 DAGs
[2023-02-24T13:43:06.714+0000] {logging_mixin.py:137} INFO - [2023-02-24T13:43:06.713+0000] {dag.py:3441} INFO - Setting next_dagrun for example_sensors to None, run_after=None
[2023-02-24T13:43:06.727+0000] {processor.py:175} INFO - Processing /home/airflow/.local/lib/python3.7/site-packages/airflow/example_dags/example_sensors.py took 0.076 seconds
[2023-02-24T13:43:37.191+0000] {processor.py:153} INFO - Started process (PID=335) to work on /home/airflow/.local/lib/python3.7/site-packages/airflow/example_dags/example_sensors.py
[2023-02-24T13:43:37.192+0000] {processor.py:743} INFO - Processing file /home/airflow/.local/lib/python3.7/site-packages/airflow/example_dags/example_sensors.py for tasks to queue
[2023-02-24T13:43:37.194+0000] {logging_mixin.py:137} INFO - [2023-02-24T13:43:37.193+0000] {dagbag.py:538} INFO - Filling up the DagBag from /home/airflow/.local/lib/python3.7/site-packages/airflow/example_dags/example_sensors.py
[2023-02-24T13:43:37.207+0000] {processor.py:753} INFO - DAG(s) dict_keys(['example_sensors']) retrieved from /home/airflow/.local/lib/python3.7/site-packages/airflow/example_dags/example_sensors.py
[2023-02-24T13:43:37.228+0000] {logging_mixin.py:137} INFO - [2023-02-24T13:43:37.228+0000] {dag.py:2690} INFO - Sync 1 DAGs
[2023-02-24T13:43:37.250+0000] {logging_mixin.py:137} INFO - [2023-02-24T13:43:37.250+0000] {dag.py:3441} INFO - Setting next_dagrun for example_sensors to None, run_after=None
[2023-02-24T13:43:37.267+0000] {processor.py:175} INFO - Processing /home/airflow/.local/lib/python3.7/site-packages/airflow/example_dags/example_sensors.py took 0.079 seconds
[2023-02-24T13:44:07.811+0000] {processor.py:153} INFO - Started process (PID=412) to work on /home/airflow/.local/lib/python3.7/site-packages/airflow/example_dags/example_sensors.py
[2023-02-24T13:44:07.814+0000] {processor.py:743} INFO - Processing file /home/airflow/.local/lib/python3.7/site-packages/airflow/example_dags/example_sensors.py for tasks to queue
[2023-02-24T13:44:07.816+0000] {logging_mixin.py:137} INFO - [2023-02-24T13:44:07.815+0000] {dagbag.py:538} INFO - Filling up the DagBag from /home/airflow/.local/lib/python3.7/site-packages/airflow/example_dags/example_sensors.py
[2023-02-24T13:44:07.837+0000] {processor.py:753} INFO - DAG(s) dict_keys(['example_sensors']) retrieved from /home/airflow/.local/lib/python3.7/site-packages/airflow/example_dags/example_sensors.py
[2023-02-24T13:44:07.886+0000] {logging_mixin.py:137} INFO - [2023-02-24T13:44:07.885+0000] {dag.py:2690} INFO - Sync 1 DAGs
[2023-02-24T13:44:07.928+0000] {logging_mixin.py:137} INFO - [2023-02-24T13:44:07.928+0000] {dag.py:3441} INFO - Setting next_dagrun for example_sensors to None, run_after=None
[2023-02-24T13:44:07.952+0000] {processor.py:175} INFO - Processing /home/airflow/.local/lib/python3.7/site-packages/airflow/example_dags/example_sensors.py took 0.144 seconds
[2023-02-24T13:44:38.159+0000] {processor.py:153} INFO - Started process (PID=476) to work on /home/airflow/.local/lib/python3.7/site-packages/airflow/example_dags/example_sensors.py
[2023-02-24T13:44:38.160+0000] {processor.py:743} INFO - Processing file /home/airflow/.local/lib/python3.7/site-packages/airflow/example_dags/example_sensors.py for tasks to queue
[2023-02-24T13:44:38.161+0000] {logging_mixin.py:137} INFO - [2023-02-24T13:44:38.161+0000] {dagbag.py:538} INFO - Filling up the DagBag from /home/airflow/.local/lib/python3.7/site-packages/airflow/example_dags/example_sensors.py
[2023-02-24T13:44:38.173+0000] {processor.py:753} INFO - DAG(s) dict_keys(['example_sensors']) retrieved from /home/airflow/.local/lib/python3.7/site-packages/airflow/example_dags/example_sensors.py
[2023-02-24T13:44:38.190+0000] {logging_mixin.py:137} INFO - [2023-02-24T13:44:38.190+0000] {dag.py:2690} INFO - Sync 1 DAGs
[2023-02-24T13:44:38.205+0000] {logging_mixin.py:137} INFO - [2023-02-24T13:44:38.205+0000] {dag.py:3441} INFO - Setting next_dagrun for example_sensors to None, run_after=None
[2023-02-24T13:44:38.215+0000] {processor.py:175} INFO - Processing /home/airflow/.local/lib/python3.7/site-packages/airflow/example_dags/example_sensors.py took 0.059 seconds
[2023-02-24T13:45:08.742+0000] {processor.py:153} INFO - Started process (PID=553) to work on /home/airflow/.local/lib/python3.7/site-packages/airflow/example_dags/example_sensors.py
[2023-02-24T13:45:08.744+0000] {processor.py:743} INFO - Processing file /home/airflow/.local/lib/python3.7/site-packages/airflow/example_dags/example_sensors.py for tasks to queue
[2023-02-24T13:45:08.746+0000] {logging_mixin.py:137} INFO - [2023-02-24T13:45:08.746+0000] {dagbag.py:538} INFO - Filling up the DagBag from /home/airflow/.local/lib/python3.7/site-packages/airflow/example_dags/example_sensors.py
[2023-02-24T13:45:08.758+0000] {processor.py:753} INFO - DAG(s) dict_keys(['example_sensors']) retrieved from /home/airflow/.local/lib/python3.7/site-packages/airflow/example_dags/example_sensors.py
[2023-02-24T13:45:08.779+0000] {logging_mixin.py:137} INFO - [2023-02-24T13:45:08.779+0000] {dag.py:2690} INFO - Sync 1 DAGs
[2023-02-24T13:45:08.795+0000] {logging_mixin.py:137} INFO - [2023-02-24T13:45:08.795+0000] {dag.py:3441} INFO - Setting next_dagrun for example_sensors to None, run_after=None
[2023-02-24T13:45:08.815+0000] {processor.py:175} INFO - Processing /home/airflow/.local/lib/python3.7/site-packages/airflow/example_dags/example_sensors.py took 0.075 seconds
[2023-02-24T13:45:51.705+0000] {processor.py:153} INFO - Started process (PID=39) to work on /home/airflow/.local/lib/python3.7/site-packages/airflow/example_dags/example_sensors.py
[2023-02-24T13:45:51.707+0000] {processor.py:743} INFO - Processing file /home/airflow/.local/lib/python3.7/site-packages/airflow/example_dags/example_sensors.py for tasks to queue
[2023-02-24T13:45:51.709+0000] {logging_mixin.py:137} INFO - [2023-02-24T13:45:51.708+0000] {dagbag.py:538} INFO - Filling up the DagBag from /home/airflow/.local/lib/python3.7/site-packages/airflow/example_dags/example_sensors.py
[2023-02-24T13:45:51.784+0000] {processor.py:753} INFO - DAG(s) dict_keys(['example_sensors']) retrieved from /home/airflow/.local/lib/python3.7/site-packages/airflow/example_dags/example_sensors.py
[2023-02-24T13:45:51.805+0000] {logging_mixin.py:137} INFO - [2023-02-24T13:45:51.804+0000] {dag.py:2690} INFO - Sync 1 DAGs
[2023-02-24T13:45:51.826+0000] {logging_mixin.py:137} INFO - [2023-02-24T13:45:51.826+0000] {dag.py:3441} INFO - Setting next_dagrun for example_sensors to None, run_after=None
[2023-02-24T13:45:51.844+0000] {processor.py:175} INFO - Processing /home/airflow/.local/lib/python3.7/site-packages/airflow/example_dags/example_sensors.py took 0.144 seconds
[2023-02-24T13:46:22.577+0000] {processor.py:153} INFO - Started process (PID=116) to work on /home/airflow/.local/lib/python3.7/site-packages/airflow/example_dags/example_sensors.py
[2023-02-24T13:46:22.579+0000] {processor.py:743} INFO - Processing file /home/airflow/.local/lib/python3.7/site-packages/airflow/example_dags/example_sensors.py for tasks to queue
[2023-02-24T13:46:22.580+0000] {logging_mixin.py:137} INFO - [2023-02-24T13:46:22.580+0000] {dagbag.py:538} INFO - Filling up the DagBag from /home/airflow/.local/lib/python3.7/site-packages/airflow/example_dags/example_sensors.py
[2023-02-24T13:46:22.602+0000] {processor.py:753} INFO - DAG(s) dict_keys(['example_sensors']) retrieved from /home/airflow/.local/lib/python3.7/site-packages/airflow/example_dags/example_sensors.py
[2023-02-24T13:46:22.628+0000] {logging_mixin.py:137} INFO - [2023-02-24T13:46:22.628+0000] {dag.py:2690} INFO - Sync 1 DAGs
[2023-02-24T13:46:22.653+0000] {logging_mixin.py:137} INFO - [2023-02-24T13:46:22.653+0000] {dag.py:3441} INFO - Setting next_dagrun for example_sensors to None, run_after=None
[2023-02-24T13:46:22.675+0000] {processor.py:175} INFO - Processing /home/airflow/.local/lib/python3.7/site-packages/airflow/example_dags/example_sensors.py took 0.102 seconds
[2023-02-24T13:46:52.995+0000] {processor.py:153} INFO - Started process (PID=181) to work on /home/airflow/.local/lib/python3.7/site-packages/airflow/example_dags/example_sensors.py
[2023-02-24T13:46:52.997+0000] {processor.py:743} INFO - Processing file /home/airflow/.local/lib/python3.7/site-packages/airflow/example_dags/example_sensors.py for tasks to queue
[2023-02-24T13:46:52.998+0000] {logging_mixin.py:137} INFO - [2023-02-24T13:46:52.998+0000] {dagbag.py:538} INFO - Filling up the DagBag from /home/airflow/.local/lib/python3.7/site-packages/airflow/example_dags/example_sensors.py
[2023-02-24T13:46:53.010+0000] {processor.py:753} INFO - DAG(s) dict_keys(['example_sensors']) retrieved from /home/airflow/.local/lib/python3.7/site-packages/airflow/example_dags/example_sensors.py
[2023-02-24T13:46:53.029+0000] {logging_mixin.py:137} INFO - [2023-02-24T13:46:53.029+0000] {dag.py:2690} INFO - Sync 1 DAGs
[2023-02-24T13:46:53.044+0000] {logging_mixin.py:137} INFO - [2023-02-24T13:46:53.044+0000] {dag.py:3441} INFO - Setting next_dagrun for example_sensors to None, run_after=None
[2023-02-24T13:46:53.056+0000] {processor.py:175} INFO - Processing /home/airflow/.local/lib/python3.7/site-packages/airflow/example_dags/example_sensors.py took 0.063 seconds
[2023-02-24T13:47:23.157+0000] {processor.py:153} INFO - Started process (PID=258) to work on /home/airflow/.local/lib/python3.7/site-packages/airflow/example_dags/example_sensors.py
[2023-02-24T13:47:23.158+0000] {processor.py:743} INFO - Processing file /home/airflow/.local/lib/python3.7/site-packages/airflow/example_dags/example_sensors.py for tasks to queue
[2023-02-24T13:47:23.159+0000] {logging_mixin.py:137} INFO - [2023-02-24T13:47:23.159+0000] {dagbag.py:538} INFO - Filling up the DagBag from /home/airflow/.local/lib/python3.7/site-packages/airflow/example_dags/example_sensors.py
[2023-02-24T13:47:23.172+0000] {processor.py:753} INFO - DAG(s) dict_keys(['example_sensors']) retrieved from /home/airflow/.local/lib/python3.7/site-packages/airflow/example_dags/example_sensors.py
[2023-02-24T13:47:23.192+0000] {logging_mixin.py:137} INFO - [2023-02-24T13:47:23.192+0000] {dag.py:2690} INFO - Sync 1 DAGs
[2023-02-24T13:47:23.208+0000] {logging_mixin.py:137} INFO - [2023-02-24T13:47:23.208+0000] {dag.py:3441} INFO - Setting next_dagrun for example_sensors to None, run_after=None
[2023-02-24T13:47:23.222+0000] {processor.py:175} INFO - Processing /home/airflow/.local/lib/python3.7/site-packages/airflow/example_dags/example_sensors.py took 0.067 seconds
[2023-02-24T13:48:13.155+0000] {processor.py:153} INFO - Started process (PID=39) to work on /home/airflow/.local/lib/python3.7/site-packages/airflow/example_dags/example_sensors.py
[2023-02-24T13:48:13.157+0000] {processor.py:743} INFO - Processing file /home/airflow/.local/lib/python3.7/site-packages/airflow/example_dags/example_sensors.py for tasks to queue
[2023-02-24T13:48:13.158+0000] {logging_mixin.py:137} INFO - [2023-02-24T13:48:13.158+0000] {dagbag.py:538} INFO - Filling up the DagBag from /home/airflow/.local/lib/python3.7/site-packages/airflow/example_dags/example_sensors.py
[2023-02-24T13:48:13.180+0000] {processor.py:753} INFO - DAG(s) dict_keys(['example_sensors']) retrieved from /home/airflow/.local/lib/python3.7/site-packages/airflow/example_dags/example_sensors.py
[2023-02-24T13:48:13.198+0000] {logging_mixin.py:137} INFO - [2023-02-24T13:48:13.198+0000] {dag.py:2690} INFO - Sync 1 DAGs
[2023-02-24T13:48:13.219+0000] {logging_mixin.py:137} INFO - [2023-02-24T13:48:13.219+0000] {dag.py:3441} INFO - Setting next_dagrun for example_sensors to None, run_after=None
[2023-02-24T13:48:13.247+0000] {processor.py:175} INFO - Processing /home/airflow/.local/lib/python3.7/site-packages/airflow/example_dags/example_sensors.py took 0.095 seconds
[2023-02-24T13:48:43.993+0000] {processor.py:153} INFO - Started process (PID=117) to work on /home/airflow/.local/lib/python3.7/site-packages/airflow/example_dags/example_sensors.py
[2023-02-24T13:48:43.994+0000] {processor.py:743} INFO - Processing file /home/airflow/.local/lib/python3.7/site-packages/airflow/example_dags/example_sensors.py for tasks to queue
[2023-02-24T13:48:43.995+0000] {logging_mixin.py:137} INFO - [2023-02-24T13:48:43.995+0000] {dagbag.py:538} INFO - Filling up the DagBag from /home/airflow/.local/lib/python3.7/site-packages/airflow/example_dags/example_sensors.py
[2023-02-24T13:48:44.008+0000] {processor.py:753} INFO - DAG(s) dict_keys(['example_sensors']) retrieved from /home/airflow/.local/lib/python3.7/site-packages/airflow/example_dags/example_sensors.py
[2023-02-24T13:48:44.025+0000] {logging_mixin.py:137} INFO - [2023-02-24T13:48:44.025+0000] {dag.py:2690} INFO - Sync 1 DAGs
[2023-02-24T13:48:44.041+0000] {logging_mixin.py:137} INFO - [2023-02-24T13:48:44.041+0000] {dag.py:3441} INFO - Setting next_dagrun for example_sensors to None, run_after=None
[2023-02-24T13:48:44.054+0000] {processor.py:175} INFO - Processing /home/airflow/.local/lib/python3.7/site-packages/airflow/example_dags/example_sensors.py took 0.063 seconds
[2023-02-24T13:49:14.295+0000] {processor.py:153} INFO - Started process (PID=183) to work on /home/airflow/.local/lib/python3.7/site-packages/airflow/example_dags/example_sensors.py
[2023-02-24T13:49:14.297+0000] {processor.py:743} INFO - Processing file /home/airflow/.local/lib/python3.7/site-packages/airflow/example_dags/example_sensors.py for tasks to queue
[2023-02-24T13:49:14.298+0000] {logging_mixin.py:137} INFO - [2023-02-24T13:49:14.298+0000] {dagbag.py:538} INFO - Filling up the DagBag from /home/airflow/.local/lib/python3.7/site-packages/airflow/example_dags/example_sensors.py
[2023-02-24T13:49:14.309+0000] {processor.py:753} INFO - DAG(s) dict_keys(['example_sensors']) retrieved from /home/airflow/.local/lib/python3.7/site-packages/airflow/example_dags/example_sensors.py
[2023-02-24T13:49:14.327+0000] {logging_mixin.py:137} INFO - [2023-02-24T13:49:14.327+0000] {dag.py:2690} INFO - Sync 1 DAGs
[2023-02-24T13:49:14.341+0000] {logging_mixin.py:137} INFO - [2023-02-24T13:49:14.341+0000] {dag.py:3441} INFO - Setting next_dagrun for example_sensors to None, run_after=None
[2023-02-24T13:49:14.354+0000] {processor.py:175} INFO - Processing /home/airflow/.local/lib/python3.7/site-packages/airflow/example_dags/example_sensors.py took 0.061 seconds
[2023-02-24T13:49:44.824+0000] {processor.py:153} INFO - Started process (PID=260) to work on /home/airflow/.local/lib/python3.7/site-packages/airflow/example_dags/example_sensors.py
[2023-02-24T13:49:44.826+0000] {processor.py:743} INFO - Processing file /home/airflow/.local/lib/python3.7/site-packages/airflow/example_dags/example_sensors.py for tasks to queue
[2023-02-24T13:49:44.827+0000] {logging_mixin.py:137} INFO - [2023-02-24T13:49:44.827+0000] {dagbag.py:538} INFO - Filling up the DagBag from /home/airflow/.local/lib/python3.7/site-packages/airflow/example_dags/example_sensors.py
[2023-02-24T13:49:44.839+0000] {processor.py:753} INFO - DAG(s) dict_keys(['example_sensors']) retrieved from /home/airflow/.local/lib/python3.7/site-packages/airflow/example_dags/example_sensors.py
[2023-02-24T13:49:44.857+0000] {logging_mixin.py:137} INFO - [2023-02-24T13:49:44.857+0000] {dag.py:2690} INFO - Sync 1 DAGs
[2023-02-24T13:49:44.875+0000] {logging_mixin.py:137} INFO - [2023-02-24T13:49:44.874+0000] {dag.py:3441} INFO - Setting next_dagrun for example_sensors to None, run_after=None
[2023-02-24T13:49:44.887+0000] {processor.py:175} INFO - Processing /home/airflow/.local/lib/python3.7/site-packages/airflow/example_dags/example_sensors.py took 0.065 seconds
[2023-02-24T13:50:15.870+0000] {processor.py:153} INFO - Started process (PID=337) to work on /home/airflow/.local/lib/python3.7/site-packages/airflow/example_dags/example_sensors.py
[2023-02-24T13:50:15.875+0000] {processor.py:743} INFO - Processing file /home/airflow/.local/lib/python3.7/site-packages/airflow/example_dags/example_sensors.py for tasks to queue
[2023-02-24T13:50:15.878+0000] {logging_mixin.py:137} INFO - [2023-02-24T13:50:15.878+0000] {dagbag.py:538} INFO - Filling up the DagBag from /home/airflow/.local/lib/python3.7/site-packages/airflow/example_dags/example_sensors.py
[2023-02-24T13:50:15.902+0000] {processor.py:753} INFO - DAG(s) dict_keys(['example_sensors']) retrieved from /home/airflow/.local/lib/python3.7/site-packages/airflow/example_dags/example_sensors.py
[2023-02-24T13:50:15.934+0000] {logging_mixin.py:137} INFO - [2023-02-24T13:50:15.933+0000] {dag.py:2690} INFO - Sync 1 DAGs
[2023-02-24T13:50:15.965+0000] {logging_mixin.py:137} INFO - [2023-02-24T13:50:15.964+0000] {dag.py:3441} INFO - Setting next_dagrun for example_sensors to None, run_after=None
[2023-02-24T13:50:15.994+0000] {processor.py:175} INFO - Processing /home/airflow/.local/lib/python3.7/site-packages/airflow/example_dags/example_sensors.py took 0.131 seconds
[2023-02-24T13:50:46.315+0000] {processor.py:153} INFO - Started process (PID=401) to work on /home/airflow/.local/lib/python3.7/site-packages/airflow/example_dags/example_sensors.py
[2023-02-24T13:50:46.317+0000] {processor.py:743} INFO - Processing file /home/airflow/.local/lib/python3.7/site-packages/airflow/example_dags/example_sensors.py for tasks to queue
[2023-02-24T13:50:46.319+0000] {logging_mixin.py:137} INFO - [2023-02-24T13:50:46.319+0000] {dagbag.py:538} INFO - Filling up the DagBag from /home/airflow/.local/lib/python3.7/site-packages/airflow/example_dags/example_sensors.py
[2023-02-24T13:50:46.331+0000] {processor.py:753} INFO - DAG(s) dict_keys(['example_sensors']) retrieved from /home/airflow/.local/lib/python3.7/site-packages/airflow/example_dags/example_sensors.py
[2023-02-24T13:50:46.350+0000] {logging_mixin.py:137} INFO - [2023-02-24T13:50:46.350+0000] {dag.py:2690} INFO - Sync 1 DAGs
[2023-02-24T13:50:46.366+0000] {logging_mixin.py:137} INFO - [2023-02-24T13:50:46.366+0000] {dag.py:3441} INFO - Setting next_dagrun for example_sensors to None, run_after=None
[2023-02-24T13:50:46.378+0000] {processor.py:175} INFO - Processing /home/airflow/.local/lib/python3.7/site-packages/airflow/example_dags/example_sensors.py took 0.064 seconds
[2023-02-24T13:51:16.916+0000] {processor.py:153} INFO - Started process (PID=477) to work on /home/airflow/.local/lib/python3.7/site-packages/airflow/example_dags/example_sensors.py
[2023-02-24T13:51:16.918+0000] {processor.py:743} INFO - Processing file /home/airflow/.local/lib/python3.7/site-packages/airflow/example_dags/example_sensors.py for tasks to queue
[2023-02-24T13:51:16.919+0000] {logging_mixin.py:137} INFO - [2023-02-24T13:51:16.919+0000] {dagbag.py:538} INFO - Filling up the DagBag from /home/airflow/.local/lib/python3.7/site-packages/airflow/example_dags/example_sensors.py
[2023-02-24T13:51:16.935+0000] {processor.py:753} INFO - DAG(s) dict_keys(['example_sensors']) retrieved from /home/airflow/.local/lib/python3.7/site-packages/airflow/example_dags/example_sensors.py
[2023-02-24T13:51:16.957+0000] {logging_mixin.py:137} INFO - [2023-02-24T13:51:16.957+0000] {dag.py:2690} INFO - Sync 1 DAGs
[2023-02-24T13:51:16.977+0000] {logging_mixin.py:137} INFO - [2023-02-24T13:51:16.977+0000] {dag.py:3441} INFO - Setting next_dagrun for example_sensors to None, run_after=None
[2023-02-24T13:51:16.990+0000] {processor.py:175} INFO - Processing /home/airflow/.local/lib/python3.7/site-packages/airflow/example_dags/example_sensors.py took 0.076 seconds
[2023-02-24T13:51:47.193+0000] {processor.py:153} INFO - Started process (PID=554) to work on /home/airflow/.local/lib/python3.7/site-packages/airflow/example_dags/example_sensors.py
[2023-02-24T13:51:47.195+0000] {processor.py:743} INFO - Processing file /home/airflow/.local/lib/python3.7/site-packages/airflow/example_dags/example_sensors.py for tasks to queue
[2023-02-24T13:51:47.196+0000] {logging_mixin.py:137} INFO - [2023-02-24T13:51:47.196+0000] {dagbag.py:538} INFO - Filling up the DagBag from /home/airflow/.local/lib/python3.7/site-packages/airflow/example_dags/example_sensors.py
[2023-02-24T13:51:47.208+0000] {processor.py:753} INFO - DAG(s) dict_keys(['example_sensors']) retrieved from /home/airflow/.local/lib/python3.7/site-packages/airflow/example_dags/example_sensors.py
[2023-02-24T13:51:47.227+0000] {logging_mixin.py:137} INFO - [2023-02-24T13:51:47.227+0000] {dag.py:2690} INFO - Sync 1 DAGs
[2023-02-24T13:51:47.243+0000] {logging_mixin.py:137} INFO - [2023-02-24T13:51:47.243+0000] {dag.py:3441} INFO - Setting next_dagrun for example_sensors to None, run_after=None
[2023-02-24T13:51:47.256+0000] {processor.py:175} INFO - Processing /home/airflow/.local/lib/python3.7/site-packages/airflow/example_dags/example_sensors.py took 0.065 seconds
[2023-02-24T13:52:18.375+0000] {processor.py:153} INFO - Started process (PID=630) to work on /home/airflow/.local/lib/python3.7/site-packages/airflow/example_dags/example_sensors.py
[2023-02-24T13:52:18.377+0000] {processor.py:743} INFO - Processing file /home/airflow/.local/lib/python3.7/site-packages/airflow/example_dags/example_sensors.py for tasks to queue
[2023-02-24T13:52:18.378+0000] {logging_mixin.py:137} INFO - [2023-02-24T13:52:18.378+0000] {dagbag.py:538} INFO - Filling up the DagBag from /home/airflow/.local/lib/python3.7/site-packages/airflow/example_dags/example_sensors.py
[2023-02-24T13:52:18.392+0000] {processor.py:753} INFO - DAG(s) dict_keys(['example_sensors']) retrieved from /home/airflow/.local/lib/python3.7/site-packages/airflow/example_dags/example_sensors.py
[2023-02-24T13:52:18.412+0000] {logging_mixin.py:137} INFO - [2023-02-24T13:52:18.412+0000] {dag.py:2690} INFO - Sync 1 DAGs
[2023-02-24T13:52:18.442+0000] {logging_mixin.py:137} INFO - [2023-02-24T13:52:18.442+0000] {dag.py:3441} INFO - Setting next_dagrun for example_sensors to None, run_after=None
[2023-02-24T13:52:18.459+0000] {processor.py:175} INFO - Processing /home/airflow/.local/lib/python3.7/site-packages/airflow/example_dags/example_sensors.py took 0.088 seconds
[2023-02-24T13:52:48.612+0000] {processor.py:153} INFO - Started process (PID=695) to work on /home/airflow/.local/lib/python3.7/site-packages/airflow/example_dags/example_sensors.py
[2023-02-24T13:52:48.614+0000] {processor.py:743} INFO - Processing file /home/airflow/.local/lib/python3.7/site-packages/airflow/example_dags/example_sensors.py for tasks to queue
[2023-02-24T13:52:48.615+0000] {logging_mixin.py:137} INFO - [2023-02-24T13:52:48.615+0000] {dagbag.py:538} INFO - Filling up the DagBag from /home/airflow/.local/lib/python3.7/site-packages/airflow/example_dags/example_sensors.py
[2023-02-24T13:52:48.627+0000] {processor.py:753} INFO - DAG(s) dict_keys(['example_sensors']) retrieved from /home/airflow/.local/lib/python3.7/site-packages/airflow/example_dags/example_sensors.py
[2023-02-24T13:52:48.646+0000] {logging_mixin.py:137} INFO - [2023-02-24T13:52:48.646+0000] {dag.py:2690} INFO - Sync 1 DAGs
[2023-02-24T13:52:48.661+0000] {logging_mixin.py:137} INFO - [2023-02-24T13:52:48.661+0000] {dag.py:3441} INFO - Setting next_dagrun for example_sensors to None, run_after=None
[2023-02-24T13:52:48.672+0000] {processor.py:175} INFO - Processing /home/airflow/.local/lib/python3.7/site-packages/airflow/example_dags/example_sensors.py took 0.062 seconds
[2023-02-24T13:53:18.913+0000] {processor.py:153} INFO - Started process (PID=771) to work on /home/airflow/.local/lib/python3.7/site-packages/airflow/example_dags/example_sensors.py
[2023-02-24T13:53:18.915+0000] {processor.py:743} INFO - Processing file /home/airflow/.local/lib/python3.7/site-packages/airflow/example_dags/example_sensors.py for tasks to queue
[2023-02-24T13:53:18.917+0000] {logging_mixin.py:137} INFO - [2023-02-24T13:53:18.917+0000] {dagbag.py:538} INFO - Filling up the DagBag from /home/airflow/.local/lib/python3.7/site-packages/airflow/example_dags/example_sensors.py
[2023-02-24T13:53:18.930+0000] {processor.py:753} INFO - DAG(s) dict_keys(['example_sensors']) retrieved from /home/airflow/.local/lib/python3.7/site-packages/airflow/example_dags/example_sensors.py
[2023-02-24T13:53:18.949+0000] {logging_mixin.py:137} INFO - [2023-02-24T13:53:18.949+0000] {dag.py:2690} INFO - Sync 1 DAGs
[2023-02-24T13:53:18.970+0000] {logging_mixin.py:137} INFO - [2023-02-24T13:53:18.970+0000] {dag.py:3441} INFO - Setting next_dagrun for example_sensors to None, run_after=None
[2023-02-24T13:53:18.985+0000] {processor.py:175} INFO - Processing /home/airflow/.local/lib/python3.7/site-packages/airflow/example_dags/example_sensors.py took 0.073 seconds
[2023-02-24T13:53:49.275+0000] {processor.py:153} INFO - Started process (PID=847) to work on /home/airflow/.local/lib/python3.7/site-packages/airflow/example_dags/example_sensors.py
[2023-02-24T13:53:49.278+0000] {processor.py:743} INFO - Processing file /home/airflow/.local/lib/python3.7/site-packages/airflow/example_dags/example_sensors.py for tasks to queue
[2023-02-24T13:53:49.280+0000] {logging_mixin.py:137} INFO - [2023-02-24T13:53:49.279+0000] {dagbag.py:538} INFO - Filling up the DagBag from /home/airflow/.local/lib/python3.7/site-packages/airflow/example_dags/example_sensors.py
[2023-02-24T13:53:49.297+0000] {processor.py:753} INFO - DAG(s) dict_keys(['example_sensors']) retrieved from /home/airflow/.local/lib/python3.7/site-packages/airflow/example_dags/example_sensors.py
[2023-02-24T13:53:49.321+0000] {logging_mixin.py:137} INFO - [2023-02-24T13:53:49.321+0000] {dag.py:2690} INFO - Sync 1 DAGs
[2023-02-24T13:53:49.345+0000] {logging_mixin.py:137} INFO - [2023-02-24T13:53:49.345+0000] {dag.py:3441} INFO - Setting next_dagrun for example_sensors to None, run_after=None
[2023-02-24T13:53:49.369+0000] {processor.py:175} INFO - Processing /home/airflow/.local/lib/python3.7/site-packages/airflow/example_dags/example_sensors.py took 0.097 seconds
[2023-02-24T13:54:19.562+0000] {processor.py:153} INFO - Started process (PID=912) to work on /home/airflow/.local/lib/python3.7/site-packages/airflow/example_dags/example_sensors.py
[2023-02-24T13:54:19.564+0000] {processor.py:743} INFO - Processing file /home/airflow/.local/lib/python3.7/site-packages/airflow/example_dags/example_sensors.py for tasks to queue
[2023-02-24T13:54:19.565+0000] {logging_mixin.py:137} INFO - [2023-02-24T13:54:19.565+0000] {dagbag.py:538} INFO - Filling up the DagBag from /home/airflow/.local/lib/python3.7/site-packages/airflow/example_dags/example_sensors.py
[2023-02-24T13:54:19.578+0000] {processor.py:753} INFO - DAG(s) dict_keys(['example_sensors']) retrieved from /home/airflow/.local/lib/python3.7/site-packages/airflow/example_dags/example_sensors.py
[2023-02-24T13:54:19.597+0000] {logging_mixin.py:137} INFO - [2023-02-24T13:54:19.597+0000] {dag.py:2690} INFO - Sync 1 DAGs
[2023-02-24T13:54:19.615+0000] {logging_mixin.py:137} INFO - [2023-02-24T13:54:19.615+0000] {dag.py:3441} INFO - Setting next_dagrun for example_sensors to None, run_after=None
[2023-02-24T13:54:19.629+0000] {processor.py:175} INFO - Processing /home/airflow/.local/lib/python3.7/site-packages/airflow/example_dags/example_sensors.py took 0.069 seconds
[2023-02-24T13:54:49.879+0000] {processor.py:153} INFO - Started process (PID=991) to work on /home/airflow/.local/lib/python3.7/site-packages/airflow/example_dags/example_sensors.py
[2023-02-24T13:54:49.880+0000] {processor.py:743} INFO - Processing file /home/airflow/.local/lib/python3.7/site-packages/airflow/example_dags/example_sensors.py for tasks to queue
[2023-02-24T13:54:49.881+0000] {logging_mixin.py:137} INFO - [2023-02-24T13:54:49.881+0000] {dagbag.py:538} INFO - Filling up the DagBag from /home/airflow/.local/lib/python3.7/site-packages/airflow/example_dags/example_sensors.py
[2023-02-24T13:54:49.894+0000] {processor.py:753} INFO - DAG(s) dict_keys(['example_sensors']) retrieved from /home/airflow/.local/lib/python3.7/site-packages/airflow/example_dags/example_sensors.py
[2023-02-24T13:54:49.912+0000] {logging_mixin.py:137} INFO - [2023-02-24T13:54:49.912+0000] {dag.py:2690} INFO - Sync 1 DAGs
[2023-02-24T13:54:49.927+0000] {logging_mixin.py:137} INFO - [2023-02-24T13:54:49.927+0000] {dag.py:3441} INFO - Setting next_dagrun for example_sensors to None, run_after=None
[2023-02-24T13:54:49.941+0000] {processor.py:175} INFO - Processing /home/airflow/.local/lib/python3.7/site-packages/airflow/example_dags/example_sensors.py took 0.065 seconds
[2023-02-24T13:55:23.178+0000] {processor.py:153} INFO - Started process (PID=39) to work on /home/airflow/.local/lib/python3.7/site-packages/airflow/example_dags/example_sensors.py
[2023-02-24T13:55:23.179+0000] {processor.py:743} INFO - Processing file /home/airflow/.local/lib/python3.7/site-packages/airflow/example_dags/example_sensors.py for tasks to queue
[2023-02-24T13:55:23.180+0000] {logging_mixin.py:137} INFO - [2023-02-24T13:55:23.180+0000] {dagbag.py:538} INFO - Filling up the DagBag from /home/airflow/.local/lib/python3.7/site-packages/airflow/example_dags/example_sensors.py
[2023-02-24T13:55:23.207+0000] {processor.py:753} INFO - DAG(s) dict_keys(['example_sensors']) retrieved from /home/airflow/.local/lib/python3.7/site-packages/airflow/example_dags/example_sensors.py
[2023-02-24T13:55:23.224+0000] {logging_mixin.py:137} INFO - [2023-02-24T13:55:23.224+0000] {dag.py:2690} INFO - Sync 1 DAGs
[2023-02-24T13:55:23.255+0000] {logging_mixin.py:137} INFO - [2023-02-24T13:55:23.255+0000] {dag.py:3441} INFO - Setting next_dagrun for example_sensors to None, run_after=None
[2023-02-24T13:55:23.273+0000] {processor.py:175} INFO - Processing /home/airflow/.local/lib/python3.7/site-packages/airflow/example_dags/example_sensors.py took 0.100 seconds
[2023-02-24T13:55:53.972+0000] {processor.py:153} INFO - Started process (PID=117) to work on /home/airflow/.local/lib/python3.7/site-packages/airflow/example_dags/example_sensors.py
[2023-02-24T13:55:53.973+0000] {processor.py:743} INFO - Processing file /home/airflow/.local/lib/python3.7/site-packages/airflow/example_dags/example_sensors.py for tasks to queue
[2023-02-24T13:55:53.974+0000] {logging_mixin.py:137} INFO - [2023-02-24T13:55:53.974+0000] {dagbag.py:538} INFO - Filling up the DagBag from /home/airflow/.local/lib/python3.7/site-packages/airflow/example_dags/example_sensors.py
[2023-02-24T13:55:53.986+0000] {processor.py:753} INFO - DAG(s) dict_keys(['example_sensors']) retrieved from /home/airflow/.local/lib/python3.7/site-packages/airflow/example_dags/example_sensors.py
[2023-02-24T13:55:54.005+0000] {logging_mixin.py:137} INFO - [2023-02-24T13:55:54.005+0000] {dag.py:2690} INFO - Sync 1 DAGs
[2023-02-24T13:55:54.021+0000] {logging_mixin.py:137} INFO - [2023-02-24T13:55:54.021+0000] {dag.py:3441} INFO - Setting next_dagrun for example_sensors to None, run_after=None
[2023-02-24T13:55:54.033+0000] {processor.py:175} INFO - Processing /home/airflow/.local/lib/python3.7/site-packages/airflow/example_dags/example_sensors.py took 0.064 seconds
[2023-02-24T13:56:24.280+0000] {processor.py:153} INFO - Started process (PID=181) to work on /home/airflow/.local/lib/python3.7/site-packages/airflow/example_dags/example_sensors.py
[2023-02-24T13:56:24.281+0000] {processor.py:743} INFO - Processing file /home/airflow/.local/lib/python3.7/site-packages/airflow/example_dags/example_sensors.py for tasks to queue
[2023-02-24T13:56:24.282+0000] {logging_mixin.py:137} INFO - [2023-02-24T13:56:24.282+0000] {dagbag.py:538} INFO - Filling up the DagBag from /home/airflow/.local/lib/python3.7/site-packages/airflow/example_dags/example_sensors.py
[2023-02-24T13:56:24.293+0000] {processor.py:753} INFO - DAG(s) dict_keys(['example_sensors']) retrieved from /home/airflow/.local/lib/python3.7/site-packages/airflow/example_dags/example_sensors.py
[2023-02-24T13:56:24.309+0000] {logging_mixin.py:137} INFO - [2023-02-24T13:56:24.309+0000] {dag.py:2690} INFO - Sync 1 DAGs
[2023-02-24T13:56:24.323+0000] {logging_mixin.py:137} INFO - [2023-02-24T13:56:24.323+0000] {dag.py:3441} INFO - Setting next_dagrun for example_sensors to None, run_after=None
[2023-02-24T13:56:24.334+0000] {processor.py:175} INFO - Processing /home/airflow/.local/lib/python3.7/site-packages/airflow/example_dags/example_sensors.py took 0.057 seconds
[2023-02-24T13:56:54.489+0000] {processor.py:153} INFO - Started process (PID=258) to work on /home/airflow/.local/lib/python3.7/site-packages/airflow/example_dags/example_sensors.py
[2023-02-24T13:56:54.491+0000] {processor.py:743} INFO - Processing file /home/airflow/.local/lib/python3.7/site-packages/airflow/example_dags/example_sensors.py for tasks to queue
[2023-02-24T13:56:54.492+0000] {logging_mixin.py:137} INFO - [2023-02-24T13:56:54.492+0000] {dagbag.py:538} INFO - Filling up the DagBag from /home/airflow/.local/lib/python3.7/site-packages/airflow/example_dags/example_sensors.py
[2023-02-24T13:56:54.504+0000] {processor.py:753} INFO - DAG(s) dict_keys(['example_sensors']) retrieved from /home/airflow/.local/lib/python3.7/site-packages/airflow/example_dags/example_sensors.py
[2023-02-24T13:56:54.522+0000] {logging_mixin.py:137} INFO - [2023-02-24T13:56:54.522+0000] {dag.py:2690} INFO - Sync 1 DAGs
[2023-02-24T13:56:54.539+0000] {logging_mixin.py:137} INFO - [2023-02-24T13:56:54.539+0000] {dag.py:3441} INFO - Setting next_dagrun for example_sensors to None, run_after=None
[2023-02-24T13:56:54.557+0000] {processor.py:175} INFO - Processing /home/airflow/.local/lib/python3.7/site-packages/airflow/example_dags/example_sensors.py took 0.070 seconds
[2023-02-24T13:57:24.688+0000] {processor.py:153} INFO - Started process (PID=334) to work on /home/airflow/.local/lib/python3.7/site-packages/airflow/example_dags/example_sensors.py
[2023-02-24T13:57:24.690+0000] {processor.py:743} INFO - Processing file /home/airflow/.local/lib/python3.7/site-packages/airflow/example_dags/example_sensors.py for tasks to queue
[2023-02-24T13:57:24.691+0000] {logging_mixin.py:137} INFO - [2023-02-24T13:57:24.691+0000] {dagbag.py:538} INFO - Filling up the DagBag from /home/airflow/.local/lib/python3.7/site-packages/airflow/example_dags/example_sensors.py
[2023-02-24T13:57:24.702+0000] {processor.py:753} INFO - DAG(s) dict_keys(['example_sensors']) retrieved from /home/airflow/.local/lib/python3.7/site-packages/airflow/example_dags/example_sensors.py
[2023-02-24T13:57:24.722+0000] {logging_mixin.py:137} INFO - [2023-02-24T13:57:24.722+0000] {dag.py:2690} INFO - Sync 1 DAGs
[2023-02-24T13:57:24.739+0000] {logging_mixin.py:137} INFO - [2023-02-24T13:57:24.739+0000] {dag.py:3441} INFO - Setting next_dagrun for example_sensors to None, run_after=None
[2023-02-24T13:57:24.751+0000] {processor.py:175} INFO - Processing /home/airflow/.local/lib/python3.7/site-packages/airflow/example_dags/example_sensors.py took 0.065 seconds
[2023-02-24T13:57:54.904+0000] {processor.py:153} INFO - Started process (PID=398) to work on /home/airflow/.local/lib/python3.7/site-packages/airflow/example_dags/example_sensors.py
[2023-02-24T13:57:54.907+0000] {processor.py:743} INFO - Processing file /home/airflow/.local/lib/python3.7/site-packages/airflow/example_dags/example_sensors.py for tasks to queue
[2023-02-24T13:57:54.909+0000] {logging_mixin.py:137} INFO - [2023-02-24T13:57:54.909+0000] {dagbag.py:538} INFO - Filling up the DagBag from /home/airflow/.local/lib/python3.7/site-packages/airflow/example_dags/example_sensors.py
[2023-02-24T13:57:54.921+0000] {processor.py:753} INFO - DAG(s) dict_keys(['example_sensors']) retrieved from /home/airflow/.local/lib/python3.7/site-packages/airflow/example_dags/example_sensors.py
[2023-02-24T13:57:54.940+0000] {logging_mixin.py:137} INFO - [2023-02-24T13:57:54.940+0000] {dag.py:2690} INFO - Sync 1 DAGs
[2023-02-24T13:57:54.957+0000] {logging_mixin.py:137} INFO - [2023-02-24T13:57:54.957+0000] {dag.py:3441} INFO - Setting next_dagrun for example_sensors to None, run_after=None
[2023-02-24T13:57:54.969+0000] {processor.py:175} INFO - Processing /home/airflow/.local/lib/python3.7/site-packages/airflow/example_dags/example_sensors.py took 0.067 seconds
[2023-02-24T13:58:25.058+0000] {processor.py:153} INFO - Started process (PID=473) to work on /home/airflow/.local/lib/python3.7/site-packages/airflow/example_dags/example_sensors.py
[2023-02-24T13:58:25.059+0000] {processor.py:743} INFO - Processing file /home/airflow/.local/lib/python3.7/site-packages/airflow/example_dags/example_sensors.py for tasks to queue
[2023-02-24T13:58:25.061+0000] {logging_mixin.py:137} INFO - [2023-02-24T13:58:25.061+0000] {dagbag.py:538} INFO - Filling up the DagBag from /home/airflow/.local/lib/python3.7/site-packages/airflow/example_dags/example_sensors.py
[2023-02-24T13:58:25.073+0000] {processor.py:753} INFO - DAG(s) dict_keys(['example_sensors']) retrieved from /home/airflow/.local/lib/python3.7/site-packages/airflow/example_dags/example_sensors.py
[2023-02-24T13:58:25.092+0000] {logging_mixin.py:137} INFO - [2023-02-24T13:58:25.092+0000] {dag.py:2690} INFO - Sync 1 DAGs
[2023-02-24T13:58:25.109+0000] {logging_mixin.py:137} INFO - [2023-02-24T13:58:25.109+0000] {dag.py:3441} INFO - Setting next_dagrun for example_sensors to None, run_after=None
[2023-02-24T13:58:25.122+0000] {processor.py:175} INFO - Processing /home/airflow/.local/lib/python3.7/site-packages/airflow/example_dags/example_sensors.py took 0.066 seconds
[2023-02-24T13:58:56.226+0000] {processor.py:153} INFO - Started process (PID=551) to work on /home/airflow/.local/lib/python3.7/site-packages/airflow/example_dags/example_sensors.py
[2023-02-24T13:58:56.228+0000] {processor.py:743} INFO - Processing file /home/airflow/.local/lib/python3.7/site-packages/airflow/example_dags/example_sensors.py for tasks to queue
[2023-02-24T13:58:56.229+0000] {logging_mixin.py:137} INFO - [2023-02-24T13:58:56.229+0000] {dagbag.py:538} INFO - Filling up the DagBag from /home/airflow/.local/lib/python3.7/site-packages/airflow/example_dags/example_sensors.py
[2023-02-24T13:58:56.241+0000] {processor.py:753} INFO - DAG(s) dict_keys(['example_sensors']) retrieved from /home/airflow/.local/lib/python3.7/site-packages/airflow/example_dags/example_sensors.py
[2023-02-24T13:58:56.259+0000] {logging_mixin.py:137} INFO - [2023-02-24T13:58:56.259+0000] {dag.py:2690} INFO - Sync 1 DAGs
[2023-02-24T13:58:56.274+0000] {logging_mixin.py:137} INFO - [2023-02-24T13:58:56.273+0000] {dag.py:3441} INFO - Setting next_dagrun for example_sensors to None, run_after=None
[2023-02-24T13:58:56.285+0000] {processor.py:175} INFO - Processing /home/airflow/.local/lib/python3.7/site-packages/airflow/example_dags/example_sensors.py took 0.062 seconds
[2023-02-24T13:59:22.489+0000] {processor.py:153} INFO - Started process (PID=39) to work on /home/airflow/.local/lib/python3.7/site-packages/airflow/example_dags/example_sensors.py
[2023-02-24T13:59:22.492+0000] {processor.py:743} INFO - Processing file /home/airflow/.local/lib/python3.7/site-packages/airflow/example_dags/example_sensors.py for tasks to queue
[2023-02-24T13:59:22.493+0000] {logging_mixin.py:137} INFO - [2023-02-24T13:59:22.493+0000] {dagbag.py:538} INFO - Filling up the DagBag from /home/airflow/.local/lib/python3.7/site-packages/airflow/example_dags/example_sensors.py
[2023-02-24T13:59:22.522+0000] {processor.py:753} INFO - DAG(s) dict_keys(['example_sensors']) retrieved from /home/airflow/.local/lib/python3.7/site-packages/airflow/example_dags/example_sensors.py
[2023-02-24T13:59:22.534+0000] {logging_mixin.py:137} INFO - [2023-02-24T13:59:22.534+0000] {dag.py:2690} INFO - Sync 1 DAGs
[2023-02-24T13:59:22.556+0000] {logging_mixin.py:137} INFO - [2023-02-24T13:59:22.555+0000] {dag.py:3441} INFO - Setting next_dagrun for example_sensors to None, run_after=None
[2023-02-24T13:59:22.572+0000] {processor.py:175} INFO - Processing /home/airflow/.local/lib/python3.7/site-packages/airflow/example_dags/example_sensors.py took 0.090 seconds
[2023-02-24T13:59:53.109+0000] {processor.py:153} INFO - Started process (PID=112) to work on /home/airflow/.local/lib/python3.7/site-packages/airflow/example_dags/example_sensors.py
[2023-02-24T13:59:53.111+0000] {processor.py:743} INFO - Processing file /home/airflow/.local/lib/python3.7/site-packages/airflow/example_dags/example_sensors.py for tasks to queue
[2023-02-24T13:59:53.112+0000] {logging_mixin.py:137} INFO - [2023-02-24T13:59:53.111+0000] {dagbag.py:538} INFO - Filling up the DagBag from /home/airflow/.local/lib/python3.7/site-packages/airflow/example_dags/example_sensors.py
[2023-02-24T13:59:53.126+0000] {processor.py:753} INFO - DAG(s) dict_keys(['example_sensors']) retrieved from /home/airflow/.local/lib/python3.7/site-packages/airflow/example_dags/example_sensors.py
[2023-02-24T13:59:53.143+0000] {logging_mixin.py:137} INFO - [2023-02-24T13:59:53.143+0000] {dag.py:2690} INFO - Sync 1 DAGs
[2023-02-24T13:59:53.159+0000] {logging_mixin.py:137} INFO - [2023-02-24T13:59:53.159+0000] {dag.py:3441} INFO - Setting next_dagrun for example_sensors to None, run_after=None
[2023-02-24T13:59:53.170+0000] {processor.py:175} INFO - Processing /home/airflow/.local/lib/python3.7/site-packages/airflow/example_dags/example_sensors.py took 0.063 seconds
[2023-02-24T14:00:23.591+0000] {processor.py:153} INFO - Started process (PID=182) to work on /home/airflow/.local/lib/python3.7/site-packages/airflow/example_dags/example_sensors.py
[2023-02-24T14:00:23.593+0000] {processor.py:743} INFO - Processing file /home/airflow/.local/lib/python3.7/site-packages/airflow/example_dags/example_sensors.py for tasks to queue
[2023-02-24T14:00:23.594+0000] {logging_mixin.py:137} INFO - [2023-02-24T14:00:23.594+0000] {dagbag.py:538} INFO - Filling up the DagBag from /home/airflow/.local/lib/python3.7/site-packages/airflow/example_dags/example_sensors.py
[2023-02-24T14:00:23.607+0000] {processor.py:753} INFO - DAG(s) dict_keys(['example_sensors']) retrieved from /home/airflow/.local/lib/python3.7/site-packages/airflow/example_dags/example_sensors.py
[2023-02-24T14:00:23.625+0000] {logging_mixin.py:137} INFO - [2023-02-24T14:00:23.625+0000] {dag.py:2690} INFO - Sync 1 DAGs
[2023-02-24T14:00:23.640+0000] {logging_mixin.py:137} INFO - [2023-02-24T14:00:23.640+0000] {dag.py:3441} INFO - Setting next_dagrun for example_sensors to None, run_after=None
[2023-02-24T14:00:23.651+0000] {processor.py:175} INFO - Processing /home/airflow/.local/lib/python3.7/site-packages/airflow/example_dags/example_sensors.py took 0.064 seconds
[2023-02-24T14:00:54.173+0000] {processor.py:153} INFO - Started process (PID=261) to work on /home/airflow/.local/lib/python3.7/site-packages/airflow/example_dags/example_sensors.py
[2023-02-24T14:00:54.175+0000] {processor.py:743} INFO - Processing file /home/airflow/.local/lib/python3.7/site-packages/airflow/example_dags/example_sensors.py for tasks to queue
[2023-02-24T14:00:54.176+0000] {logging_mixin.py:137} INFO - [2023-02-24T14:00:54.176+0000] {dagbag.py:538} INFO - Filling up the DagBag from /home/airflow/.local/lib/python3.7/site-packages/airflow/example_dags/example_sensors.py
[2023-02-24T14:00:54.189+0000] {processor.py:753} INFO - DAG(s) dict_keys(['example_sensors']) retrieved from /home/airflow/.local/lib/python3.7/site-packages/airflow/example_dags/example_sensors.py
[2023-02-24T14:00:54.206+0000] {logging_mixin.py:137} INFO - [2023-02-24T14:00:54.206+0000] {dag.py:2690} INFO - Sync 1 DAGs
[2023-02-24T14:00:54.221+0000] {logging_mixin.py:137} INFO - [2023-02-24T14:00:54.220+0000] {dag.py:3441} INFO - Setting next_dagrun for example_sensors to None, run_after=None
[2023-02-24T14:00:54.232+0000] {processor.py:175} INFO - Processing /home/airflow/.local/lib/python3.7/site-packages/airflow/example_dags/example_sensors.py took 0.061 seconds
[2023-02-24T14:01:24.696+0000] {processor.py:153} INFO - Started process (PID=338) to work on /home/airflow/.local/lib/python3.7/site-packages/airflow/example_dags/example_sensors.py
[2023-02-24T14:01:24.698+0000] {processor.py:743} INFO - Processing file /home/airflow/.local/lib/python3.7/site-packages/airflow/example_dags/example_sensors.py for tasks to queue
[2023-02-24T14:01:24.700+0000] {logging_mixin.py:137} INFO - [2023-02-24T14:01:24.700+0000] {dagbag.py:538} INFO - Filling up the DagBag from /home/airflow/.local/lib/python3.7/site-packages/airflow/example_dags/example_sensors.py
[2023-02-24T14:01:24.717+0000] {processor.py:753} INFO - DAG(s) dict_keys(['example_sensors']) retrieved from /home/airflow/.local/lib/python3.7/site-packages/airflow/example_dags/example_sensors.py
[2023-02-24T14:01:24.757+0000] {logging_mixin.py:137} INFO - [2023-02-24T14:01:24.756+0000] {dag.py:2690} INFO - Sync 1 DAGs
[2023-02-24T14:01:24.784+0000] {logging_mixin.py:137} INFO - [2023-02-24T14:01:24.783+0000] {dag.py:3441} INFO - Setting next_dagrun for example_sensors to None, run_after=None
[2023-02-24T14:01:24.801+0000] {processor.py:175} INFO - Processing /home/airflow/.local/lib/python3.7/site-packages/airflow/example_dags/example_sensors.py took 0.110 seconds
[2023-02-24T14:01:54.867+0000] {processor.py:153} INFO - Started process (PID=403) to work on /home/airflow/.local/lib/python3.7/site-packages/airflow/example_dags/example_sensors.py
[2023-02-24T14:01:54.870+0000] {processor.py:743} INFO - Processing file /home/airflow/.local/lib/python3.7/site-packages/airflow/example_dags/example_sensors.py for tasks to queue
[2023-02-24T14:01:54.871+0000] {logging_mixin.py:137} INFO - [2023-02-24T14:01:54.871+0000] {dagbag.py:538} INFO - Filling up the DagBag from /home/airflow/.local/lib/python3.7/site-packages/airflow/example_dags/example_sensors.py
[2023-02-24T14:01:54.883+0000] {processor.py:753} INFO - DAG(s) dict_keys(['example_sensors']) retrieved from /home/airflow/.local/lib/python3.7/site-packages/airflow/example_dags/example_sensors.py
[2023-02-24T14:01:54.901+0000] {logging_mixin.py:137} INFO - [2023-02-24T14:01:54.900+0000] {dag.py:2690} INFO - Sync 1 DAGs
[2023-02-24T14:01:54.916+0000] {logging_mixin.py:137} INFO - [2023-02-24T14:01:54.916+0000] {dag.py:3441} INFO - Setting next_dagrun for example_sensors to None, run_after=None
[2023-02-24T14:01:54.929+0000] {processor.py:175} INFO - Processing /home/airflow/.local/lib/python3.7/site-packages/airflow/example_dags/example_sensors.py took 0.064 seconds
[2023-02-24T14:02:25.248+0000] {processor.py:153} INFO - Started process (PID=480) to work on /home/airflow/.local/lib/python3.7/site-packages/airflow/example_dags/example_sensors.py
[2023-02-24T14:02:25.249+0000] {processor.py:743} INFO - Processing file /home/airflow/.local/lib/python3.7/site-packages/airflow/example_dags/example_sensors.py for tasks to queue
[2023-02-24T14:02:25.251+0000] {logging_mixin.py:137} INFO - [2023-02-24T14:02:25.251+0000] {dagbag.py:538} INFO - Filling up the DagBag from /home/airflow/.local/lib/python3.7/site-packages/airflow/example_dags/example_sensors.py
[2023-02-24T14:02:25.262+0000] {processor.py:753} INFO - DAG(s) dict_keys(['example_sensors']) retrieved from /home/airflow/.local/lib/python3.7/site-packages/airflow/example_dags/example_sensors.py
[2023-02-24T14:02:25.279+0000] {logging_mixin.py:137} INFO - [2023-02-24T14:02:25.279+0000] {dag.py:2690} INFO - Sync 1 DAGs
[2023-02-24T14:02:25.293+0000] {logging_mixin.py:137} INFO - [2023-02-24T14:02:25.293+0000] {dag.py:3441} INFO - Setting next_dagrun for example_sensors to None, run_after=None
[2023-02-24T14:02:25.303+0000] {processor.py:175} INFO - Processing /home/airflow/.local/lib/python3.7/site-packages/airflow/example_dags/example_sensors.py took 0.058 seconds
[2023-02-24T14:02:55.526+0000] {processor.py:153} INFO - Started process (PID=557) to work on /home/airflow/.local/lib/python3.7/site-packages/airflow/example_dags/example_sensors.py
[2023-02-24T14:02:55.528+0000] {processor.py:743} INFO - Processing file /home/airflow/.local/lib/python3.7/site-packages/airflow/example_dags/example_sensors.py for tasks to queue
[2023-02-24T14:02:55.529+0000] {logging_mixin.py:137} INFO - [2023-02-24T14:02:55.529+0000] {dagbag.py:538} INFO - Filling up the DagBag from /home/airflow/.local/lib/python3.7/site-packages/airflow/example_dags/example_sensors.py
[2023-02-24T14:02:55.547+0000] {processor.py:753} INFO - DAG(s) dict_keys(['example_sensors']) retrieved from /home/airflow/.local/lib/python3.7/site-packages/airflow/example_dags/example_sensors.py
[2023-02-24T14:02:55.565+0000] {logging_mixin.py:137} INFO - [2023-02-24T14:02:55.564+0000] {dag.py:2690} INFO - Sync 1 DAGs
[2023-02-24T14:02:55.586+0000] {logging_mixin.py:137} INFO - [2023-02-24T14:02:55.586+0000] {dag.py:3441} INFO - Setting next_dagrun for example_sensors to None, run_after=None
[2023-02-24T14:02:55.610+0000] {processor.py:175} INFO - Processing /home/airflow/.local/lib/python3.7/site-packages/airflow/example_dags/example_sensors.py took 0.087 seconds
[2023-02-24T14:03:26.006+0000] {processor.py:153} INFO - Started process (PID=622) to work on /home/airflow/.local/lib/python3.7/site-packages/airflow/example_dags/example_sensors.py
[2023-02-24T14:03:26.007+0000] {processor.py:743} INFO - Processing file /home/airflow/.local/lib/python3.7/site-packages/airflow/example_dags/example_sensors.py for tasks to queue
[2023-02-24T14:03:26.009+0000] {logging_mixin.py:137} INFO - [2023-02-24T14:03:26.008+0000] {dagbag.py:538} INFO - Filling up the DagBag from /home/airflow/.local/lib/python3.7/site-packages/airflow/example_dags/example_sensors.py
[2023-02-24T14:03:26.020+0000] {processor.py:753} INFO - DAG(s) dict_keys(['example_sensors']) retrieved from /home/airflow/.local/lib/python3.7/site-packages/airflow/example_dags/example_sensors.py
[2023-02-24T14:03:26.037+0000] {logging_mixin.py:137} INFO - [2023-02-24T14:03:26.037+0000] {dag.py:2690} INFO - Sync 1 DAGs
[2023-02-24T14:03:26.051+0000] {logging_mixin.py:137} INFO - [2023-02-24T14:03:26.051+0000] {dag.py:3441} INFO - Setting next_dagrun for example_sensors to None, run_after=None
[2023-02-24T14:03:26.062+0000] {processor.py:175} INFO - Processing /home/airflow/.local/lib/python3.7/site-packages/airflow/example_dags/example_sensors.py took 0.058 seconds
[2023-02-24T14:03:56.981+0000] {processor.py:153} INFO - Started process (PID=697) to work on /home/airflow/.local/lib/python3.7/site-packages/airflow/example_dags/example_sensors.py
[2023-02-24T14:03:56.982+0000] {processor.py:743} INFO - Processing file /home/airflow/.local/lib/python3.7/site-packages/airflow/example_dags/example_sensors.py for tasks to queue
[2023-02-24T14:03:56.983+0000] {logging_mixin.py:137} INFO - [2023-02-24T14:03:56.983+0000] {dagbag.py:538} INFO - Filling up the DagBag from /home/airflow/.local/lib/python3.7/site-packages/airflow/example_dags/example_sensors.py
[2023-02-24T14:03:56.996+0000] {processor.py:753} INFO - DAG(s) dict_keys(['example_sensors']) retrieved from /home/airflow/.local/lib/python3.7/site-packages/airflow/example_dags/example_sensors.py
[2023-02-24T14:03:57.015+0000] {logging_mixin.py:137} INFO - [2023-02-24T14:03:57.015+0000] {dag.py:2690} INFO - Sync 1 DAGs
[2023-02-24T14:03:57.030+0000] {logging_mixin.py:137} INFO - [2023-02-24T14:03:57.030+0000] {dag.py:3441} INFO - Setting next_dagrun for example_sensors to None, run_after=None
[2023-02-24T14:03:57.044+0000] {processor.py:175} INFO - Processing /home/airflow/.local/lib/python3.7/site-packages/airflow/example_dags/example_sensors.py took 0.065 seconds
[2023-02-24T14:04:27.165+0000] {processor.py:153} INFO - Started process (PID=774) to work on /home/airflow/.local/lib/python3.7/site-packages/airflow/example_dags/example_sensors.py
[2023-02-24T14:04:27.167+0000] {processor.py:743} INFO - Processing file /home/airflow/.local/lib/python3.7/site-packages/airflow/example_dags/example_sensors.py for tasks to queue
[2023-02-24T14:04:27.168+0000] {logging_mixin.py:137} INFO - [2023-02-24T14:04:27.168+0000] {dagbag.py:538} INFO - Filling up the DagBag from /home/airflow/.local/lib/python3.7/site-packages/airflow/example_dags/example_sensors.py
[2023-02-24T14:04:27.179+0000] {processor.py:753} INFO - DAG(s) dict_keys(['example_sensors']) retrieved from /home/airflow/.local/lib/python3.7/site-packages/airflow/example_dags/example_sensors.py
[2023-02-24T14:04:27.198+0000] {logging_mixin.py:137} INFO - [2023-02-24T14:04:27.198+0000] {dag.py:2690} INFO - Sync 1 DAGs
[2023-02-24T14:04:27.212+0000] {logging_mixin.py:137} INFO - [2023-02-24T14:04:27.212+0000] {dag.py:3441} INFO - Setting next_dagrun for example_sensors to None, run_after=None
[2023-02-24T14:04:27.223+0000] {processor.py:175} INFO - Processing /home/airflow/.local/lib/python3.7/site-packages/airflow/example_dags/example_sensors.py took 0.061 seconds
[2023-02-24T14:04:57.476+0000] {processor.py:153} INFO - Started process (PID=837) to work on /home/airflow/.local/lib/python3.7/site-packages/airflow/example_dags/example_sensors.py
[2023-02-24T14:04:57.478+0000] {processor.py:743} INFO - Processing file /home/airflow/.local/lib/python3.7/site-packages/airflow/example_dags/example_sensors.py for tasks to queue
[2023-02-24T14:04:57.479+0000] {logging_mixin.py:137} INFO - [2023-02-24T14:04:57.479+0000] {dagbag.py:538} INFO - Filling up the DagBag from /home/airflow/.local/lib/python3.7/site-packages/airflow/example_dags/example_sensors.py
[2023-02-24T14:04:57.494+0000] {processor.py:753} INFO - DAG(s) dict_keys(['example_sensors']) retrieved from /home/airflow/.local/lib/python3.7/site-packages/airflow/example_dags/example_sensors.py
[2023-02-24T14:04:57.510+0000] {logging_mixin.py:137} INFO - [2023-02-24T14:04:57.510+0000] {dag.py:2690} INFO - Sync 1 DAGs
[2023-02-24T14:04:57.526+0000] {logging_mixin.py:137} INFO - [2023-02-24T14:04:57.526+0000] {dag.py:3441} INFO - Setting next_dagrun for example_sensors to None, run_after=None
[2023-02-24T14:04:57.538+0000] {processor.py:175} INFO - Processing /home/airflow/.local/lib/python3.7/site-packages/airflow/example_dags/example_sensors.py took 0.064 seconds
[2023-02-24T14:05:27.764+0000] {processor.py:153} INFO - Started process (PID=913) to work on /home/airflow/.local/lib/python3.7/site-packages/airflow/example_dags/example_sensors.py
[2023-02-24T14:05:27.765+0000] {processor.py:743} INFO - Processing file /home/airflow/.local/lib/python3.7/site-packages/airflow/example_dags/example_sensors.py for tasks to queue
[2023-02-24T14:05:27.766+0000] {logging_mixin.py:137} INFO - [2023-02-24T14:05:27.766+0000] {dagbag.py:538} INFO - Filling up the DagBag from /home/airflow/.local/lib/python3.7/site-packages/airflow/example_dags/example_sensors.py
[2023-02-24T14:05:27.780+0000] {processor.py:753} INFO - DAG(s) dict_keys(['example_sensors']) retrieved from /home/airflow/.local/lib/python3.7/site-packages/airflow/example_dags/example_sensors.py
[2023-02-24T14:05:27.801+0000] {logging_mixin.py:137} INFO - [2023-02-24T14:05:27.801+0000] {dag.py:2690} INFO - Sync 1 DAGs
[2023-02-24T14:05:27.819+0000] {logging_mixin.py:137} INFO - [2023-02-24T14:05:27.819+0000] {dag.py:3441} INFO - Setting next_dagrun for example_sensors to None, run_after=None
[2023-02-24T14:05:27.836+0000] {processor.py:175} INFO - Processing /home/airflow/.local/lib/python3.7/site-packages/airflow/example_dags/example_sensors.py took 0.076 seconds
[2023-02-24T14:05:58.054+0000] {processor.py:153} INFO - Started process (PID=990) to work on /home/airflow/.local/lib/python3.7/site-packages/airflow/example_dags/example_sensors.py
[2023-02-24T14:05:58.055+0000] {processor.py:743} INFO - Processing file /home/airflow/.local/lib/python3.7/site-packages/airflow/example_dags/example_sensors.py for tasks to queue
[2023-02-24T14:05:58.056+0000] {logging_mixin.py:137} INFO - [2023-02-24T14:05:58.056+0000] {dagbag.py:538} INFO - Filling up the DagBag from /home/airflow/.local/lib/python3.7/site-packages/airflow/example_dags/example_sensors.py
[2023-02-24T14:05:58.068+0000] {processor.py:753} INFO - DAG(s) dict_keys(['example_sensors']) retrieved from /home/airflow/.local/lib/python3.7/site-packages/airflow/example_dags/example_sensors.py
[2023-02-24T14:05:58.086+0000] {logging_mixin.py:137} INFO - [2023-02-24T14:05:58.086+0000] {dag.py:2690} INFO - Sync 1 DAGs
[2023-02-24T14:05:58.101+0000] {logging_mixin.py:137} INFO - [2023-02-24T14:05:58.101+0000] {dag.py:3441} INFO - Setting next_dagrun for example_sensors to None, run_after=None
[2023-02-24T14:05:58.112+0000] {processor.py:175} INFO - Processing /home/airflow/.local/lib/python3.7/site-packages/airflow/example_dags/example_sensors.py took 0.061 seconds
[2023-02-24T14:06:28.184+0000] {processor.py:153} INFO - Started process (PID=1055) to work on /home/airflow/.local/lib/python3.7/site-packages/airflow/example_dags/example_sensors.py
[2023-02-24T14:06:28.186+0000] {processor.py:743} INFO - Processing file /home/airflow/.local/lib/python3.7/site-packages/airflow/example_dags/example_sensors.py for tasks to queue
[2023-02-24T14:06:28.188+0000] {logging_mixin.py:137} INFO - [2023-02-24T14:06:28.188+0000] {dagbag.py:538} INFO - Filling up the DagBag from /home/airflow/.local/lib/python3.7/site-packages/airflow/example_dags/example_sensors.py
[2023-02-24T14:06:28.206+0000] {processor.py:753} INFO - DAG(s) dict_keys(['example_sensors']) retrieved from /home/airflow/.local/lib/python3.7/site-packages/airflow/example_dags/example_sensors.py
[2023-02-24T14:06:28.226+0000] {logging_mixin.py:137} INFO - [2023-02-24T14:06:28.226+0000] {dag.py:2690} INFO - Sync 1 DAGs
[2023-02-24T14:06:28.243+0000] {logging_mixin.py:137} INFO - [2023-02-24T14:06:28.243+0000] {dag.py:3441} INFO - Setting next_dagrun for example_sensors to None, run_after=None
[2023-02-24T14:06:28.257+0000] {processor.py:175} INFO - Processing /home/airflow/.local/lib/python3.7/site-packages/airflow/example_dags/example_sensors.py took 0.078 seconds
[2023-02-24T14:06:58.514+0000] {processor.py:153} INFO - Started process (PID=1133) to work on /home/airflow/.local/lib/python3.7/site-packages/airflow/example_dags/example_sensors.py
[2023-02-24T14:06:58.515+0000] {processor.py:743} INFO - Processing file /home/airflow/.local/lib/python3.7/site-packages/airflow/example_dags/example_sensors.py for tasks to queue
[2023-02-24T14:06:58.516+0000] {logging_mixin.py:137} INFO - [2023-02-24T14:06:58.516+0000] {dagbag.py:538} INFO - Filling up the DagBag from /home/airflow/.local/lib/python3.7/site-packages/airflow/example_dags/example_sensors.py
[2023-02-24T14:06:58.528+0000] {processor.py:753} INFO - DAG(s) dict_keys(['example_sensors']) retrieved from /home/airflow/.local/lib/python3.7/site-packages/airflow/example_dags/example_sensors.py
[2023-02-24T14:06:58.545+0000] {logging_mixin.py:137} INFO - [2023-02-24T14:06:58.545+0000] {dag.py:2690} INFO - Sync 1 DAGs
[2023-02-24T14:06:58.560+0000] {logging_mixin.py:137} INFO - [2023-02-24T14:06:58.560+0000] {dag.py:3441} INFO - Setting next_dagrun for example_sensors to None, run_after=None
[2023-02-24T14:06:58.571+0000] {processor.py:175} INFO - Processing /home/airflow/.local/lib/python3.7/site-packages/airflow/example_dags/example_sensors.py took 0.060 seconds
[2023-02-24T14:07:28.956+0000] {processor.py:153} INFO - Started process (PID=1210) to work on /home/airflow/.local/lib/python3.7/site-packages/airflow/example_dags/example_sensors.py
[2023-02-24T14:07:28.962+0000] {processor.py:743} INFO - Processing file /home/airflow/.local/lib/python3.7/site-packages/airflow/example_dags/example_sensors.py for tasks to queue
[2023-02-24T14:07:28.965+0000] {logging_mixin.py:137} INFO - [2023-02-24T14:07:28.965+0000] {dagbag.py:538} INFO - Filling up the DagBag from /home/airflow/.local/lib/python3.7/site-packages/airflow/example_dags/example_sensors.py
[2023-02-24T14:07:28.989+0000] {processor.py:753} INFO - DAG(s) dict_keys(['example_sensors']) retrieved from /home/airflow/.local/lib/python3.7/site-packages/airflow/example_dags/example_sensors.py
[2023-02-24T14:07:29.019+0000] {logging_mixin.py:137} INFO - [2023-02-24T14:07:29.019+0000] {dag.py:2690} INFO - Sync 1 DAGs
[2023-02-24T14:07:29.061+0000] {logging_mixin.py:137} INFO - [2023-02-24T14:07:29.060+0000] {dag.py:3441} INFO - Setting next_dagrun for example_sensors to None, run_after=None
[2023-02-24T14:07:29.080+0000] {processor.py:175} INFO - Processing /home/airflow/.local/lib/python3.7/site-packages/airflow/example_dags/example_sensors.py took 0.128 seconds
[2023-02-24T14:07:59.493+0000] {processor.py:153} INFO - Started process (PID=1275) to work on /home/airflow/.local/lib/python3.7/site-packages/airflow/example_dags/example_sensors.py
[2023-02-24T14:07:59.495+0000] {processor.py:743} INFO - Processing file /home/airflow/.local/lib/python3.7/site-packages/airflow/example_dags/example_sensors.py for tasks to queue
[2023-02-24T14:07:59.496+0000] {logging_mixin.py:137} INFO - [2023-02-24T14:07:59.496+0000] {dagbag.py:538} INFO - Filling up the DagBag from /home/airflow/.local/lib/python3.7/site-packages/airflow/example_dags/example_sensors.py
[2023-02-24T14:07:59.509+0000] {processor.py:753} INFO - DAG(s) dict_keys(['example_sensors']) retrieved from /home/airflow/.local/lib/python3.7/site-packages/airflow/example_dags/example_sensors.py
[2023-02-24T14:07:59.528+0000] {logging_mixin.py:137} INFO - [2023-02-24T14:07:59.528+0000] {dag.py:2690} INFO - Sync 1 DAGs
[2023-02-24T14:07:59.543+0000] {logging_mixin.py:137} INFO - [2023-02-24T14:07:59.543+0000] {dag.py:3441} INFO - Setting next_dagrun for example_sensors to None, run_after=None
[2023-02-24T14:07:59.556+0000] {processor.py:175} INFO - Processing /home/airflow/.local/lib/python3.7/site-packages/airflow/example_dags/example_sensors.py took 0.066 seconds
[2023-02-24T14:08:29.585+0000] {processor.py:153} INFO - Started process (PID=1350) to work on /home/airflow/.local/lib/python3.7/site-packages/airflow/example_dags/example_sensors.py
[2023-02-24T14:08:29.586+0000] {processor.py:743} INFO - Processing file /home/airflow/.local/lib/python3.7/site-packages/airflow/example_dags/example_sensors.py for tasks to queue
[2023-02-24T14:08:29.587+0000] {logging_mixin.py:137} INFO - [2023-02-24T14:08:29.587+0000] {dagbag.py:538} INFO - Filling up the DagBag from /home/airflow/.local/lib/python3.7/site-packages/airflow/example_dags/example_sensors.py
[2023-02-24T14:08:29.599+0000] {processor.py:753} INFO - DAG(s) dict_keys(['example_sensors']) retrieved from /home/airflow/.local/lib/python3.7/site-packages/airflow/example_dags/example_sensors.py
[2023-02-24T14:08:29.616+0000] {logging_mixin.py:137} INFO - [2023-02-24T14:08:29.616+0000] {dag.py:2690} INFO - Sync 1 DAGs
[2023-02-24T14:08:29.629+0000] {logging_mixin.py:137} INFO - [2023-02-24T14:08:29.629+0000] {dag.py:3441} INFO - Setting next_dagrun for example_sensors to None, run_after=None
[2023-02-24T14:08:29.640+0000] {processor.py:175} INFO - Processing /home/airflow/.local/lib/python3.7/site-packages/airflow/example_dags/example_sensors.py took 0.057 seconds
[2023-02-24T14:09:00.752+0000] {processor.py:153} INFO - Started process (PID=1424) to work on /home/airflow/.local/lib/python3.7/site-packages/airflow/example_dags/example_sensors.py
[2023-02-24T14:09:00.754+0000] {processor.py:743} INFO - Processing file /home/airflow/.local/lib/python3.7/site-packages/airflow/example_dags/example_sensors.py for tasks to queue
[2023-02-24T14:09:00.758+0000] {logging_mixin.py:137} INFO - [2023-02-24T14:09:00.757+0000] {dagbag.py:538} INFO - Filling up the DagBag from /home/airflow/.local/lib/python3.7/site-packages/airflow/example_dags/example_sensors.py
[2023-02-24T14:09:00.774+0000] {processor.py:753} INFO - DAG(s) dict_keys(['example_sensors']) retrieved from /home/airflow/.local/lib/python3.7/site-packages/airflow/example_dags/example_sensors.py
[2023-02-24T14:09:00.803+0000] {logging_mixin.py:137} INFO - [2023-02-24T14:09:00.803+0000] {dag.py:2690} INFO - Sync 1 DAGs
[2023-02-24T14:09:00.830+0000] {logging_mixin.py:137} INFO - [2023-02-24T14:09:00.830+0000] {dag.py:3441} INFO - Setting next_dagrun for example_sensors to None, run_after=None
[2023-02-24T14:09:00.845+0000] {processor.py:175} INFO - Processing /home/airflow/.local/lib/python3.7/site-packages/airflow/example_dags/example_sensors.py took 0.096 seconds
[2023-02-24T14:09:31.217+0000] {processor.py:153} INFO - Started process (PID=1492) to work on /home/airflow/.local/lib/python3.7/site-packages/airflow/example_dags/example_sensors.py
[2023-02-24T14:09:31.218+0000] {processor.py:743} INFO - Processing file /home/airflow/.local/lib/python3.7/site-packages/airflow/example_dags/example_sensors.py for tasks to queue
[2023-02-24T14:09:31.219+0000] {logging_mixin.py:137} INFO - [2023-02-24T14:09:31.219+0000] {dagbag.py:538} INFO - Filling up the DagBag from /home/airflow/.local/lib/python3.7/site-packages/airflow/example_dags/example_sensors.py
[2023-02-24T14:09:31.231+0000] {processor.py:753} INFO - DAG(s) dict_keys(['example_sensors']) retrieved from /home/airflow/.local/lib/python3.7/site-packages/airflow/example_dags/example_sensors.py
[2023-02-24T14:09:31.250+0000] {logging_mixin.py:137} INFO - [2023-02-24T14:09:31.250+0000] {dag.py:2690} INFO - Sync 1 DAGs
[2023-02-24T14:09:31.263+0000] {logging_mixin.py:137} INFO - [2023-02-24T14:09:31.263+0000] {dag.py:3441} INFO - Setting next_dagrun for example_sensors to None, run_after=None
[2023-02-24T14:09:31.276+0000] {processor.py:175} INFO - Processing /home/airflow/.local/lib/python3.7/site-packages/airflow/example_dags/example_sensors.py took 0.061 seconds
[2023-02-24T14:10:01.571+0000] {processor.py:153} INFO - Started process (PID=1568) to work on /home/airflow/.local/lib/python3.7/site-packages/airflow/example_dags/example_sensors.py
[2023-02-24T14:10:01.573+0000] {processor.py:743} INFO - Processing file /home/airflow/.local/lib/python3.7/site-packages/airflow/example_dags/example_sensors.py for tasks to queue
[2023-02-24T14:10:01.574+0000] {logging_mixin.py:137} INFO - [2023-02-24T14:10:01.574+0000] {dagbag.py:538} INFO - Filling up the DagBag from /home/airflow/.local/lib/python3.7/site-packages/airflow/example_dags/example_sensors.py
[2023-02-24T14:10:01.587+0000] {processor.py:753} INFO - DAG(s) dict_keys(['example_sensors']) retrieved from /home/airflow/.local/lib/python3.7/site-packages/airflow/example_dags/example_sensors.py
[2023-02-24T14:10:01.605+0000] {logging_mixin.py:137} INFO - [2023-02-24T14:10:01.605+0000] {dag.py:2690} INFO - Sync 1 DAGs
[2023-02-24T14:10:01.620+0000] {logging_mixin.py:137} INFO - [2023-02-24T14:10:01.620+0000] {dag.py:3441} INFO - Setting next_dagrun for example_sensors to None, run_after=None
[2023-02-24T14:10:01.631+0000] {processor.py:175} INFO - Processing /home/airflow/.local/lib/python3.7/site-packages/airflow/example_dags/example_sensors.py took 0.062 seconds
[2023-02-24T14:10:31.785+0000] {processor.py:153} INFO - Started process (PID=1639) to work on /home/airflow/.local/lib/python3.7/site-packages/airflow/example_dags/example_sensors.py
[2023-02-24T14:10:31.787+0000] {processor.py:743} INFO - Processing file /home/airflow/.local/lib/python3.7/site-packages/airflow/example_dags/example_sensors.py for tasks to queue
[2023-02-24T14:10:31.788+0000] {logging_mixin.py:137} INFO - [2023-02-24T14:10:31.788+0000] {dagbag.py:538} INFO - Filling up the DagBag from /home/airflow/.local/lib/python3.7/site-packages/airflow/example_dags/example_sensors.py
[2023-02-24T14:10:31.802+0000] {processor.py:753} INFO - DAG(s) dict_keys(['example_sensors']) retrieved from /home/airflow/.local/lib/python3.7/site-packages/airflow/example_dags/example_sensors.py
[2023-02-24T14:10:31.820+0000] {logging_mixin.py:137} INFO - [2023-02-24T14:10:31.820+0000] {dag.py:2690} INFO - Sync 1 DAGs
[2023-02-24T14:10:31.839+0000] {logging_mixin.py:137} INFO - [2023-02-24T14:10:31.839+0000] {dag.py:3441} INFO - Setting next_dagrun for example_sensors to None, run_after=None
[2023-02-24T14:10:31.854+0000] {processor.py:175} INFO - Processing /home/airflow/.local/lib/python3.7/site-packages/airflow/example_dags/example_sensors.py took 0.071 seconds
[2023-02-24T14:11:02.149+0000] {processor.py:153} INFO - Started process (PID=1708) to work on /home/airflow/.local/lib/python3.7/site-packages/airflow/example_dags/example_sensors.py
[2023-02-24T14:11:02.151+0000] {processor.py:743} INFO - Processing file /home/airflow/.local/lib/python3.7/site-packages/airflow/example_dags/example_sensors.py for tasks to queue
[2023-02-24T14:11:02.152+0000] {logging_mixin.py:137} INFO - [2023-02-24T14:11:02.152+0000] {dagbag.py:538} INFO - Filling up the DagBag from /home/airflow/.local/lib/python3.7/site-packages/airflow/example_dags/example_sensors.py
[2023-02-24T14:11:02.165+0000] {processor.py:753} INFO - DAG(s) dict_keys(['example_sensors']) retrieved from /home/airflow/.local/lib/python3.7/site-packages/airflow/example_dags/example_sensors.py
[2023-02-24T14:11:02.183+0000] {logging_mixin.py:137} INFO - [2023-02-24T14:11:02.183+0000] {dag.py:2690} INFO - Sync 1 DAGs
[2023-02-24T14:11:02.198+0000] {logging_mixin.py:137} INFO - [2023-02-24T14:11:02.198+0000] {dag.py:3441} INFO - Setting next_dagrun for example_sensors to None, run_after=None
[2023-02-24T14:11:02.209+0000] {processor.py:175} INFO - Processing /home/airflow/.local/lib/python3.7/site-packages/airflow/example_dags/example_sensors.py took 0.062 seconds
[2023-02-24T14:11:32.442+0000] {processor.py:153} INFO - Started process (PID=1785) to work on /home/airflow/.local/lib/python3.7/site-packages/airflow/example_dags/example_sensors.py
[2023-02-24T14:11:32.444+0000] {processor.py:743} INFO - Processing file /home/airflow/.local/lib/python3.7/site-packages/airflow/example_dags/example_sensors.py for tasks to queue
[2023-02-24T14:11:32.445+0000] {logging_mixin.py:137} INFO - [2023-02-24T14:11:32.445+0000] {dagbag.py:538} INFO - Filling up the DagBag from /home/airflow/.local/lib/python3.7/site-packages/airflow/example_dags/example_sensors.py
[2023-02-24T14:11:32.463+0000] {processor.py:753} INFO - DAG(s) dict_keys(['example_sensors']) retrieved from /home/airflow/.local/lib/python3.7/site-packages/airflow/example_dags/example_sensors.py
[2023-02-24T14:11:32.481+0000] {logging_mixin.py:137} INFO - [2023-02-24T14:11:32.481+0000] {dag.py:2690} INFO - Sync 1 DAGs
[2023-02-24T14:11:32.496+0000] {logging_mixin.py:137} INFO - [2023-02-24T14:11:32.496+0000] {dag.py:3441} INFO - Setting next_dagrun for example_sensors to None, run_after=None
[2023-02-24T14:11:32.509+0000] {processor.py:175} INFO - Processing /home/airflow/.local/lib/python3.7/site-packages/airflow/example_dags/example_sensors.py took 0.069 seconds
[2023-02-24T14:12:02.644+0000] {processor.py:153} INFO - Started process (PID=1851) to work on /home/airflow/.local/lib/python3.7/site-packages/airflow/example_dags/example_sensors.py
[2023-02-24T14:12:02.646+0000] {processor.py:743} INFO - Processing file /home/airflow/.local/lib/python3.7/site-packages/airflow/example_dags/example_sensors.py for tasks to queue
[2023-02-24T14:12:02.647+0000] {logging_mixin.py:137} INFO - [2023-02-24T14:12:02.647+0000] {dagbag.py:538} INFO - Filling up the DagBag from /home/airflow/.local/lib/python3.7/site-packages/airflow/example_dags/example_sensors.py
[2023-02-24T14:12:02.662+0000] {processor.py:753} INFO - DAG(s) dict_keys(['example_sensors']) retrieved from /home/airflow/.local/lib/python3.7/site-packages/airflow/example_dags/example_sensors.py
[2023-02-24T14:12:02.685+0000] {logging_mixin.py:137} INFO - [2023-02-24T14:12:02.685+0000] {dag.py:2690} INFO - Sync 1 DAGs
[2023-02-24T14:12:02.701+0000] {logging_mixin.py:137} INFO - [2023-02-24T14:12:02.701+0000] {dag.py:3441} INFO - Setting next_dagrun for example_sensors to None, run_after=None
[2023-02-24T14:12:02.713+0000] {processor.py:175} INFO - Processing /home/airflow/.local/lib/python3.7/site-packages/airflow/example_dags/example_sensors.py took 0.072 seconds
[2023-02-24T14:12:32.919+0000] {processor.py:153} INFO - Started process (PID=1928) to work on /home/airflow/.local/lib/python3.7/site-packages/airflow/example_dags/example_sensors.py
[2023-02-24T14:12:32.921+0000] {processor.py:743} INFO - Processing file /home/airflow/.local/lib/python3.7/site-packages/airflow/example_dags/example_sensors.py for tasks to queue
[2023-02-24T14:12:32.922+0000] {logging_mixin.py:137} INFO - [2023-02-24T14:12:32.922+0000] {dagbag.py:538} INFO - Filling up the DagBag from /home/airflow/.local/lib/python3.7/site-packages/airflow/example_dags/example_sensors.py
[2023-02-24T14:12:32.934+0000] {processor.py:753} INFO - DAG(s) dict_keys(['example_sensors']) retrieved from /home/airflow/.local/lib/python3.7/site-packages/airflow/example_dags/example_sensors.py
[2023-02-24T14:12:32.952+0000] {logging_mixin.py:137} INFO - [2023-02-24T14:12:32.952+0000] {dag.py:2690} INFO - Sync 1 DAGs
[2023-02-24T14:12:32.968+0000] {logging_mixin.py:137} INFO - [2023-02-24T14:12:32.968+0000] {dag.py:3441} INFO - Setting next_dagrun for example_sensors to None, run_after=None
[2023-02-24T14:12:32.980+0000] {processor.py:175} INFO - Processing /home/airflow/.local/lib/python3.7/site-packages/airflow/example_dags/example_sensors.py took 0.063 seconds
[2023-02-24T14:13:03.630+0000] {processor.py:153} INFO - Started process (PID=2001) to work on /home/airflow/.local/lib/python3.7/site-packages/airflow/example_dags/example_sensors.py
[2023-02-24T14:13:03.632+0000] {processor.py:743} INFO - Processing file /home/airflow/.local/lib/python3.7/site-packages/airflow/example_dags/example_sensors.py for tasks to queue
[2023-02-24T14:13:03.634+0000] {logging_mixin.py:137} INFO - [2023-02-24T14:13:03.634+0000] {dagbag.py:538} INFO - Filling up the DagBag from /home/airflow/.local/lib/python3.7/site-packages/airflow/example_dags/example_sensors.py
[2023-02-24T14:13:03.647+0000] {processor.py:753} INFO - DAG(s) dict_keys(['example_sensors']) retrieved from /home/airflow/.local/lib/python3.7/site-packages/airflow/example_dags/example_sensors.py
[2023-02-24T14:13:03.666+0000] {logging_mixin.py:137} INFO - [2023-02-24T14:13:03.666+0000] {dag.py:2690} INFO - Sync 1 DAGs
[2023-02-24T14:13:03.686+0000] {logging_mixin.py:137} INFO - [2023-02-24T14:13:03.686+0000] {dag.py:3441} INFO - Setting next_dagrun for example_sensors to None, run_after=None
[2023-02-24T14:13:03.698+0000] {processor.py:175} INFO - Processing /home/airflow/.local/lib/python3.7/site-packages/airflow/example_dags/example_sensors.py took 0.071 seconds
[2023-02-24T14:13:34.233+0000] {processor.py:153} INFO - Started process (PID=2066) to work on /home/airflow/.local/lib/python3.7/site-packages/airflow/example_dags/example_sensors.py
[2023-02-24T14:13:34.235+0000] {processor.py:743} INFO - Processing file /home/airflow/.local/lib/python3.7/site-packages/airflow/example_dags/example_sensors.py for tasks to queue
[2023-02-24T14:13:34.236+0000] {logging_mixin.py:137} INFO - [2023-02-24T14:13:34.236+0000] {dagbag.py:538} INFO - Filling up the DagBag from /home/airflow/.local/lib/python3.7/site-packages/airflow/example_dags/example_sensors.py
[2023-02-24T14:13:34.249+0000] {processor.py:753} INFO - DAG(s) dict_keys(['example_sensors']) retrieved from /home/airflow/.local/lib/python3.7/site-packages/airflow/example_dags/example_sensors.py
[2023-02-24T14:13:34.267+0000] {logging_mixin.py:137} INFO - [2023-02-24T14:13:34.267+0000] {dag.py:2690} INFO - Sync 1 DAGs
[2023-02-24T14:13:34.282+0000] {logging_mixin.py:137} INFO - [2023-02-24T14:13:34.282+0000] {dag.py:3441} INFO - Setting next_dagrun for example_sensors to None, run_after=None
[2023-02-24T14:13:34.294+0000] {processor.py:175} INFO - Processing /home/airflow/.local/lib/python3.7/site-packages/airflow/example_dags/example_sensors.py took 0.063 seconds
[2023-02-24T14:14:04.677+0000] {processor.py:153} INFO - Started process (PID=2143) to work on /home/airflow/.local/lib/python3.7/site-packages/airflow/example_dags/example_sensors.py
[2023-02-24T14:14:04.679+0000] {processor.py:743} INFO - Processing file /home/airflow/.local/lib/python3.7/site-packages/airflow/example_dags/example_sensors.py for tasks to queue
[2023-02-24T14:14:04.680+0000] {logging_mixin.py:137} INFO - [2023-02-24T14:14:04.680+0000] {dagbag.py:538} INFO - Filling up the DagBag from /home/airflow/.local/lib/python3.7/site-packages/airflow/example_dags/example_sensors.py
[2023-02-24T14:14:04.693+0000] {processor.py:753} INFO - DAG(s) dict_keys(['example_sensors']) retrieved from /home/airflow/.local/lib/python3.7/site-packages/airflow/example_dags/example_sensors.py
[2023-02-24T14:14:04.712+0000] {logging_mixin.py:137} INFO - [2023-02-24T14:14:04.712+0000] {dag.py:2690} INFO - Sync 1 DAGs
[2023-02-24T14:14:04.728+0000] {logging_mixin.py:137} INFO - [2023-02-24T14:14:04.728+0000] {dag.py:3441} INFO - Setting next_dagrun for example_sensors to None, run_after=None
[2023-02-24T14:14:04.740+0000] {processor.py:175} INFO - Processing /home/airflow/.local/lib/python3.7/site-packages/airflow/example_dags/example_sensors.py took 0.065 seconds
[2023-02-24T14:14:34.850+0000] {processor.py:153} INFO - Started process (PID=2219) to work on /home/airflow/.local/lib/python3.7/site-packages/airflow/example_dags/example_sensors.py
[2023-02-24T14:14:34.852+0000] {processor.py:743} INFO - Processing file /home/airflow/.local/lib/python3.7/site-packages/airflow/example_dags/example_sensors.py for tasks to queue
[2023-02-24T14:14:34.853+0000] {logging_mixin.py:137} INFO - [2023-02-24T14:14:34.853+0000] {dagbag.py:538} INFO - Filling up the DagBag from /home/airflow/.local/lib/python3.7/site-packages/airflow/example_dags/example_sensors.py
[2023-02-24T14:14:34.866+0000] {processor.py:753} INFO - DAG(s) dict_keys(['example_sensors']) retrieved from /home/airflow/.local/lib/python3.7/site-packages/airflow/example_dags/example_sensors.py
[2023-02-24T14:14:34.883+0000] {logging_mixin.py:137} INFO - [2023-02-24T14:14:34.883+0000] {dag.py:2690} INFO - Sync 1 DAGs
[2023-02-24T14:14:34.899+0000] {logging_mixin.py:137} INFO - [2023-02-24T14:14:34.899+0000] {dag.py:3441} INFO - Setting next_dagrun for example_sensors to None, run_after=None
[2023-02-24T14:14:34.910+0000] {processor.py:175} INFO - Processing /home/airflow/.local/lib/python3.7/site-packages/airflow/example_dags/example_sensors.py took 0.061 seconds
[2023-02-24T14:15:05.323+0000] {processor.py:153} INFO - Started process (PID=2283) to work on /home/airflow/.local/lib/python3.7/site-packages/airflow/example_dags/example_sensors.py
[2023-02-24T14:15:05.324+0000] {processor.py:743} INFO - Processing file /home/airflow/.local/lib/python3.7/site-packages/airflow/example_dags/example_sensors.py for tasks to queue
[2023-02-24T14:15:05.325+0000] {logging_mixin.py:137} INFO - [2023-02-24T14:15:05.325+0000] {dagbag.py:538} INFO - Filling up the DagBag from /home/airflow/.local/lib/python3.7/site-packages/airflow/example_dags/example_sensors.py
[2023-02-24T14:15:05.336+0000] {processor.py:753} INFO - DAG(s) dict_keys(['example_sensors']) retrieved from /home/airflow/.local/lib/python3.7/site-packages/airflow/example_dags/example_sensors.py
[2023-02-24T14:15:05.353+0000] {logging_mixin.py:137} INFO - [2023-02-24T14:15:05.353+0000] {dag.py:2690} INFO - Sync 1 DAGs
[2023-02-24T14:15:05.368+0000] {logging_mixin.py:137} INFO - [2023-02-24T14:15:05.367+0000] {dag.py:3441} INFO - Setting next_dagrun for example_sensors to None, run_after=None
[2023-02-24T14:15:05.379+0000] {processor.py:175} INFO - Processing /home/airflow/.local/lib/python3.7/site-packages/airflow/example_dags/example_sensors.py took 0.058 seconds
[2023-02-24T14:15:35.470+0000] {processor.py:153} INFO - Started process (PID=2359) to work on /home/airflow/.local/lib/python3.7/site-packages/airflow/example_dags/example_sensors.py
[2023-02-24T14:15:35.471+0000] {processor.py:743} INFO - Processing file /home/airflow/.local/lib/python3.7/site-packages/airflow/example_dags/example_sensors.py for tasks to queue
[2023-02-24T14:15:35.472+0000] {logging_mixin.py:137} INFO - [2023-02-24T14:15:35.472+0000] {dagbag.py:538} INFO - Filling up the DagBag from /home/airflow/.local/lib/python3.7/site-packages/airflow/example_dags/example_sensors.py
[2023-02-24T14:15:35.483+0000] {processor.py:753} INFO - DAG(s) dict_keys(['example_sensors']) retrieved from /home/airflow/.local/lib/python3.7/site-packages/airflow/example_dags/example_sensors.py
[2023-02-24T14:15:35.501+0000] {logging_mixin.py:137} INFO - [2023-02-24T14:15:35.501+0000] {dag.py:2690} INFO - Sync 1 DAGs
[2023-02-24T14:15:35.516+0000] {logging_mixin.py:137} INFO - [2023-02-24T14:15:35.515+0000] {dag.py:3441} INFO - Setting next_dagrun for example_sensors to None, run_after=None
[2023-02-24T14:15:35.528+0000] {processor.py:175} INFO - Processing /home/airflow/.local/lib/python3.7/site-packages/airflow/example_dags/example_sensors.py took 0.060 seconds
[2023-02-24T14:16:05.845+0000] {processor.py:153} INFO - Started process (PID=2437) to work on /home/airflow/.local/lib/python3.7/site-packages/airflow/example_dags/example_sensors.py
[2023-02-24T14:16:05.846+0000] {processor.py:743} INFO - Processing file /home/airflow/.local/lib/python3.7/site-packages/airflow/example_dags/example_sensors.py for tasks to queue
[2023-02-24T14:16:05.847+0000] {logging_mixin.py:137} INFO - [2023-02-24T14:16:05.847+0000] {dagbag.py:538} INFO - Filling up the DagBag from /home/airflow/.local/lib/python3.7/site-packages/airflow/example_dags/example_sensors.py
[2023-02-24T14:16:05.858+0000] {processor.py:753} INFO - DAG(s) dict_keys(['example_sensors']) retrieved from /home/airflow/.local/lib/python3.7/site-packages/airflow/example_dags/example_sensors.py
[2023-02-24T14:16:05.876+0000] {logging_mixin.py:137} INFO - [2023-02-24T14:16:05.876+0000] {dag.py:2690} INFO - Sync 1 DAGs
[2023-02-24T14:16:05.890+0000] {logging_mixin.py:137} INFO - [2023-02-24T14:16:05.890+0000] {dag.py:3441} INFO - Setting next_dagrun for example_sensors to None, run_after=None
[2023-02-24T14:16:05.901+0000] {processor.py:175} INFO - Processing /home/airflow/.local/lib/python3.7/site-packages/airflow/example_dags/example_sensors.py took 0.058 seconds
[2023-02-24T14:16:36.010+0000] {processor.py:153} INFO - Started process (PID=2502) to work on /home/airflow/.local/lib/python3.7/site-packages/airflow/example_dags/example_sensors.py
[2023-02-24T14:16:36.011+0000] {processor.py:743} INFO - Processing file /home/airflow/.local/lib/python3.7/site-packages/airflow/example_dags/example_sensors.py for tasks to queue
[2023-02-24T14:16:36.012+0000] {logging_mixin.py:137} INFO - [2023-02-24T14:16:36.012+0000] {dagbag.py:538} INFO - Filling up the DagBag from /home/airflow/.local/lib/python3.7/site-packages/airflow/example_dags/example_sensors.py
[2023-02-24T14:16:36.023+0000] {processor.py:753} INFO - DAG(s) dict_keys(['example_sensors']) retrieved from /home/airflow/.local/lib/python3.7/site-packages/airflow/example_dags/example_sensors.py
[2023-02-24T14:16:36.041+0000] {logging_mixin.py:137} INFO - [2023-02-24T14:16:36.041+0000] {dag.py:2690} INFO - Sync 1 DAGs
[2023-02-24T14:16:36.055+0000] {logging_mixin.py:137} INFO - [2023-02-24T14:16:36.054+0000] {dag.py:3441} INFO - Setting next_dagrun for example_sensors to None, run_after=None
[2023-02-24T14:16:36.066+0000] {processor.py:175} INFO - Processing /home/airflow/.local/lib/python3.7/site-packages/airflow/example_dags/example_sensors.py took 0.059 seconds
[2023-02-24T14:17:06.352+0000] {processor.py:153} INFO - Started process (PID=2579) to work on /home/airflow/.local/lib/python3.7/site-packages/airflow/example_dags/example_sensors.py
[2023-02-24T14:17:06.353+0000] {processor.py:743} INFO - Processing file /home/airflow/.local/lib/python3.7/site-packages/airflow/example_dags/example_sensors.py for tasks to queue
[2023-02-24T14:17:06.354+0000] {logging_mixin.py:137} INFO - [2023-02-24T14:17:06.354+0000] {dagbag.py:538} INFO - Filling up the DagBag from /home/airflow/.local/lib/python3.7/site-packages/airflow/example_dags/example_sensors.py
[2023-02-24T14:17:06.366+0000] {processor.py:753} INFO - DAG(s) dict_keys(['example_sensors']) retrieved from /home/airflow/.local/lib/python3.7/site-packages/airflow/example_dags/example_sensors.py
[2023-02-24T14:17:06.383+0000] {logging_mixin.py:137} INFO - [2023-02-24T14:17:06.383+0000] {dag.py:2690} INFO - Sync 1 DAGs
[2023-02-24T14:17:06.396+0000] {logging_mixin.py:137} INFO - [2023-02-24T14:17:06.396+0000] {dag.py:3441} INFO - Setting next_dagrun for example_sensors to None, run_after=None
[2023-02-24T14:17:06.406+0000] {processor.py:175} INFO - Processing /home/airflow/.local/lib/python3.7/site-packages/airflow/example_dags/example_sensors.py took 0.057 seconds
[2023-02-24T14:17:36.908+0000] {processor.py:153} INFO - Started process (PID=2653) to work on /home/airflow/.local/lib/python3.7/site-packages/airflow/example_dags/example_sensors.py
[2023-02-24T14:17:36.910+0000] {processor.py:743} INFO - Processing file /home/airflow/.local/lib/python3.7/site-packages/airflow/example_dags/example_sensors.py for tasks to queue
[2023-02-24T14:17:36.911+0000] {logging_mixin.py:137} INFO - [2023-02-24T14:17:36.911+0000] {dagbag.py:538} INFO - Filling up the DagBag from /home/airflow/.local/lib/python3.7/site-packages/airflow/example_dags/example_sensors.py
[2023-02-24T14:17:36.925+0000] {processor.py:753} INFO - DAG(s) dict_keys(['example_sensors']) retrieved from /home/airflow/.local/lib/python3.7/site-packages/airflow/example_dags/example_sensors.py
[2023-02-24T14:17:36.943+0000] {logging_mixin.py:137} INFO - [2023-02-24T14:17:36.943+0000] {dag.py:2690} INFO - Sync 1 DAGs
[2023-02-24T14:17:36.958+0000] {logging_mixin.py:137} INFO - [2023-02-24T14:17:36.958+0000] {dag.py:3441} INFO - Setting next_dagrun for example_sensors to None, run_after=None
[2023-02-24T14:17:36.971+0000] {processor.py:175} INFO - Processing /home/airflow/.local/lib/python3.7/site-packages/airflow/example_dags/example_sensors.py took 0.065 seconds
[2023-02-24T14:18:07.521+0000] {processor.py:153} INFO - Started process (PID=2719) to work on /home/airflow/.local/lib/python3.7/site-packages/airflow/example_dags/example_sensors.py
[2023-02-24T14:18:07.523+0000] {processor.py:743} INFO - Processing file /home/airflow/.local/lib/python3.7/site-packages/airflow/example_dags/example_sensors.py for tasks to queue
[2023-02-24T14:18:07.525+0000] {logging_mixin.py:137} INFO - [2023-02-24T14:18:07.524+0000] {dagbag.py:538} INFO - Filling up the DagBag from /home/airflow/.local/lib/python3.7/site-packages/airflow/example_dags/example_sensors.py
[2023-02-24T14:18:07.536+0000] {processor.py:753} INFO - DAG(s) dict_keys(['example_sensors']) retrieved from /home/airflow/.local/lib/python3.7/site-packages/airflow/example_dags/example_sensors.py
[2023-02-24T14:18:07.554+0000] {logging_mixin.py:137} INFO - [2023-02-24T14:18:07.554+0000] {dag.py:2690} INFO - Sync 1 DAGs
[2023-02-24T14:18:07.569+0000] {logging_mixin.py:137} INFO - [2023-02-24T14:18:07.569+0000] {dag.py:3441} INFO - Setting next_dagrun for example_sensors to None, run_after=None
[2023-02-24T14:18:07.580+0000] {processor.py:175} INFO - Processing /home/airflow/.local/lib/python3.7/site-packages/airflow/example_dags/example_sensors.py took 0.061 seconds
[2023-02-24T14:18:37.751+0000] {processor.py:153} INFO - Started process (PID=2796) to work on /home/airflow/.local/lib/python3.7/site-packages/airflow/example_dags/example_sensors.py
[2023-02-24T14:18:37.752+0000] {processor.py:743} INFO - Processing file /home/airflow/.local/lib/python3.7/site-packages/airflow/example_dags/example_sensors.py for tasks to queue
[2023-02-24T14:18:37.753+0000] {logging_mixin.py:137} INFO - [2023-02-24T14:18:37.753+0000] {dagbag.py:538} INFO - Filling up the DagBag from /home/airflow/.local/lib/python3.7/site-packages/airflow/example_dags/example_sensors.py
[2023-02-24T14:18:37.766+0000] {processor.py:753} INFO - DAG(s) dict_keys(['example_sensors']) retrieved from /home/airflow/.local/lib/python3.7/site-packages/airflow/example_dags/example_sensors.py
[2023-02-24T14:18:37.785+0000] {logging_mixin.py:137} INFO - [2023-02-24T14:18:37.785+0000] {dag.py:2690} INFO - Sync 1 DAGs
[2023-02-24T14:18:37.800+0000] {logging_mixin.py:137} INFO - [2023-02-24T14:18:37.800+0000] {dag.py:3441} INFO - Setting next_dagrun for example_sensors to None, run_after=None
[2023-02-24T14:18:37.812+0000] {processor.py:175} INFO - Processing /home/airflow/.local/lib/python3.7/site-packages/airflow/example_dags/example_sensors.py took 0.064 seconds
[2023-02-24T14:19:07.940+0000] {processor.py:153} INFO - Started process (PID=2874) to work on /home/airflow/.local/lib/python3.7/site-packages/airflow/example_dags/example_sensors.py
[2023-02-24T14:19:07.942+0000] {processor.py:743} INFO - Processing file /home/airflow/.local/lib/python3.7/site-packages/airflow/example_dags/example_sensors.py for tasks to queue
[2023-02-24T14:19:07.945+0000] {logging_mixin.py:137} INFO - [2023-02-24T14:19:07.945+0000] {dagbag.py:538} INFO - Filling up the DagBag from /home/airflow/.local/lib/python3.7/site-packages/airflow/example_dags/example_sensors.py
[2023-02-24T14:19:07.957+0000] {processor.py:753} INFO - DAG(s) dict_keys(['example_sensors']) retrieved from /home/airflow/.local/lib/python3.7/site-packages/airflow/example_dags/example_sensors.py
[2023-02-24T14:19:07.974+0000] {logging_mixin.py:137} INFO - [2023-02-24T14:19:07.974+0000] {dag.py:2690} INFO - Sync 1 DAGs
[2023-02-24T14:19:07.987+0000] {logging_mixin.py:137} INFO - [2023-02-24T14:19:07.987+0000] {dag.py:3441} INFO - Setting next_dagrun for example_sensors to None, run_after=None
[2023-02-24T14:19:08.000+0000] {processor.py:175} INFO - Processing /home/airflow/.local/lib/python3.7/site-packages/airflow/example_dags/example_sensors.py took 0.062 seconds
[2023-02-24T14:19:38.504+0000] {processor.py:153} INFO - Started process (PID=2939) to work on /home/airflow/.local/lib/python3.7/site-packages/airflow/example_dags/example_sensors.py
[2023-02-24T14:19:38.506+0000] {processor.py:743} INFO - Processing file /home/airflow/.local/lib/python3.7/site-packages/airflow/example_dags/example_sensors.py for tasks to queue
[2023-02-24T14:19:38.508+0000] {logging_mixin.py:137} INFO - [2023-02-24T14:19:38.508+0000] {dagbag.py:538} INFO - Filling up the DagBag from /home/airflow/.local/lib/python3.7/site-packages/airflow/example_dags/example_sensors.py
[2023-02-24T14:19:38.520+0000] {processor.py:753} INFO - DAG(s) dict_keys(['example_sensors']) retrieved from /home/airflow/.local/lib/python3.7/site-packages/airflow/example_dags/example_sensors.py
[2023-02-24T14:19:38.538+0000] {logging_mixin.py:137} INFO - [2023-02-24T14:19:38.538+0000] {dag.py:2690} INFO - Sync 1 DAGs
[2023-02-24T14:19:38.553+0000] {logging_mixin.py:137} INFO - [2023-02-24T14:19:38.553+0000] {dag.py:3441} INFO - Setting next_dagrun for example_sensors to None, run_after=None
[2023-02-24T14:19:38.564+0000] {processor.py:175} INFO - Processing /home/airflow/.local/lib/python3.7/site-packages/airflow/example_dags/example_sensors.py took 0.063 seconds
[2023-02-24T14:20:09.104+0000] {processor.py:153} INFO - Started process (PID=3015) to work on /home/airflow/.local/lib/python3.7/site-packages/airflow/example_dags/example_sensors.py
[2023-02-24T14:20:09.106+0000] {processor.py:743} INFO - Processing file /home/airflow/.local/lib/python3.7/site-packages/airflow/example_dags/example_sensors.py for tasks to queue
[2023-02-24T14:20:09.108+0000] {logging_mixin.py:137} INFO - [2023-02-24T14:20:09.107+0000] {dagbag.py:538} INFO - Filling up the DagBag from /home/airflow/.local/lib/python3.7/site-packages/airflow/example_dags/example_sensors.py
[2023-02-24T14:20:09.126+0000] {processor.py:753} INFO - DAG(s) dict_keys(['example_sensors']) retrieved from /home/airflow/.local/lib/python3.7/site-packages/airflow/example_dags/example_sensors.py
[2023-02-24T14:20:09.149+0000] {logging_mixin.py:137} INFO - [2023-02-24T14:20:09.149+0000] {dag.py:2690} INFO - Sync 1 DAGs
[2023-02-24T14:20:09.170+0000] {logging_mixin.py:137} INFO - [2023-02-24T14:20:09.170+0000] {dag.py:3441} INFO - Setting next_dagrun for example_sensors to None, run_after=None
[2023-02-24T14:20:09.187+0000] {processor.py:175} INFO - Processing /home/airflow/.local/lib/python3.7/site-packages/airflow/example_dags/example_sensors.py took 0.085 seconds
