[2023-02-24T13:41:33.726+0000] {processor.py:153} INFO - Started process (PID=34) to work on /opt/airflow/dags/scrape_airflow.py
[2023-02-24T13:41:33.729+0000] {processor.py:743} INFO - Processing file /opt/airflow/dags/scrape_airflow.py for tasks to queue
[2023-02-24T13:41:33.735+0000] {logging_mixin.py:137} INFO - [2023-02-24T13:41:33.734+0000] {dagbag.py:538} INFO - Filling up the DagBag from /opt/airflow/dags/scrape_airflow.py
[2023-02-24T13:41:35.024+0000] {logging_mixin.py:137} INFO - [2023-02-24T13:41:35.021+0000] {dagbag.py:343} ERROR - Failed to import: /opt/airflow/dags/scrape_airflow.py
Traceback (most recent call last):
  File "/home/airflow/.local/lib/python3.7/site-packages/airflow/models/dagbag.py", line 339, in parse
    loader.exec_module(new_module)
  File "<frozen importlib._bootstrap_external>", line 728, in exec_module
  File "<frozen importlib._bootstrap>", line 219, in _call_with_frames_removed
  File "/opt/airflow/dags/scrape_airflow.py", line 10, in <module>
    import great_expectations as ge
ModuleNotFoundError: No module named 'great_expectations'
[2023-02-24T13:41:35.025+0000] {processor.py:755} WARNING - No viable dags retrieved from /opt/airflow/dags/scrape_airflow.py
[2023-02-24T13:41:35.087+0000] {processor.py:175} INFO - Processing /opt/airflow/dags/scrape_airflow.py took 1.365 seconds
[2023-02-24T13:42:05.229+0000] {processor.py:153} INFO - Started process (PID=115) to work on /opt/airflow/dags/scrape_airflow.py
[2023-02-24T13:42:05.230+0000] {processor.py:743} INFO - Processing file /opt/airflow/dags/scrape_airflow.py for tasks to queue
[2023-02-24T13:42:05.231+0000] {logging_mixin.py:137} INFO - [2023-02-24T13:42:05.231+0000] {dagbag.py:538} INFO - Filling up the DagBag from /opt/airflow/dags/scrape_airflow.py
[2023-02-24T13:42:05.637+0000] {logging_mixin.py:137} INFO - [2023-02-24T13:42:05.635+0000] {dagbag.py:343} ERROR - Failed to import: /opt/airflow/dags/scrape_airflow.py
Traceback (most recent call last):
  File "/home/airflow/.local/lib/python3.7/site-packages/airflow/models/dagbag.py", line 339, in parse
    loader.exec_module(new_module)
  File "<frozen importlib._bootstrap_external>", line 728, in exec_module
  File "<frozen importlib._bootstrap>", line 219, in _call_with_frames_removed
  File "/opt/airflow/dags/scrape_airflow.py", line 10, in <module>
    import great_expectations as ge
ModuleNotFoundError: No module named 'great_expectations'
[2023-02-24T13:42:05.638+0000] {processor.py:755} WARNING - No viable dags retrieved from /opt/airflow/dags/scrape_airflow.py
[2023-02-24T13:42:05.648+0000] {processor.py:175} INFO - Processing /opt/airflow/dags/scrape_airflow.py took 0.423 seconds
[2023-02-24T13:42:35.699+0000] {processor.py:153} INFO - Started process (PID=176) to work on /opt/airflow/dags/scrape_airflow.py
[2023-02-24T13:42:35.702+0000] {processor.py:743} INFO - Processing file /opt/airflow/dags/scrape_airflow.py for tasks to queue
[2023-02-24T13:42:35.704+0000] {logging_mixin.py:137} INFO - [2023-02-24T13:42:35.704+0000] {dagbag.py:538} INFO - Filling up the DagBag from /opt/airflow/dags/scrape_airflow.py
[2023-02-24T13:42:36.052+0000] {logging_mixin.py:137} INFO - [2023-02-24T13:42:36.050+0000] {dagbag.py:343} ERROR - Failed to import: /opt/airflow/dags/scrape_airflow.py
Traceback (most recent call last):
  File "/home/airflow/.local/lib/python3.7/site-packages/airflow/models/dagbag.py", line 339, in parse
    loader.exec_module(new_module)
  File "<frozen importlib._bootstrap_external>", line 728, in exec_module
  File "<frozen importlib._bootstrap>", line 219, in _call_with_frames_removed
  File "/opt/airflow/dags/scrape_airflow.py", line 10, in <module>
    import great_expectations as ge
ModuleNotFoundError: No module named 'great_expectations'
[2023-02-24T13:42:36.053+0000] {processor.py:755} WARNING - No viable dags retrieved from /opt/airflow/dags/scrape_airflow.py
[2023-02-24T13:42:36.064+0000] {processor.py:175} INFO - Processing /opt/airflow/dags/scrape_airflow.py took 0.370 seconds
[2023-02-24T13:43:06.398+0000] {processor.py:153} INFO - Started process (PID=253) to work on /opt/airflow/dags/scrape_airflow.py
[2023-02-24T13:43:06.406+0000] {processor.py:743} INFO - Processing file /opt/airflow/dags/scrape_airflow.py for tasks to queue
[2023-02-24T13:43:06.410+0000] {logging_mixin.py:137} INFO - [2023-02-24T13:43:06.409+0000] {dagbag.py:538} INFO - Filling up the DagBag from /opt/airflow/dags/scrape_airflow.py
[2023-02-24T13:43:06.760+0000] {logging_mixin.py:137} INFO - [2023-02-24T13:43:06.758+0000] {dagbag.py:343} ERROR - Failed to import: /opt/airflow/dags/scrape_airflow.py
Traceback (most recent call last):
  File "/home/airflow/.local/lib/python3.7/site-packages/airflow/models/dagbag.py", line 339, in parse
    loader.exec_module(new_module)
  File "<frozen importlib._bootstrap_external>", line 728, in exec_module
  File "<frozen importlib._bootstrap>", line 219, in _call_with_frames_removed
  File "/opt/airflow/dags/scrape_airflow.py", line 10, in <module>
    import great_expectations as ge
ModuleNotFoundError: No module named 'great_expectations'
[2023-02-24T13:43:06.762+0000] {processor.py:755} WARNING - No viable dags retrieved from /opt/airflow/dags/scrape_airflow.py
[2023-02-24T13:43:06.772+0000] {processor.py:175} INFO - Processing /opt/airflow/dags/scrape_airflow.py took 0.379 seconds
[2023-02-24T13:43:37.009+0000] {processor.py:153} INFO - Started process (PID=331) to work on /opt/airflow/dags/scrape_airflow.py
[2023-02-24T13:43:37.012+0000] {processor.py:743} INFO - Processing file /opt/airflow/dags/scrape_airflow.py for tasks to queue
[2023-02-24T13:43:37.014+0000] {logging_mixin.py:137} INFO - [2023-02-24T13:43:37.013+0000] {dagbag.py:538} INFO - Filling up the DagBag from /opt/airflow/dags/scrape_airflow.py
[2023-02-24T13:43:37.322+0000] {logging_mixin.py:137} INFO - [2023-02-24T13:43:37.320+0000] {dagbag.py:343} ERROR - Failed to import: /opt/airflow/dags/scrape_airflow.py
Traceback (most recent call last):
  File "/home/airflow/.local/lib/python3.7/site-packages/airflow/models/dagbag.py", line 339, in parse
    loader.exec_module(new_module)
  File "<frozen importlib._bootstrap_external>", line 728, in exec_module
  File "<frozen importlib._bootstrap>", line 219, in _call_with_frames_removed
  File "/opt/airflow/dags/scrape_airflow.py", line 10, in <module>
    import great_expectations as ge
ModuleNotFoundError: No module named 'great_expectations'
[2023-02-24T13:43:37.323+0000] {processor.py:755} WARNING - No viable dags retrieved from /opt/airflow/dags/scrape_airflow.py
[2023-02-24T13:43:37.334+0000] {processor.py:175} INFO - Processing /opt/airflow/dags/scrape_airflow.py took 0.329 seconds
[2023-02-24T13:44:07.547+0000] {processor.py:153} INFO - Started process (PID=405) to work on /opt/airflow/dags/scrape_airflow.py
[2023-02-24T13:44:07.549+0000] {processor.py:743} INFO - Processing file /opt/airflow/dags/scrape_airflow.py for tasks to queue
[2023-02-24T13:44:07.551+0000] {logging_mixin.py:137} INFO - [2023-02-24T13:44:07.551+0000] {dagbag.py:538} INFO - Filling up the DagBag from /opt/airflow/dags/scrape_airflow.py
[2023-02-24T13:44:08.022+0000] {logging_mixin.py:137} INFO - [2023-02-24T13:44:08.020+0000] {dagbag.py:343} ERROR - Failed to import: /opt/airflow/dags/scrape_airflow.py
Traceback (most recent call last):
  File "/home/airflow/.local/lib/python3.7/site-packages/airflow/models/dagbag.py", line 339, in parse
    loader.exec_module(new_module)
  File "<frozen importlib._bootstrap_external>", line 728, in exec_module
  File "<frozen importlib._bootstrap>", line 219, in _call_with_frames_removed
  File "/opt/airflow/dags/scrape_airflow.py", line 10, in <module>
    import great_expectations as ge
ModuleNotFoundError: No module named 'great_expectations'
[2023-02-24T13:44:08.023+0000] {processor.py:755} WARNING - No viable dags retrieved from /opt/airflow/dags/scrape_airflow.py
[2023-02-24T13:44:08.036+0000] {processor.py:175} INFO - Processing /opt/airflow/dags/scrape_airflow.py took 0.491 seconds
[2023-02-24T13:44:38.237+0000] {processor.py:153} INFO - Started process (PID=477) to work on /opt/airflow/dags/scrape_airflow.py
[2023-02-24T13:44:38.239+0000] {processor.py:743} INFO - Processing file /opt/airflow/dags/scrape_airflow.py for tasks to queue
[2023-02-24T13:44:38.240+0000] {logging_mixin.py:137} INFO - [2023-02-24T13:44:38.240+0000] {dagbag.py:538} INFO - Filling up the DagBag from /opt/airflow/dags/scrape_airflow.py
[2023-02-24T13:44:38.580+0000] {logging_mixin.py:137} INFO - [2023-02-24T13:44:38.577+0000] {dagbag.py:343} ERROR - Failed to import: /opt/airflow/dags/scrape_airflow.py
Traceback (most recent call last):
  File "/home/airflow/.local/lib/python3.7/site-packages/airflow/models/dagbag.py", line 339, in parse
    loader.exec_module(new_module)
  File "<frozen importlib._bootstrap_external>", line 728, in exec_module
  File "<frozen importlib._bootstrap>", line 219, in _call_with_frames_removed
  File "/opt/airflow/dags/scrape_airflow.py", line 10, in <module>
    import great_expectations as ge
ModuleNotFoundError: No module named 'great_expectations'
[2023-02-24T13:44:38.581+0000] {processor.py:755} WARNING - No viable dags retrieved from /opt/airflow/dags/scrape_airflow.py
[2023-02-24T13:44:38.592+0000] {processor.py:175} INFO - Processing /opt/airflow/dags/scrape_airflow.py took 0.357 seconds
[2023-02-24T13:45:09.061+0000] {processor.py:153} INFO - Started process (PID=558) to work on /opt/airflow/dags/scrape_airflow.py
[2023-02-24T13:45:09.062+0000] {processor.py:743} INFO - Processing file /opt/airflow/dags/scrape_airflow.py for tasks to queue
[2023-02-24T13:45:09.064+0000] {logging_mixin.py:137} INFO - [2023-02-24T13:45:09.064+0000] {dagbag.py:538} INFO - Filling up the DagBag from /opt/airflow/dags/scrape_airflow.py
[2023-02-24T13:45:09.399+0000] {logging_mixin.py:137} INFO - [2023-02-24T13:45:09.397+0000] {dagbag.py:343} ERROR - Failed to import: /opt/airflow/dags/scrape_airflow.py
Traceback (most recent call last):
  File "/home/airflow/.local/lib/python3.7/site-packages/airflow/models/dagbag.py", line 339, in parse
    loader.exec_module(new_module)
  File "<frozen importlib._bootstrap_external>", line 728, in exec_module
  File "<frozen importlib._bootstrap>", line 219, in _call_with_frames_removed
  File "/opt/airflow/dags/scrape_airflow.py", line 10, in <module>
    import great_expectations as ge
ModuleNotFoundError: No module named 'great_expectations'
[2023-02-24T13:45:09.400+0000] {processor.py:755} WARNING - No viable dags retrieved from /opt/airflow/dags/scrape_airflow.py
[2023-02-24T13:45:09.413+0000] {processor.py:175} INFO - Processing /opt/airflow/dags/scrape_airflow.py took 0.354 seconds
[2023-02-24T13:45:51.242+0000] {processor.py:153} INFO - Started process (PID=33) to work on /opt/airflow/dags/scrape_airflow.py
[2023-02-24T13:45:51.243+0000] {processor.py:743} INFO - Processing file /opt/airflow/dags/scrape_airflow.py for tasks to queue
[2023-02-24T13:45:51.246+0000] {logging_mixin.py:137} INFO - [2023-02-24T13:45:51.246+0000] {dagbag.py:538} INFO - Filling up the DagBag from /opt/airflow/dags/scrape_airflow.py
[2023-02-24T13:45:51.575+0000] {logging_mixin.py:137} INFO - [2023-02-24T13:45:51.572+0000] {dagbag.py:343} ERROR - Failed to import: /opt/airflow/dags/scrape_airflow.py
Traceback (most recent call last):
  File "/home/airflow/.local/lib/python3.7/site-packages/airflow/models/dagbag.py", line 339, in parse
    loader.exec_module(new_module)
  File "<frozen importlib._bootstrap_external>", line 728, in exec_module
  File "<frozen importlib._bootstrap>", line 219, in _call_with_frames_removed
  File "/opt/airflow/dags/scrape_airflow.py", line 10, in <module>
    import great_expectations as ge
ModuleNotFoundError: No module named 'great_expectations'
[2023-02-24T13:45:51.576+0000] {processor.py:755} WARNING - No viable dags retrieved from /opt/airflow/dags/scrape_airflow.py
[2023-02-24T13:45:51.592+0000] {processor.py:175} INFO - Processing /opt/airflow/dags/scrape_airflow.py took 0.354 seconds
[2023-02-24T13:46:22.210+0000] {processor.py:153} INFO - Started process (PID=110) to work on /opt/airflow/dags/scrape_airflow.py
[2023-02-24T13:46:22.212+0000] {processor.py:743} INFO - Processing file /opt/airflow/dags/scrape_airflow.py for tasks to queue
[2023-02-24T13:46:22.214+0000] {logging_mixin.py:137} INFO - [2023-02-24T13:46:22.214+0000] {dagbag.py:538} INFO - Filling up the DagBag from /opt/airflow/dags/scrape_airflow.py
[2023-02-24T13:46:22.479+0000] {logging_mixin.py:137} INFO - [2023-02-24T13:46:22.475+0000] {dagbag.py:343} ERROR - Failed to import: /opt/airflow/dags/scrape_airflow.py
Traceback (most recent call last):
  File "/home/airflow/.local/lib/python3.7/site-packages/airflow/models/dagbag.py", line 339, in parse
    loader.exec_module(new_module)
  File "<frozen importlib._bootstrap_external>", line 728, in exec_module
  File "<frozen importlib._bootstrap>", line 219, in _call_with_frames_removed
  File "/opt/airflow/dags/scrape_airflow.py", line 10, in <module>
    import great_expectations as ge
ModuleNotFoundError: No module named 'great_expectations'
[2023-02-24T13:46:22.481+0000] {processor.py:755} WARNING - No viable dags retrieved from /opt/airflow/dags/scrape_airflow.py
[2023-02-24T13:46:22.499+0000] {processor.py:175} INFO - Processing /opt/airflow/dags/scrape_airflow.py took 0.294 seconds
[2023-02-24T13:46:52.702+0000] {processor.py:153} INFO - Started process (PID=175) to work on /opt/airflow/dags/scrape_airflow.py
[2023-02-24T13:46:52.706+0000] {processor.py:743} INFO - Processing file /opt/airflow/dags/scrape_airflow.py for tasks to queue
[2023-02-24T13:46:52.710+0000] {logging_mixin.py:137} INFO - [2023-02-24T13:46:52.709+0000] {dagbag.py:538} INFO - Filling up the DagBag from /opt/airflow/dags/scrape_airflow.py
[2023-02-24T13:46:52.911+0000] {logging_mixin.py:137} INFO - [2023-02-24T13:46:52.909+0000] {dagbag.py:343} ERROR - Failed to import: /opt/airflow/dags/scrape_airflow.py
Traceback (most recent call last):
  File "/home/airflow/.local/lib/python3.7/site-packages/airflow/models/dagbag.py", line 339, in parse
    loader.exec_module(new_module)
  File "<frozen importlib._bootstrap_external>", line 728, in exec_module
  File "<frozen importlib._bootstrap>", line 219, in _call_with_frames_removed
  File "/opt/airflow/dags/scrape_airflow.py", line 10, in <module>
    import great_expectations as ge
ModuleNotFoundError: No module named 'great_expectations'
[2023-02-24T13:46:52.912+0000] {processor.py:755} WARNING - No viable dags retrieved from /opt/airflow/dags/scrape_airflow.py
[2023-02-24T13:46:52.925+0000] {processor.py:175} INFO - Processing /opt/airflow/dags/scrape_airflow.py took 0.228 seconds
[2023-02-24T13:47:22.995+0000] {processor.py:153} INFO - Started process (PID=254) to work on /opt/airflow/dags/scrape_airflow.py
[2023-02-24T13:47:22.996+0000] {processor.py:743} INFO - Processing file /opt/airflow/dags/scrape_airflow.py for tasks to queue
[2023-02-24T13:47:22.998+0000] {logging_mixin.py:137} INFO - [2023-02-24T13:47:22.998+0000] {dagbag.py:538} INFO - Filling up the DagBag from /opt/airflow/dags/scrape_airflow.py
[2023-02-24T13:47:23.181+0000] {logging_mixin.py:137} INFO - [2023-02-24T13:47:23.177+0000] {dagbag.py:343} ERROR - Failed to import: /opt/airflow/dags/scrape_airflow.py
Traceback (most recent call last):
  File "/home/airflow/.local/lib/python3.7/site-packages/airflow/models/dagbag.py", line 339, in parse
    loader.exec_module(new_module)
  File "<frozen importlib._bootstrap_external>", line 728, in exec_module
  File "<frozen importlib._bootstrap>", line 219, in _call_with_frames_removed
  File "/opt/airflow/dags/scrape_airflow.py", line 10, in <module>
    import great_expectations as ge
ModuleNotFoundError: No module named 'great_expectations'
[2023-02-24T13:47:23.182+0000] {processor.py:755} WARNING - No viable dags retrieved from /opt/airflow/dags/scrape_airflow.py
[2023-02-24T13:47:23.196+0000] {processor.py:175} INFO - Processing /opt/airflow/dags/scrape_airflow.py took 0.203 seconds
[2023-02-24T13:47:46.905+0000] {processor.py:153} INFO - Started process (PID=317) to work on /opt/airflow/dags/scrape_airflow.py
[2023-02-24T13:47:46.907+0000] {processor.py:743} INFO - Processing file /opt/airflow/dags/scrape_airflow.py for tasks to queue
[2023-02-24T13:47:46.909+0000] {logging_mixin.py:137} INFO - [2023-02-24T13:47:46.909+0000] {dagbag.py:538} INFO - Filling up the DagBag from /opt/airflow/dags/scrape_airflow.py
[2023-02-24T13:47:47.068+0000] {logging_mixin.py:137} INFO - [2023-02-24T13:47:47.065+0000] {dagbag.py:343} ERROR - Failed to import: /opt/airflow/dags/scrape_airflow.py
Traceback (most recent call last):
  File "/home/airflow/.local/lib/python3.7/site-packages/airflow/models/dagbag.py", line 339, in parse
    loader.exec_module(new_module)
  File "<frozen importlib._bootstrap_external>", line 728, in exec_module
  File "<frozen importlib._bootstrap>", line 219, in _call_with_frames_removed
  File "/opt/airflow/dags/scrape_airflow.py", line 10, in <module>
    import great_expectations as ge
ModuleNotFoundError: No module named 'great_expectations'
[2023-02-24T13:47:47.070+0000] {processor.py:755} WARNING - No viable dags retrieved from /opt/airflow/dags/scrape_airflow.py
[2023-02-24T13:47:47.081+0000] {processor.py:175} INFO - Processing /opt/airflow/dags/scrape_airflow.py took 0.179 seconds
[2023-02-24T13:48:12.633+0000] {processor.py:153} INFO - Started process (PID=33) to work on /opt/airflow/dags/scrape_airflow.py
[2023-02-24T13:48:12.636+0000] {processor.py:743} INFO - Processing file /opt/airflow/dags/scrape_airflow.py for tasks to queue
[2023-02-24T13:48:12.638+0000] {logging_mixin.py:137} INFO - [2023-02-24T13:48:12.638+0000] {dagbag.py:538} INFO - Filling up the DagBag from /opt/airflow/dags/scrape_airflow.py
[2023-02-24T13:48:12.959+0000] {logging_mixin.py:137} INFO - [2023-02-24T13:48:12.955+0000] {dagbag.py:343} ERROR - Failed to import: /opt/airflow/dags/scrape_airflow.py
Traceback (most recent call last):
  File "/home/airflow/.local/lib/python3.7/site-packages/airflow/models/dagbag.py", line 339, in parse
    loader.exec_module(new_module)
  File "<frozen importlib._bootstrap_external>", line 728, in exec_module
  File "<frozen importlib._bootstrap>", line 219, in _call_with_frames_removed
  File "/opt/airflow/dags/scrape_airflow.py", line 10, in <module>
    import great_expectations as ge
ModuleNotFoundError: No module named 'great_expectations'
[2023-02-24T13:48:12.960+0000] {processor.py:755} WARNING - No viable dags retrieved from /opt/airflow/dags/scrape_airflow.py
[2023-02-24T13:48:12.981+0000] {processor.py:175} INFO - Processing /opt/airflow/dags/scrape_airflow.py took 0.355 seconds
[2023-02-24T13:48:43.723+0000] {processor.py:153} INFO - Started process (PID=111) to work on /opt/airflow/dags/scrape_airflow.py
[2023-02-24T13:48:43.727+0000] {processor.py:743} INFO - Processing file /opt/airflow/dags/scrape_airflow.py for tasks to queue
[2023-02-24T13:48:43.729+0000] {logging_mixin.py:137} INFO - [2023-02-24T13:48:43.729+0000] {dagbag.py:538} INFO - Filling up the DagBag from /opt/airflow/dags/scrape_airflow.py
[2023-02-24T13:48:43.935+0000] {logging_mixin.py:137} INFO - [2023-02-24T13:48:43.932+0000] {dagbag.py:343} ERROR - Failed to import: /opt/airflow/dags/scrape_airflow.py
Traceback (most recent call last):
  File "/home/airflow/.local/lib/python3.7/site-packages/airflow/models/dagbag.py", line 339, in parse
    loader.exec_module(new_module)
  File "<frozen importlib._bootstrap_external>", line 728, in exec_module
  File "<frozen importlib._bootstrap>", line 219, in _call_with_frames_removed
  File "/opt/airflow/dags/scrape_airflow.py", line 10, in <module>
    import great_expectations as ge
ModuleNotFoundError: No module named 'great_expectations'
[2023-02-24T13:48:43.936+0000] {processor.py:755} WARNING - No viable dags retrieved from /opt/airflow/dags/scrape_airflow.py
[2023-02-24T13:48:43.948+0000] {processor.py:175} INFO - Processing /opt/airflow/dags/scrape_airflow.py took 0.232 seconds
[2023-02-24T13:49:14.031+0000] {processor.py:153} INFO - Started process (PID=177) to work on /opt/airflow/dags/scrape_airflow.py
[2023-02-24T13:49:14.036+0000] {processor.py:743} INFO - Processing file /opt/airflow/dags/scrape_airflow.py for tasks to queue
[2023-02-24T13:49:14.039+0000] {logging_mixin.py:137} INFO - [2023-02-24T13:49:14.039+0000] {dagbag.py:538} INFO - Filling up the DagBag from /opt/airflow/dags/scrape_airflow.py
[2023-02-24T13:49:14.232+0000] {logging_mixin.py:137} INFO - [2023-02-24T13:49:14.230+0000] {dagbag.py:343} ERROR - Failed to import: /opt/airflow/dags/scrape_airflow.py
Traceback (most recent call last):
  File "/home/airflow/.local/lib/python3.7/site-packages/airflow/models/dagbag.py", line 339, in parse
    loader.exec_module(new_module)
  File "<frozen importlib._bootstrap_external>", line 728, in exec_module
  File "<frozen importlib._bootstrap>", line 219, in _call_with_frames_removed
  File "/opt/airflow/dags/scrape_airflow.py", line 10, in <module>
    import great_expectations as ge
ModuleNotFoundError: No module named 'great_expectations'
[2023-02-24T13:49:14.234+0000] {processor.py:755} WARNING - No viable dags retrieved from /opt/airflow/dags/scrape_airflow.py
[2023-02-24T13:49:14.246+0000] {processor.py:175} INFO - Processing /opt/airflow/dags/scrape_airflow.py took 0.227 seconds
[2023-02-24T13:49:44.559+0000] {processor.py:153} INFO - Started process (PID=254) to work on /opt/airflow/dags/scrape_airflow.py
[2023-02-24T13:49:44.561+0000] {processor.py:743} INFO - Processing file /opt/airflow/dags/scrape_airflow.py for tasks to queue
[2023-02-24T13:49:44.564+0000] {logging_mixin.py:137} INFO - [2023-02-24T13:49:44.564+0000] {dagbag.py:538} INFO - Filling up the DagBag from /opt/airflow/dags/scrape_airflow.py
[2023-02-24T13:49:44.752+0000] {logging_mixin.py:137} INFO - [2023-02-24T13:49:44.749+0000] {dagbag.py:343} ERROR - Failed to import: /opt/airflow/dags/scrape_airflow.py
Traceback (most recent call last):
  File "/home/airflow/.local/lib/python3.7/site-packages/airflow/models/dagbag.py", line 339, in parse
    loader.exec_module(new_module)
  File "<frozen importlib._bootstrap_external>", line 728, in exec_module
  File "<frozen importlib._bootstrap>", line 219, in _call_with_frames_removed
  File "/opt/airflow/dags/scrape_airflow.py", line 10, in <module>
    import great_expectations as ge
ModuleNotFoundError: No module named 'great_expectations'
[2023-02-24T13:49:44.754+0000] {processor.py:755} WARNING - No viable dags retrieved from /opt/airflow/dags/scrape_airflow.py
[2023-02-24T13:49:44.767+0000] {processor.py:175} INFO - Processing /opt/airflow/dags/scrape_airflow.py took 0.214 seconds
[2023-02-24T13:50:15.595+0000] {processor.py:153} INFO - Started process (PID=331) to work on /opt/airflow/dags/scrape_airflow.py
[2023-02-24T13:50:15.599+0000] {processor.py:743} INFO - Processing file /opt/airflow/dags/scrape_airflow.py for tasks to queue
[2023-02-24T13:50:15.606+0000] {logging_mixin.py:137} INFO - [2023-02-24T13:50:15.606+0000] {dagbag.py:538} INFO - Filling up the DagBag from /opt/airflow/dags/scrape_airflow.py
[2023-02-24T13:50:15.809+0000] {logging_mixin.py:137} INFO - [2023-02-24T13:50:15.806+0000] {dagbag.py:343} ERROR - Failed to import: /opt/airflow/dags/scrape_airflow.py
Traceback (most recent call last):
  File "/home/airflow/.local/lib/python3.7/site-packages/airflow/models/dagbag.py", line 339, in parse
    loader.exec_module(new_module)
  File "<frozen importlib._bootstrap_external>", line 728, in exec_module
  File "<frozen importlib._bootstrap>", line 219, in _call_with_frames_removed
  File "/opt/airflow/dags/scrape_airflow.py", line 10, in <module>
    import great_expectations as ge
ModuleNotFoundError: No module named 'great_expectations'
[2023-02-24T13:50:15.811+0000] {processor.py:755} WARNING - No viable dags retrieved from /opt/airflow/dags/scrape_airflow.py
[2023-02-24T13:50:15.823+0000] {processor.py:175} INFO - Processing /opt/airflow/dags/scrape_airflow.py took 0.235 seconds
[2023-02-24T13:50:46.053+0000] {processor.py:153} INFO - Started process (PID=395) to work on /opt/airflow/dags/scrape_airflow.py
[2023-02-24T13:50:46.056+0000] {processor.py:743} INFO - Processing file /opt/airflow/dags/scrape_airflow.py for tasks to queue
[2023-02-24T13:50:46.059+0000] {logging_mixin.py:137} INFO - [2023-02-24T13:50:46.059+0000] {dagbag.py:538} INFO - Filling up the DagBag from /opt/airflow/dags/scrape_airflow.py
[2023-02-24T13:50:46.243+0000] {logging_mixin.py:137} INFO - [2023-02-24T13:50:46.240+0000] {dagbag.py:343} ERROR - Failed to import: /opt/airflow/dags/scrape_airflow.py
Traceback (most recent call last):
  File "/home/airflow/.local/lib/python3.7/site-packages/airflow/models/dagbag.py", line 339, in parse
    loader.exec_module(new_module)
  File "<frozen importlib._bootstrap_external>", line 728, in exec_module
  File "<frozen importlib._bootstrap>", line 219, in _call_with_frames_removed
  File "/opt/airflow/dags/scrape_airflow.py", line 10, in <module>
    import great_expectations as ge
ModuleNotFoundError: No module named 'great_expectations'
[2023-02-24T13:50:46.244+0000] {processor.py:755} WARNING - No viable dags retrieved from /opt/airflow/dags/scrape_airflow.py
[2023-02-24T13:50:46.256+0000] {processor.py:175} INFO - Processing /opt/airflow/dags/scrape_airflow.py took 0.215 seconds
[2023-02-24T13:51:16.639+0000] {processor.py:153} INFO - Started process (PID=471) to work on /opt/airflow/dags/scrape_airflow.py
[2023-02-24T13:51:16.642+0000] {processor.py:743} INFO - Processing file /opt/airflow/dags/scrape_airflow.py for tasks to queue
[2023-02-24T13:51:16.644+0000] {logging_mixin.py:137} INFO - [2023-02-24T13:51:16.644+0000] {dagbag.py:538} INFO - Filling up the DagBag from /opt/airflow/dags/scrape_airflow.py
[2023-02-24T13:51:16.832+0000] {logging_mixin.py:137} INFO - [2023-02-24T13:51:16.829+0000] {dagbag.py:343} ERROR - Failed to import: /opt/airflow/dags/scrape_airflow.py
Traceback (most recent call last):
  File "/home/airflow/.local/lib/python3.7/site-packages/airflow/models/dagbag.py", line 339, in parse
    loader.exec_module(new_module)
  File "<frozen importlib._bootstrap_external>", line 728, in exec_module
  File "<frozen importlib._bootstrap>", line 219, in _call_with_frames_removed
  File "/opt/airflow/dags/scrape_airflow.py", line 10, in <module>
    import great_expectations as ge
ModuleNotFoundError: No module named 'great_expectations'
[2023-02-24T13:51:16.833+0000] {processor.py:755} WARNING - No viable dags retrieved from /opt/airflow/dags/scrape_airflow.py
[2023-02-24T13:51:16.845+0000] {processor.py:175} INFO - Processing /opt/airflow/dags/scrape_airflow.py took 0.213 seconds
[2023-02-24T13:51:46.940+0000] {processor.py:153} INFO - Started process (PID=548) to work on /opt/airflow/dags/scrape_airflow.py
[2023-02-24T13:51:46.943+0000] {processor.py:743} INFO - Processing file /opt/airflow/dags/scrape_airflow.py for tasks to queue
[2023-02-24T13:51:46.944+0000] {logging_mixin.py:137} INFO - [2023-02-24T13:51:46.944+0000] {dagbag.py:538} INFO - Filling up the DagBag from /opt/airflow/dags/scrape_airflow.py
[2023-02-24T13:51:47.120+0000] {logging_mixin.py:137} INFO - [2023-02-24T13:51:47.117+0000] {dagbag.py:343} ERROR - Failed to import: /opt/airflow/dags/scrape_airflow.py
Traceback (most recent call last):
  File "/home/airflow/.local/lib/python3.7/site-packages/airflow/models/dagbag.py", line 339, in parse
    loader.exec_module(new_module)
  File "<frozen importlib._bootstrap_external>", line 728, in exec_module
  File "<frozen importlib._bootstrap>", line 219, in _call_with_frames_removed
  File "/opt/airflow/dags/scrape_airflow.py", line 10, in <module>
    import great_expectations as ge
ModuleNotFoundError: No module named 'great_expectations'
[2023-02-24T13:51:47.121+0000] {processor.py:755} WARNING - No viable dags retrieved from /opt/airflow/dags/scrape_airflow.py
[2023-02-24T13:51:47.134+0000] {processor.py:175} INFO - Processing /opt/airflow/dags/scrape_airflow.py took 0.203 seconds
[2023-02-24T13:52:18.030+0000] {processor.py:153} INFO - Started process (PID=624) to work on /opt/airflow/dags/scrape_airflow.py
[2023-02-24T13:52:18.031+0000] {processor.py:743} INFO - Processing file /opt/airflow/dags/scrape_airflow.py for tasks to queue
[2023-02-24T13:52:18.033+0000] {logging_mixin.py:137} INFO - [2023-02-24T13:52:18.033+0000] {dagbag.py:538} INFO - Filling up the DagBag from /opt/airflow/dags/scrape_airflow.py
[2023-02-24T13:52:18.259+0000] {logging_mixin.py:137} INFO - [2023-02-24T13:52:18.255+0000] {dagbag.py:343} ERROR - Failed to import: /opt/airflow/dags/scrape_airflow.py
Traceback (most recent call last):
  File "/home/airflow/.local/lib/python3.7/site-packages/airflow/models/dagbag.py", line 339, in parse
    loader.exec_module(new_module)
  File "<frozen importlib._bootstrap_external>", line 728, in exec_module
  File "<frozen importlib._bootstrap>", line 219, in _call_with_frames_removed
  File "/opt/airflow/dags/scrape_airflow.py", line 10, in <module>
    import great_expectations as ge
ModuleNotFoundError: No module named 'great_expectations'
[2023-02-24T13:52:18.263+0000] {processor.py:755} WARNING - No viable dags retrieved from /opt/airflow/dags/scrape_airflow.py
[2023-02-24T13:52:18.280+0000] {processor.py:175} INFO - Processing /opt/airflow/dags/scrape_airflow.py took 0.254 seconds
[2023-02-24T13:52:48.350+0000] {processor.py:153} INFO - Started process (PID=689) to work on /opt/airflow/dags/scrape_airflow.py
[2023-02-24T13:52:48.355+0000] {processor.py:743} INFO - Processing file /opt/airflow/dags/scrape_airflow.py for tasks to queue
[2023-02-24T13:52:48.358+0000] {logging_mixin.py:137} INFO - [2023-02-24T13:52:48.358+0000] {dagbag.py:538} INFO - Filling up the DagBag from /opt/airflow/dags/scrape_airflow.py
[2023-02-24T13:52:48.535+0000] {logging_mixin.py:137} INFO - [2023-02-24T13:52:48.533+0000] {dagbag.py:343} ERROR - Failed to import: /opt/airflow/dags/scrape_airflow.py
Traceback (most recent call last):
  File "/home/airflow/.local/lib/python3.7/site-packages/airflow/models/dagbag.py", line 339, in parse
    loader.exec_module(new_module)
  File "<frozen importlib._bootstrap_external>", line 728, in exec_module
  File "<frozen importlib._bootstrap>", line 219, in _call_with_frames_removed
  File "/opt/airflow/dags/scrape_airflow.py", line 10, in <module>
    import great_expectations as ge
ModuleNotFoundError: No module named 'great_expectations'
[2023-02-24T13:52:48.536+0000] {processor.py:755} WARNING - No viable dags retrieved from /opt/airflow/dags/scrape_airflow.py
[2023-02-24T13:52:48.548+0000] {processor.py:175} INFO - Processing /opt/airflow/dags/scrape_airflow.py took 0.203 seconds
[2023-02-24T13:53:18.644+0000] {processor.py:153} INFO - Started process (PID=765) to work on /opt/airflow/dags/scrape_airflow.py
[2023-02-24T13:53:18.646+0000] {processor.py:743} INFO - Processing file /opt/airflow/dags/scrape_airflow.py for tasks to queue
[2023-02-24T13:53:18.647+0000] {logging_mixin.py:137} INFO - [2023-02-24T13:53:18.647+0000] {dagbag.py:538} INFO - Filling up the DagBag from /opt/airflow/dags/scrape_airflow.py
[2023-02-24T13:53:18.837+0000] {logging_mixin.py:137} INFO - [2023-02-24T13:53:18.835+0000] {dagbag.py:343} ERROR - Failed to import: /opt/airflow/dags/scrape_airflow.py
Traceback (most recent call last):
  File "/home/airflow/.local/lib/python3.7/site-packages/airflow/models/dagbag.py", line 339, in parse
    loader.exec_module(new_module)
  File "<frozen importlib._bootstrap_external>", line 728, in exec_module
  File "<frozen importlib._bootstrap>", line 219, in _call_with_frames_removed
  File "/opt/airflow/dags/scrape_airflow.py", line 10, in <module>
    import great_expectations as ge
ModuleNotFoundError: No module named 'great_expectations'
[2023-02-24T13:53:18.839+0000] {processor.py:755} WARNING - No viable dags retrieved from /opt/airflow/dags/scrape_airflow.py
[2023-02-24T13:53:18.852+0000] {processor.py:175} INFO - Processing /opt/airflow/dags/scrape_airflow.py took 0.211 seconds
[2023-02-24T13:53:48.915+0000] {processor.py:153} INFO - Started process (PID=841) to work on /opt/airflow/dags/scrape_airflow.py
[2023-02-24T13:53:48.918+0000] {processor.py:743} INFO - Processing file /opt/airflow/dags/scrape_airflow.py for tasks to queue
[2023-02-24T13:53:48.919+0000] {logging_mixin.py:137} INFO - [2023-02-24T13:53:48.919+0000] {dagbag.py:538} INFO - Filling up the DagBag from /opt/airflow/dags/scrape_airflow.py
[2023-02-24T13:53:49.162+0000] {logging_mixin.py:137} INFO - [2023-02-24T13:53:49.159+0000] {dagbag.py:343} ERROR - Failed to import: /opt/airflow/dags/scrape_airflow.py
Traceback (most recent call last):
  File "/home/airflow/.local/lib/python3.7/site-packages/airflow/models/dagbag.py", line 339, in parse
    loader.exec_module(new_module)
  File "<frozen importlib._bootstrap_external>", line 728, in exec_module
  File "<frozen importlib._bootstrap>", line 219, in _call_with_frames_removed
  File "/opt/airflow/dags/scrape_airflow.py", line 10, in <module>
    import great_expectations as ge
ModuleNotFoundError: No module named 'great_expectations'
[2023-02-24T13:53:49.165+0000] {processor.py:755} WARNING - No viable dags retrieved from /opt/airflow/dags/scrape_airflow.py
[2023-02-24T13:53:49.181+0000] {processor.py:175} INFO - Processing /opt/airflow/dags/scrape_airflow.py took 0.270 seconds
[2023-02-24T13:54:19.270+0000] {processor.py:153} INFO - Started process (PID=906) to work on /opt/airflow/dags/scrape_airflow.py
[2023-02-24T13:54:19.273+0000] {processor.py:743} INFO - Processing file /opt/airflow/dags/scrape_airflow.py for tasks to queue
[2023-02-24T13:54:19.276+0000] {logging_mixin.py:137} INFO - [2023-02-24T13:54:19.276+0000] {dagbag.py:538} INFO - Filling up the DagBag from /opt/airflow/dags/scrape_airflow.py
[2023-02-24T13:54:19.501+0000] {logging_mixin.py:137} INFO - [2023-02-24T13:54:19.498+0000] {dagbag.py:343} ERROR - Failed to import: /opt/airflow/dags/scrape_airflow.py
Traceback (most recent call last):
  File "/home/airflow/.local/lib/python3.7/site-packages/airflow/models/dagbag.py", line 339, in parse
    loader.exec_module(new_module)
  File "<frozen importlib._bootstrap_external>", line 728, in exec_module
  File "<frozen importlib._bootstrap>", line 219, in _call_with_frames_removed
  File "/opt/airflow/dags/scrape_airflow.py", line 10, in <module>
    import great_expectations as ge
ModuleNotFoundError: No module named 'great_expectations'
[2023-02-24T13:54:19.502+0000] {processor.py:755} WARNING - No viable dags retrieved from /opt/airflow/dags/scrape_airflow.py
[2023-02-24T13:54:19.517+0000] {processor.py:175} INFO - Processing /opt/airflow/dags/scrape_airflow.py took 0.251 seconds
[2023-02-24T13:54:49.623+0000] {processor.py:153} INFO - Started process (PID=985) to work on /opt/airflow/dags/scrape_airflow.py
[2023-02-24T13:54:49.626+0000] {processor.py:743} INFO - Processing file /opt/airflow/dags/scrape_airflow.py for tasks to queue
[2023-02-24T13:54:49.628+0000] {logging_mixin.py:137} INFO - [2023-02-24T13:54:49.627+0000] {dagbag.py:538} INFO - Filling up the DagBag from /opt/airflow/dags/scrape_airflow.py
[2023-02-24T13:54:49.820+0000] {logging_mixin.py:137} INFO - [2023-02-24T13:54:49.817+0000] {dagbag.py:343} ERROR - Failed to import: /opt/airflow/dags/scrape_airflow.py
Traceback (most recent call last):
  File "/home/airflow/.local/lib/python3.7/site-packages/airflow/models/dagbag.py", line 339, in parse
    loader.exec_module(new_module)
  File "<frozen importlib._bootstrap_external>", line 728, in exec_module
  File "<frozen importlib._bootstrap>", line 219, in _call_with_frames_removed
  File "/opt/airflow/dags/scrape_airflow.py", line 10, in <module>
    import great_expectations as ge
ModuleNotFoundError: No module named 'great_expectations'
[2023-02-24T13:54:49.821+0000] {processor.py:755} WARNING - No viable dags retrieved from /opt/airflow/dags/scrape_airflow.py
[2023-02-24T13:54:49.834+0000] {processor.py:175} INFO - Processing /opt/airflow/dags/scrape_airflow.py took 0.215 seconds
[2023-02-24T13:54:56.676+0000] {processor.py:153} INFO - Started process (PID=1028) to work on /opt/airflow/dags/scrape_airflow.py
[2023-02-24T13:54:56.679+0000] {processor.py:743} INFO - Processing file /opt/airflow/dags/scrape_airflow.py for tasks to queue
[2023-02-24T13:54:56.686+0000] {logging_mixin.py:137} INFO - [2023-02-24T13:54:56.685+0000] {dagbag.py:538} INFO - Filling up the DagBag from /opt/airflow/dags/scrape_airflow.py
[2023-02-24T13:54:56.906+0000] {logging_mixin.py:137} INFO - [2023-02-24T13:54:56.901+0000] {dagbag.py:343} ERROR - Failed to import: /opt/airflow/dags/scrape_airflow.py
Traceback (most recent call last):
  File "/home/airflow/.local/lib/python3.7/site-packages/airflow/models/dagbag.py", line 339, in parse
    loader.exec_module(new_module)
  File "<frozen importlib._bootstrap_external>", line 728, in exec_module
  File "<frozen importlib._bootstrap>", line 219, in _call_with_frames_removed
  File "/opt/airflow/dags/scrape_airflow.py", line 10, in <module>
    import great_expectations as ge
ModuleNotFoundError: No module named 'great_expectations'
[2023-02-24T13:54:56.908+0000] {processor.py:755} WARNING - No viable dags retrieved from /opt/airflow/dags/scrape_airflow.py
[2023-02-24T13:54:56.921+0000] {processor.py:175} INFO - Processing /opt/airflow/dags/scrape_airflow.py took 0.249 seconds
[2023-02-24T13:55:22.661+0000] {processor.py:153} INFO - Started process (PID=33) to work on /opt/airflow/dags/scrape_airflow.py
[2023-02-24T13:55:22.663+0000] {processor.py:743} INFO - Processing file /opt/airflow/dags/scrape_airflow.py for tasks to queue
[2023-02-24T13:55:22.664+0000] {logging_mixin.py:137} INFO - [2023-02-24T13:55:22.664+0000] {dagbag.py:538} INFO - Filling up the DagBag from /opt/airflow/dags/scrape_airflow.py
[2023-02-24T13:55:22.991+0000] {logging_mixin.py:137} INFO - [2023-02-24T13:55:22.986+0000] {dagbag.py:343} ERROR - Failed to import: /opt/airflow/dags/scrape_airflow.py
Traceback (most recent call last):
  File "/home/airflow/.local/lib/python3.7/site-packages/airflow/models/dagbag.py", line 339, in parse
    loader.exec_module(new_module)
  File "<frozen importlib._bootstrap_external>", line 728, in exec_module
  File "<frozen importlib._bootstrap>", line 219, in _call_with_frames_removed
  File "/opt/airflow/dags/scrape_airflow.py", line 10, in <module>
    import great_expectations as ge
ModuleNotFoundError: No module named 'great_expectations'
[2023-02-24T13:55:22.993+0000] {processor.py:755} WARNING - No viable dags retrieved from /opt/airflow/dags/scrape_airflow.py
[2023-02-24T13:55:23.028+0000] {processor.py:175} INFO - Processing /opt/airflow/dags/scrape_airflow.py took 0.370 seconds
[2023-02-24T13:55:53.700+0000] {processor.py:153} INFO - Started process (PID=111) to work on /opt/airflow/dags/scrape_airflow.py
[2023-02-24T13:55:53.703+0000] {processor.py:743} INFO - Processing file /opt/airflow/dags/scrape_airflow.py for tasks to queue
[2023-02-24T13:55:53.705+0000] {logging_mixin.py:137} INFO - [2023-02-24T13:55:53.705+0000] {dagbag.py:538} INFO - Filling up the DagBag from /opt/airflow/dags/scrape_airflow.py
[2023-02-24T13:55:53.911+0000] {logging_mixin.py:137} INFO - [2023-02-24T13:55:53.908+0000] {dagbag.py:343} ERROR - Failed to import: /opt/airflow/dags/scrape_airflow.py
Traceback (most recent call last):
  File "/home/airflow/.local/lib/python3.7/site-packages/airflow/models/dagbag.py", line 339, in parse
    loader.exec_module(new_module)
  File "<frozen importlib._bootstrap_external>", line 728, in exec_module
  File "<frozen importlib._bootstrap>", line 219, in _call_with_frames_removed
  File "/opt/airflow/dags/scrape_airflow.py", line 10, in <module>
    import great_expectations as ge
ModuleNotFoundError: No module named 'great_expectations'
[2023-02-24T13:55:53.912+0000] {processor.py:755} WARNING - No viable dags retrieved from /opt/airflow/dags/scrape_airflow.py
[2023-02-24T13:55:53.925+0000] {processor.py:175} INFO - Processing /opt/airflow/dags/scrape_airflow.py took 0.237 seconds
[2023-02-24T13:56:23.989+0000] {processor.py:153} INFO - Started process (PID=177) to work on /opt/airflow/dags/scrape_airflow.py
[2023-02-24T13:56:23.991+0000] {processor.py:743} INFO - Processing file /opt/airflow/dags/scrape_airflow.py for tasks to queue
[2023-02-24T13:56:23.992+0000] {logging_mixin.py:137} INFO - [2023-02-24T13:56:23.992+0000] {dagbag.py:538} INFO - Filling up the DagBag from /opt/airflow/dags/scrape_airflow.py
[2023-02-24T13:56:24.158+0000] {logging_mixin.py:137} INFO - [2023-02-24T13:56:24.155+0000] {dagbag.py:343} ERROR - Failed to import: /opt/airflow/dags/scrape_airflow.py
Traceback (most recent call last):
  File "/home/airflow/.local/lib/python3.7/site-packages/airflow/models/dagbag.py", line 339, in parse
    loader.exec_module(new_module)
  File "<frozen importlib._bootstrap_external>", line 728, in exec_module
  File "<frozen importlib._bootstrap>", line 219, in _call_with_frames_removed
  File "/opt/airflow/dags/scrape_airflow.py", line 10, in <module>
    import great_expectations as ge
ModuleNotFoundError: No module named 'great_expectations'
[2023-02-24T13:56:24.160+0000] {processor.py:755} WARNING - No viable dags retrieved from /opt/airflow/dags/scrape_airflow.py
[2023-02-24T13:56:24.173+0000] {processor.py:175} INFO - Processing /opt/airflow/dags/scrape_airflow.py took 0.186 seconds
[2023-02-24T13:56:54.234+0000] {processor.py:153} INFO - Started process (PID=252) to work on /opt/airflow/dags/scrape_airflow.py
[2023-02-24T13:56:54.236+0000] {processor.py:743} INFO - Processing file /opt/airflow/dags/scrape_airflow.py for tasks to queue
[2023-02-24T13:56:54.239+0000] {logging_mixin.py:137} INFO - [2023-02-24T13:56:54.239+0000] {dagbag.py:538} INFO - Filling up the DagBag from /opt/airflow/dags/scrape_airflow.py
[2023-02-24T13:56:54.432+0000] {logging_mixin.py:137} INFO - [2023-02-24T13:56:54.430+0000] {dagbag.py:343} ERROR - Failed to import: /opt/airflow/dags/scrape_airflow.py
Traceback (most recent call last):
  File "/home/airflow/.local/lib/python3.7/site-packages/airflow/models/dagbag.py", line 339, in parse
    loader.exec_module(new_module)
  File "<frozen importlib._bootstrap_external>", line 728, in exec_module
  File "<frozen importlib._bootstrap>", line 219, in _call_with_frames_removed
  File "/opt/airflow/dags/scrape_airflow.py", line 10, in <module>
    import great_expectations as ge
ModuleNotFoundError: No module named 'great_expectations'
[2023-02-24T13:56:54.434+0000] {processor.py:755} WARNING - No viable dags retrieved from /opt/airflow/dags/scrape_airflow.py
[2023-02-24T13:56:54.446+0000] {processor.py:175} INFO - Processing /opt/airflow/dags/scrape_airflow.py took 0.218 seconds
[2023-02-24T13:57:24.526+0000] {processor.py:153} INFO - Started process (PID=330) to work on /opt/airflow/dags/scrape_airflow.py
[2023-02-24T13:57:24.527+0000] {processor.py:743} INFO - Processing file /opt/airflow/dags/scrape_airflow.py for tasks to queue
[2023-02-24T13:57:24.528+0000] {logging_mixin.py:137} INFO - [2023-02-24T13:57:24.528+0000] {dagbag.py:538} INFO - Filling up the DagBag from /opt/airflow/dags/scrape_airflow.py
[2023-02-24T13:57:24.712+0000] {logging_mixin.py:137} INFO - [2023-02-24T13:57:24.709+0000] {dagbag.py:343} ERROR - Failed to import: /opt/airflow/dags/scrape_airflow.py
Traceback (most recent call last):
  File "/home/airflow/.local/lib/python3.7/site-packages/airflow/models/dagbag.py", line 339, in parse
    loader.exec_module(new_module)
  File "<frozen importlib._bootstrap_external>", line 728, in exec_module
  File "<frozen importlib._bootstrap>", line 219, in _call_with_frames_removed
  File "/opt/airflow/dags/scrape_airflow.py", line 10, in <module>
    import great_expectations as ge
ModuleNotFoundError: No module named 'great_expectations'
[2023-02-24T13:57:24.713+0000] {processor.py:755} WARNING - No viable dags retrieved from /opt/airflow/dags/scrape_airflow.py
[2023-02-24T13:57:24.726+0000] {processor.py:175} INFO - Processing /opt/airflow/dags/scrape_airflow.py took 0.204 seconds
[2023-02-24T13:57:54.805+0000] {processor.py:153} INFO - Started process (PID=395) to work on /opt/airflow/dags/scrape_airflow.py
[2023-02-24T13:57:54.807+0000] {processor.py:743} INFO - Processing file /opt/airflow/dags/scrape_airflow.py for tasks to queue
[2023-02-24T13:57:54.808+0000] {logging_mixin.py:137} INFO - [2023-02-24T13:57:54.808+0000] {dagbag.py:538} INFO - Filling up the DagBag from /opt/airflow/dags/scrape_airflow.py
[2023-02-24T13:57:54.996+0000] {logging_mixin.py:137} INFO - [2023-02-24T13:57:54.992+0000] {dagbag.py:343} ERROR - Failed to import: /opt/airflow/dags/scrape_airflow.py
Traceback (most recent call last):
  File "/home/airflow/.local/lib/python3.7/site-packages/airflow/models/dagbag.py", line 339, in parse
    loader.exec_module(new_module)
  File "<frozen importlib._bootstrap_external>", line 728, in exec_module
  File "<frozen importlib._bootstrap>", line 219, in _call_with_frames_removed
  File "/opt/airflow/dags/scrape_airflow.py", line 10, in <module>
    import great_expectations as ge
ModuleNotFoundError: No module named 'great_expectations'
[2023-02-24T13:57:54.999+0000] {processor.py:755} WARNING - No viable dags retrieved from /opt/airflow/dags/scrape_airflow.py
[2023-02-24T13:57:55.015+0000] {processor.py:175} INFO - Processing /opt/airflow/dags/scrape_airflow.py took 0.212 seconds
[2023-02-24T13:58:25.053+0000] {processor.py:153} INFO - Started process (PID=472) to work on /opt/airflow/dags/scrape_airflow.py
[2023-02-24T13:58:25.055+0000] {processor.py:743} INFO - Processing file /opt/airflow/dags/scrape_airflow.py for tasks to queue
[2023-02-24T13:58:25.056+0000] {logging_mixin.py:137} INFO - [2023-02-24T13:58:25.056+0000] {dagbag.py:538} INFO - Filling up the DagBag from /opt/airflow/dags/scrape_airflow.py
[2023-02-24T13:58:25.238+0000] {logging_mixin.py:137} INFO - [2023-02-24T13:58:25.236+0000] {dagbag.py:343} ERROR - Failed to import: /opt/airflow/dags/scrape_airflow.py
Traceback (most recent call last):
  File "/home/airflow/.local/lib/python3.7/site-packages/airflow/models/dagbag.py", line 339, in parse
    loader.exec_module(new_module)
  File "<frozen importlib._bootstrap_external>", line 728, in exec_module
  File "<frozen importlib._bootstrap>", line 219, in _call_with_frames_removed
  File "/opt/airflow/dags/scrape_airflow.py", line 10, in <module>
    import great_expectations as ge
ModuleNotFoundError: No module named 'great_expectations'
[2023-02-24T13:58:25.239+0000] {processor.py:755} WARNING - No viable dags retrieved from /opt/airflow/dags/scrape_airflow.py
[2023-02-24T13:58:25.251+0000] {processor.py:175} INFO - Processing /opt/airflow/dags/scrape_airflow.py took 0.200 seconds
[2023-02-24T13:58:54.861+0000] {processor.py:153} INFO - Started process (PID=545) to work on /opt/airflow/dags/scrape_airflow.py
[2023-02-24T13:58:54.863+0000] {processor.py:743} INFO - Processing file /opt/airflow/dags/scrape_airflow.py for tasks to queue
[2023-02-24T13:58:54.864+0000] {logging_mixin.py:137} INFO - [2023-02-24T13:58:54.864+0000] {dagbag.py:538} INFO - Filling up the DagBag from /opt/airflow/dags/scrape_airflow.py
[2023-02-24T13:59:21.864+0000] {processor.py:153} INFO - Started process (PID=33) to work on /opt/airflow/dags/scrape_airflow.py
[2023-02-24T13:59:21.867+0000] {processor.py:743} INFO - Processing file /opt/airflow/dags/scrape_airflow.py for tasks to queue
[2023-02-24T13:59:21.869+0000] {logging_mixin.py:137} INFO - [2023-02-24T13:59:21.869+0000] {dagbag.py:538} INFO - Filling up the DagBag from /opt/airflow/dags/scrape_airflow.py
[2023-02-24T13:59:26.504+0000] {processor.py:753} INFO - DAG(s) dict_keys(['Metadata_Airflow']) retrieved from /opt/airflow/dags/scrape_airflow.py
[2023-02-24T13:59:26.619+0000] {logging_mixin.py:137} INFO - [2023-02-24T13:59:26.619+0000] {manager.py:504} INFO - Created Permission View: can edit on DAG:Metadata_Airflow
[2023-02-24T13:59:26.625+0000] {logging_mixin.py:137} INFO - [2023-02-24T13:59:26.625+0000] {manager.py:504} INFO - Created Permission View: can delete on DAG:Metadata_Airflow
[2023-02-24T13:59:26.629+0000] {logging_mixin.py:137} INFO - [2023-02-24T13:59:26.629+0000] {manager.py:504} INFO - Created Permission View: can read on DAG:Metadata_Airflow
[2023-02-24T13:59:26.630+0000] {logging_mixin.py:137} INFO - [2023-02-24T13:59:26.630+0000] {dag.py:2690} INFO - Sync 1 DAGs
[2023-02-24T13:59:26.637+0000] {logging_mixin.py:137} INFO - [2023-02-24T13:59:26.637+0000] {dag.py:2711} INFO - Creating ORM DAG for Metadata_Airflow
[2023-02-24T13:59:26.644+0000] {logging_mixin.py:137} INFO - [2023-02-24T13:59:26.644+0000] {dag.py:3441} INFO - Setting next_dagrun for Metadata_Airflow to 2023-02-24T05:00:00+00:00, run_after=2023-02-25T05:00:00+00:00
[2023-02-24T13:59:26.658+0000] {processor.py:175} INFO - Processing /opt/airflow/dags/scrape_airflow.py took 4.805 seconds
[2023-02-24T13:59:57.444+0000] {processor.py:153} INFO - Started process (PID=147) to work on /opt/airflow/dags/scrape_airflow.py
[2023-02-24T13:59:57.449+0000] {processor.py:743} INFO - Processing file /opt/airflow/dags/scrape_airflow.py for tasks to queue
[2023-02-24T13:59:57.451+0000] {logging_mixin.py:137} INFO - [2023-02-24T13:59:57.451+0000] {dagbag.py:538} INFO - Filling up the DagBag from /opt/airflow/dags/scrape_airflow.py
[2023-02-24T14:00:01.979+0000] {processor.py:753} INFO - DAG(s) dict_keys(['Metadata_Airflow']) retrieved from /opt/airflow/dags/scrape_airflow.py
[2023-02-24T14:00:02.017+0000] {logging_mixin.py:137} INFO - [2023-02-24T14:00:02.017+0000] {dag.py:2690} INFO - Sync 1 DAGs
[2023-02-24T14:00:02.077+0000] {logging_mixin.py:137} INFO - [2023-02-24T14:00:02.077+0000] {dag.py:3441} INFO - Setting next_dagrun for Metadata_Airflow to 2023-02-24T05:00:00+00:00, run_after=2023-02-25T05:00:00+00:00
[2023-02-24T14:00:02.100+0000] {processor.py:175} INFO - Processing /opt/airflow/dags/scrape_airflow.py took 4.660 seconds
[2023-02-24T14:00:32.778+0000] {processor.py:153} INFO - Started process (PID=229) to work on /opt/airflow/dags/scrape_airflow.py
[2023-02-24T14:00:32.781+0000] {processor.py:743} INFO - Processing file /opt/airflow/dags/scrape_airflow.py for tasks to queue
[2023-02-24T14:00:32.783+0000] {logging_mixin.py:137} INFO - [2023-02-24T14:00:32.783+0000] {dagbag.py:538} INFO - Filling up the DagBag from /opt/airflow/dags/scrape_airflow.py
[2023-02-24T14:00:34.135+0000] {processor.py:753} INFO - DAG(s) dict_keys(['Metadata_Airflow']) retrieved from /opt/airflow/dags/scrape_airflow.py
[2023-02-24T14:00:34.153+0000] {logging_mixin.py:137} INFO - [2023-02-24T14:00:34.153+0000] {dag.py:2690} INFO - Sync 1 DAGs
[2023-02-24T14:00:34.166+0000] {logging_mixin.py:137} INFO - [2023-02-24T14:00:34.166+0000] {dag.py:3441} INFO - Setting next_dagrun for Metadata_Airflow to 2023-02-24T05:00:00+00:00, run_after=2023-02-25T05:00:00+00:00
[2023-02-24T14:00:34.175+0000] {processor.py:175} INFO - Processing /opt/airflow/dags/scrape_airflow.py took 1.401 seconds
[2023-02-24T14:01:04.890+0000] {processor.py:153} INFO - Started process (PID=308) to work on /opt/airflow/dags/scrape_airflow.py
[2023-02-24T14:01:04.894+0000] {processor.py:743} INFO - Processing file /opt/airflow/dags/scrape_airflow.py for tasks to queue
[2023-02-24T14:01:04.896+0000] {logging_mixin.py:137} INFO - [2023-02-24T14:01:04.895+0000] {dagbag.py:538} INFO - Filling up the DagBag from /opt/airflow/dags/scrape_airflow.py
[2023-02-24T14:01:09.251+0000] {processor.py:753} INFO - DAG(s) dict_keys(['Metadata_Airflow']) retrieved from /opt/airflow/dags/scrape_airflow.py
[2023-02-24T14:01:09.278+0000] {logging_mixin.py:137} INFO - [2023-02-24T14:01:09.278+0000] {dag.py:2690} INFO - Sync 1 DAGs
[2023-02-24T14:01:09.291+0000] {logging_mixin.py:137} INFO - [2023-02-24T14:01:09.291+0000] {dag.py:3441} INFO - Setting next_dagrun for Metadata_Airflow to 2023-02-24T05:00:00+00:00, run_after=2023-02-25T05:00:00+00:00
[2023-02-24T14:01:09.301+0000] {processor.py:175} INFO - Processing /opt/airflow/dags/scrape_airflow.py took 4.417 seconds
[2023-02-24T14:01:39.523+0000] {processor.py:153} INFO - Started process (PID=385) to work on /opt/airflow/dags/scrape_airflow.py
[2023-02-24T14:01:39.525+0000] {processor.py:743} INFO - Processing file /opt/airflow/dags/scrape_airflow.py for tasks to queue
[2023-02-24T14:01:39.527+0000] {logging_mixin.py:137} INFO - [2023-02-24T14:01:39.527+0000] {dagbag.py:538} INFO - Filling up the DagBag from /opt/airflow/dags/scrape_airflow.py
[2023-02-24T14:01:43.892+0000] {processor.py:753} INFO - DAG(s) dict_keys(['Metadata_Airflow']) retrieved from /opt/airflow/dags/scrape_airflow.py
[2023-02-24T14:01:43.927+0000] {logging_mixin.py:137} INFO - [2023-02-24T14:01:43.927+0000] {dag.py:2690} INFO - Sync 1 DAGs
[2023-02-24T14:01:43.942+0000] {logging_mixin.py:137} INFO - [2023-02-24T14:01:43.942+0000] {dag.py:3441} INFO - Setting next_dagrun for Metadata_Airflow to 2023-02-24T05:00:00+00:00, run_after=2023-02-25T05:00:00+00:00
[2023-02-24T14:01:43.952+0000] {processor.py:175} INFO - Processing /opt/airflow/dags/scrape_airflow.py took 4.432 seconds
[2023-02-24T14:02:14.965+0000] {processor.py:153} INFO - Started process (PID=462) to work on /opt/airflow/dags/scrape_airflow.py
[2023-02-24T14:02:14.968+0000] {processor.py:743} INFO - Processing file /opt/airflow/dags/scrape_airflow.py for tasks to queue
[2023-02-24T14:02:14.970+0000] {logging_mixin.py:137} INFO - [2023-02-24T14:02:14.970+0000] {dagbag.py:538} INFO - Filling up the DagBag from /opt/airflow/dags/scrape_airflow.py
[2023-02-24T14:02:17.292+0000] {processor.py:753} INFO - DAG(s) dict_keys(['Metadata_Airflow']) retrieved from /opt/airflow/dags/scrape_airflow.py
[2023-02-24T14:02:17.311+0000] {logging_mixin.py:137} INFO - [2023-02-24T14:02:17.311+0000] {dag.py:2690} INFO - Sync 1 DAGs
[2023-02-24T14:02:17.324+0000] {logging_mixin.py:137} INFO - [2023-02-24T14:02:17.324+0000] {dag.py:3441} INFO - Setting next_dagrun for Metadata_Airflow to 2023-02-24T05:00:00+00:00, run_after=2023-02-25T05:00:00+00:00
[2023-02-24T14:02:17.334+0000] {processor.py:175} INFO - Processing /opt/airflow/dags/scrape_airflow.py took 2.373 seconds
[2023-02-24T14:02:48.249+0000] {processor.py:153} INFO - Started process (PID=539) to work on /opt/airflow/dags/scrape_airflow.py
[2023-02-24T14:02:48.251+0000] {processor.py:743} INFO - Processing file /opt/airflow/dags/scrape_airflow.py for tasks to queue
[2023-02-24T14:02:48.254+0000] {logging_mixin.py:137} INFO - [2023-02-24T14:02:48.253+0000] {dagbag.py:538} INFO - Filling up the DagBag from /opt/airflow/dags/scrape_airflow.py
[2023-02-24T14:02:51.638+0000] {processor.py:753} INFO - DAG(s) dict_keys(['Metadata_Airflow']) retrieved from /opt/airflow/dags/scrape_airflow.py
[2023-02-24T14:02:51.657+0000] {logging_mixin.py:137} INFO - [2023-02-24T14:02:51.656+0000] {dag.py:2690} INFO - Sync 1 DAGs
[2023-02-24T14:02:51.672+0000] {logging_mixin.py:137} INFO - [2023-02-24T14:02:51.672+0000] {dag.py:3441} INFO - Setting next_dagrun for Metadata_Airflow to 2023-02-24T05:00:00+00:00, run_after=2023-02-25T05:00:00+00:00
[2023-02-24T14:02:51.682+0000] {processor.py:175} INFO - Processing /opt/airflow/dags/scrape_airflow.py took 3.438 seconds
[2023-02-24T14:03:22.689+0000] {processor.py:153} INFO - Started process (PID=616) to work on /opt/airflow/dags/scrape_airflow.py
[2023-02-24T14:03:22.692+0000] {processor.py:743} INFO - Processing file /opt/airflow/dags/scrape_airflow.py for tasks to queue
[2023-02-24T14:03:22.695+0000] {logging_mixin.py:137} INFO - [2023-02-24T14:03:22.695+0000] {dagbag.py:538} INFO - Filling up the DagBag from /opt/airflow/dags/scrape_airflow.py
[2023-02-24T14:03:27.048+0000] {processor.py:753} INFO - DAG(s) dict_keys(['Metadata_Airflow']) retrieved from /opt/airflow/dags/scrape_airflow.py
[2023-02-24T14:03:27.082+0000] {logging_mixin.py:137} INFO - [2023-02-24T14:03:27.082+0000] {dag.py:2690} INFO - Sync 1 DAGs
[2023-02-24T14:03:27.098+0000] {logging_mixin.py:137} INFO - [2023-02-24T14:03:27.098+0000] {dag.py:3441} INFO - Setting next_dagrun for Metadata_Airflow to 2023-02-24T05:00:00+00:00, run_after=2023-02-25T05:00:00+00:00
[2023-02-24T14:03:27.108+0000] {processor.py:175} INFO - Processing /opt/airflow/dags/scrape_airflow.py took 4.424 seconds
[2023-02-24T14:03:57.323+0000] {processor.py:153} INFO - Started process (PID=705) to work on /opt/airflow/dags/scrape_airflow.py
[2023-02-24T14:03:57.324+0000] {processor.py:743} INFO - Processing file /opt/airflow/dags/scrape_airflow.py for tasks to queue
[2023-02-24T14:03:57.325+0000] {logging_mixin.py:137} INFO - [2023-02-24T14:03:57.325+0000] {dagbag.py:538} INFO - Filling up the DagBag from /opt/airflow/dags/scrape_airflow.py
[2023-02-24T14:04:00.709+0000] {processor.py:753} INFO - DAG(s) dict_keys(['Metadata_Airflow']) retrieved from /opt/airflow/dags/scrape_airflow.py
[2023-02-24T14:04:00.741+0000] {logging_mixin.py:137} INFO - [2023-02-24T14:04:00.741+0000] {dag.py:2690} INFO - Sync 1 DAGs
[2023-02-24T14:04:00.757+0000] {logging_mixin.py:137} INFO - [2023-02-24T14:04:00.757+0000] {dag.py:3441} INFO - Setting next_dagrun for Metadata_Airflow to 2023-02-24T05:00:00+00:00, run_after=2023-02-25T05:00:00+00:00
[2023-02-24T14:04:00.769+0000] {processor.py:175} INFO - Processing /opt/airflow/dags/scrape_airflow.py took 3.449 seconds
[2023-02-24T14:04:31.639+0000] {processor.py:153} INFO - Started process (PID=809) to work on /opt/airflow/dags/scrape_airflow.py
[2023-02-24T14:04:31.641+0000] {processor.py:743} INFO - Processing file /opt/airflow/dags/scrape_airflow.py for tasks to queue
[2023-02-24T14:04:31.642+0000] {logging_mixin.py:137} INFO - [2023-02-24T14:04:31.642+0000] {dagbag.py:538} INFO - Filling up the DagBag from /opt/airflow/dags/scrape_airflow.py
[2023-02-24T14:04:35.007+0000] {processor.py:753} INFO - DAG(s) dict_keys(['Metadata_Airflow']) retrieved from /opt/airflow/dags/scrape_airflow.py
[2023-02-24T14:04:35.040+0000] {logging_mixin.py:137} INFO - [2023-02-24T14:04:35.040+0000] {dag.py:2690} INFO - Sync 1 DAGs
[2023-02-24T14:04:35.056+0000] {logging_mixin.py:137} INFO - [2023-02-24T14:04:35.056+0000] {dag.py:3441} INFO - Setting next_dagrun for Metadata_Airflow to 2023-02-24T05:00:00+00:00, run_after=2023-02-25T05:00:00+00:00
[2023-02-24T14:04:35.067+0000] {processor.py:175} INFO - Processing /opt/airflow/dags/scrape_airflow.py took 3.430 seconds
[2023-02-24T14:05:05.231+0000] {processor.py:153} INFO - Started process (PID=884) to work on /opt/airflow/dags/scrape_airflow.py
[2023-02-24T14:05:05.233+0000] {processor.py:743} INFO - Processing file /opt/airflow/dags/scrape_airflow.py for tasks to queue
[2023-02-24T14:05:05.234+0000] {logging_mixin.py:137} INFO - [2023-02-24T14:05:05.234+0000] {dagbag.py:538} INFO - Filling up the DagBag from /opt/airflow/dags/scrape_airflow.py
[2023-02-24T14:05:09.627+0000] {processor.py:753} INFO - DAG(s) dict_keys(['Metadata_Airflow']) retrieved from /opt/airflow/dags/scrape_airflow.py
[2023-02-24T14:05:09.657+0000] {logging_mixin.py:137} INFO - [2023-02-24T14:05:09.657+0000] {dag.py:2690} INFO - Sync 1 DAGs
[2023-02-24T14:05:09.675+0000] {logging_mixin.py:137} INFO - [2023-02-24T14:05:09.675+0000] {dag.py:3441} INFO - Setting next_dagrun for Metadata_Airflow to 2023-02-24T05:00:00+00:00, run_after=2023-02-25T05:00:00+00:00
[2023-02-24T14:05:09.687+0000] {processor.py:175} INFO - Processing /opt/airflow/dags/scrape_airflow.py took 4.459 seconds
[2023-02-24T14:05:40.574+0000] {processor.py:153} INFO - Started process (PID=960) to work on /opt/airflow/dags/scrape_airflow.py
[2023-02-24T14:05:40.577+0000] {processor.py:743} INFO - Processing file /opt/airflow/dags/scrape_airflow.py for tasks to queue
[2023-02-24T14:05:40.579+0000] {logging_mixin.py:137} INFO - [2023-02-24T14:05:40.579+0000] {dagbag.py:538} INFO - Filling up the DagBag from /opt/airflow/dags/scrape_airflow.py
[2023-02-24T14:05:44.015+0000] {processor.py:753} INFO - DAG(s) dict_keys(['Metadata_Airflow']) retrieved from /opt/airflow/dags/scrape_airflow.py
[2023-02-24T14:05:44.043+0000] {logging_mixin.py:137} INFO - [2023-02-24T14:05:44.042+0000] {dag.py:2690} INFO - Sync 1 DAGs
[2023-02-24T14:05:44.058+0000] {logging_mixin.py:137} INFO - [2023-02-24T14:05:44.058+0000] {dag.py:3441} INFO - Setting next_dagrun for Metadata_Airflow to 2023-02-24T05:00:00+00:00, run_after=2023-02-25T05:00:00+00:00
[2023-02-24T14:05:44.068+0000] {processor.py:175} INFO - Processing /opt/airflow/dags/scrape_airflow.py took 3.499 seconds
[2023-02-24T14:06:14.859+0000] {processor.py:153} INFO - Started process (PID=1038) to work on /opt/airflow/dags/scrape_airflow.py
[2023-02-24T14:06:14.863+0000] {processor.py:743} INFO - Processing file /opt/airflow/dags/scrape_airflow.py for tasks to queue
[2023-02-24T14:06:14.866+0000] {logging_mixin.py:137} INFO - [2023-02-24T14:06:14.865+0000] {dagbag.py:538} INFO - Filling up the DagBag from /opt/airflow/dags/scrape_airflow.py
[2023-02-24T14:06:17.219+0000] {processor.py:753} INFO - DAG(s) dict_keys(['Metadata_Airflow']) retrieved from /opt/airflow/dags/scrape_airflow.py
[2023-02-24T14:06:17.237+0000] {logging_mixin.py:137} INFO - [2023-02-24T14:06:17.237+0000] {dag.py:2690} INFO - Sync 1 DAGs
[2023-02-24T14:06:17.250+0000] {logging_mixin.py:137} INFO - [2023-02-24T14:06:17.250+0000] {dag.py:3441} INFO - Setting next_dagrun for Metadata_Airflow to 2023-02-24T05:00:00+00:00, run_after=2023-02-25T05:00:00+00:00
[2023-02-24T14:06:17.260+0000] {processor.py:175} INFO - Processing /opt/airflow/dags/scrape_airflow.py took 2.405 seconds
[2023-02-24T14:06:48.212+0000] {processor.py:153} INFO - Started process (PID=1114) to work on /opt/airflow/dags/scrape_airflow.py
[2023-02-24T14:06:48.215+0000] {processor.py:743} INFO - Processing file /opt/airflow/dags/scrape_airflow.py for tasks to queue
[2023-02-24T14:06:48.217+0000] {logging_mixin.py:137} INFO - [2023-02-24T14:06:48.217+0000] {dagbag.py:538} INFO - Filling up the DagBag from /opt/airflow/dags/scrape_airflow.py
[2023-02-24T14:06:52.596+0000] {processor.py:753} INFO - DAG(s) dict_keys(['Metadata_Airflow']) retrieved from /opt/airflow/dags/scrape_airflow.py
[2023-02-24T14:06:52.617+0000] {logging_mixin.py:137} INFO - [2023-02-24T14:06:52.616+0000] {dag.py:2690} INFO - Sync 1 DAGs
[2023-02-24T14:06:52.631+0000] {logging_mixin.py:137} INFO - [2023-02-24T14:06:52.631+0000] {dag.py:3441} INFO - Setting next_dagrun for Metadata_Airflow to 2023-02-24T05:00:00+00:00, run_after=2023-02-25T05:00:00+00:00
[2023-02-24T14:06:52.642+0000] {processor.py:175} INFO - Processing /opt/airflow/dags/scrape_airflow.py took 4.434 seconds
[2023-02-24T14:07:23.611+0000] {processor.py:153} INFO - Started process (PID=1192) to work on /opt/airflow/dags/scrape_airflow.py
[2023-02-24T14:07:23.614+0000] {processor.py:743} INFO - Processing file /opt/airflow/dags/scrape_airflow.py for tasks to queue
[2023-02-24T14:07:23.616+0000] {logging_mixin.py:137} INFO - [2023-02-24T14:07:23.616+0000] {dagbag.py:538} INFO - Filling up the DagBag from /opt/airflow/dags/scrape_airflow.py
[2023-02-24T14:07:27.021+0000] {processor.py:753} INFO - DAG(s) dict_keys(['Metadata_Airflow']) retrieved from /opt/airflow/dags/scrape_airflow.py
[2023-02-24T14:07:27.051+0000] {logging_mixin.py:137} INFO - [2023-02-24T14:07:27.051+0000] {dag.py:2690} INFO - Sync 1 DAGs
[2023-02-24T14:07:27.066+0000] {logging_mixin.py:137} INFO - [2023-02-24T14:07:27.066+0000] {dag.py:3441} INFO - Setting next_dagrun for Metadata_Airflow to 2023-02-24T05:00:00+00:00, run_after=2023-02-25T05:00:00+00:00
[2023-02-24T14:07:27.076+0000] {processor.py:175} INFO - Processing /opt/airflow/dags/scrape_airflow.py took 3.470 seconds
[2023-02-24T14:07:58.090+0000] {processor.py:153} INFO - Started process (PID=1269) to work on /opt/airflow/dags/scrape_airflow.py
[2023-02-24T14:07:58.092+0000] {processor.py:743} INFO - Processing file /opt/airflow/dags/scrape_airflow.py for tasks to queue
[2023-02-24T14:07:58.094+0000] {logging_mixin.py:137} INFO - [2023-02-24T14:07:58.094+0000] {dagbag.py:538} INFO - Filling up the DagBag from /opt/airflow/dags/scrape_airflow.py
[2023-02-24T14:08:00.431+0000] {processor.py:753} INFO - DAG(s) dict_keys(['Metadata_Airflow']) retrieved from /opt/airflow/dags/scrape_airflow.py
[2023-02-24T14:08:00.459+0000] {logging_mixin.py:137} INFO - [2023-02-24T14:08:00.458+0000] {dag.py:2690} INFO - Sync 1 DAGs
[2023-02-24T14:08:00.477+0000] {logging_mixin.py:137} INFO - [2023-02-24T14:08:00.477+0000] {dag.py:3441} INFO - Setting next_dagrun for Metadata_Airflow to 2023-02-24T05:00:00+00:00, run_after=2023-02-25T05:00:00+00:00
[2023-02-24T14:08:00.496+0000] {processor.py:175} INFO - Processing /opt/airflow/dags/scrape_airflow.py took 2.411 seconds
[2023-02-24T14:08:30.617+0000] {processor.py:153} INFO - Started process (PID=1351) to work on /opt/airflow/dags/scrape_airflow.py
[2023-02-24T14:08:30.620+0000] {processor.py:743} INFO - Processing file /opt/airflow/dags/scrape_airflow.py for tasks to queue
[2023-02-24T14:08:30.622+0000] {logging_mixin.py:137} INFO - [2023-02-24T14:08:30.622+0000] {dagbag.py:538} INFO - Filling up the DagBag from /opt/airflow/dags/scrape_airflow.py
[2023-02-24T14:08:35.023+0000] {processor.py:753} INFO - DAG(s) dict_keys(['Metadata_Airflow']) retrieved from /opt/airflow/dags/scrape_airflow.py
[2023-02-24T14:08:35.058+0000] {logging_mixin.py:137} INFO - [2023-02-24T14:08:35.057+0000] {dag.py:2690} INFO - Sync 1 DAGs
[2023-02-24T14:08:35.074+0000] {logging_mixin.py:137} INFO - [2023-02-24T14:08:35.074+0000] {dag.py:3441} INFO - Setting next_dagrun for Metadata_Airflow to 2023-02-24T05:00:00+00:00, run_after=2023-02-25T05:00:00+00:00
[2023-02-24T14:08:35.084+0000] {processor.py:175} INFO - Processing /opt/airflow/dags/scrape_airflow.py took 4.473 seconds
[2023-02-24T14:09:05.783+0000] {processor.py:153} INFO - Started process (PID=1462) to work on /opt/airflow/dags/scrape_airflow.py
[2023-02-24T14:09:05.786+0000] {processor.py:743} INFO - Processing file /opt/airflow/dags/scrape_airflow.py for tasks to queue
[2023-02-24T14:09:05.792+0000] {logging_mixin.py:137} INFO - [2023-02-24T14:09:05.791+0000] {dagbag.py:538} INFO - Filling up the DagBag from /opt/airflow/dags/scrape_airflow.py
[2023-02-24T14:09:10.269+0000] {processor.py:753} INFO - DAG(s) dict_keys(['Metadata_Airflow']) retrieved from /opt/airflow/dags/scrape_airflow.py
[2023-02-24T14:09:10.303+0000] {logging_mixin.py:137} INFO - [2023-02-24T14:09:10.302+0000] {dag.py:2690} INFO - Sync 1 DAGs
[2023-02-24T14:09:10.319+0000] {logging_mixin.py:137} INFO - [2023-02-24T14:09:10.319+0000] {dag.py:3441} INFO - Setting next_dagrun for Metadata_Airflow to 2023-02-24T05:00:00+00:00, run_after=2023-02-25T05:00:00+00:00
[2023-02-24T14:09:10.330+0000] {processor.py:175} INFO - Processing /opt/airflow/dags/scrape_airflow.py took 4.552 seconds
[2023-02-24T14:09:41.190+0000] {processor.py:153} INFO - Started process (PID=1538) to work on /opt/airflow/dags/scrape_airflow.py
[2023-02-24T14:09:41.194+0000] {processor.py:743} INFO - Processing file /opt/airflow/dags/scrape_airflow.py for tasks to queue
[2023-02-24T14:09:41.197+0000] {logging_mixin.py:137} INFO - [2023-02-24T14:09:41.197+0000] {dagbag.py:538} INFO - Filling up the DagBag from /opt/airflow/dags/scrape_airflow.py
[2023-02-24T14:09:43.566+0000] {processor.py:753} INFO - DAG(s) dict_keys(['Metadata_Airflow']) retrieved from /opt/airflow/dags/scrape_airflow.py
[2023-02-24T14:09:43.586+0000] {logging_mixin.py:137} INFO - [2023-02-24T14:09:43.586+0000] {dag.py:2690} INFO - Sync 1 DAGs
[2023-02-24T14:09:43.599+0000] {logging_mixin.py:137} INFO - [2023-02-24T14:09:43.599+0000] {dag.py:3441} INFO - Setting next_dagrun for Metadata_Airflow to 2023-02-24T05:00:00+00:00, run_after=2023-02-25T05:00:00+00:00
[2023-02-24T14:09:43.611+0000] {processor.py:175} INFO - Processing /opt/airflow/dags/scrape_airflow.py took 2.426 seconds
[2023-02-24T14:10:14.362+0000] {processor.py:153} INFO - Started process (PID=1615) to work on /opt/airflow/dags/scrape_airflow.py
[2023-02-24T14:10:14.365+0000] {processor.py:743} INFO - Processing file /opt/airflow/dags/scrape_airflow.py for tasks to queue
[2023-02-24T14:10:14.367+0000] {logging_mixin.py:137} INFO - [2023-02-24T14:10:14.367+0000] {dagbag.py:538} INFO - Filling up the DagBag from /opt/airflow/dags/scrape_airflow.py
[2023-02-24T14:10:17.723+0000] {processor.py:753} INFO - DAG(s) dict_keys(['Metadata_Airflow']) retrieved from /opt/airflow/dags/scrape_airflow.py
[2023-02-24T14:10:17.744+0000] {logging_mixin.py:137} INFO - [2023-02-24T14:10:17.744+0000] {dag.py:2690} INFO - Sync 1 DAGs
[2023-02-24T14:10:17.759+0000] {logging_mixin.py:137} INFO - [2023-02-24T14:10:17.759+0000] {dag.py:3441} INFO - Setting next_dagrun for Metadata_Airflow to 2023-02-24T05:00:00+00:00, run_after=2023-02-25T05:00:00+00:00
[2023-02-24T14:10:17.770+0000] {processor.py:175} INFO - Processing /opt/airflow/dags/scrape_airflow.py took 3.413 seconds
[2023-02-24T14:10:47.869+0000] {processor.py:153} INFO - Started process (PID=1691) to work on /opt/airflow/dags/scrape_airflow.py
[2023-02-24T14:10:47.872+0000] {processor.py:743} INFO - Processing file /opt/airflow/dags/scrape_airflow.py for tasks to queue
[2023-02-24T14:10:47.873+0000] {logging_mixin.py:137} INFO - [2023-02-24T14:10:47.873+0000] {dagbag.py:538} INFO - Filling up the DagBag from /opt/airflow/dags/scrape_airflow.py
[2023-02-24T14:10:52.257+0000] {processor.py:753} INFO - DAG(s) dict_keys(['Metadata_Airflow']) retrieved from /opt/airflow/dags/scrape_airflow.py
[2023-02-24T14:10:52.291+0000] {logging_mixin.py:137} INFO - [2023-02-24T14:10:52.290+0000] {dag.py:2690} INFO - Sync 1 DAGs
[2023-02-24T14:10:52.307+0000] {logging_mixin.py:137} INFO - [2023-02-24T14:10:52.307+0000] {dag.py:3441} INFO - Setting next_dagrun for Metadata_Airflow to 2023-02-24T05:00:00+00:00, run_after=2023-02-25T05:00:00+00:00
[2023-02-24T14:10:52.318+0000] {processor.py:175} INFO - Processing /opt/airflow/dags/scrape_airflow.py took 4.452 seconds
[2023-02-24T14:11:23.115+0000] {processor.py:153} INFO - Started process (PID=1767) to work on /opt/airflow/dags/scrape_airflow.py
[2023-02-24T14:11:23.119+0000] {processor.py:743} INFO - Processing file /opt/airflow/dags/scrape_airflow.py for tasks to queue
[2023-02-24T14:11:23.124+0000] {logging_mixin.py:137} INFO - [2023-02-24T14:11:23.124+0000] {dagbag.py:538} INFO - Filling up the DagBag from /opt/airflow/dags/scrape_airflow.py
[2023-02-24T14:11:26.464+0000] {processor.py:753} INFO - DAG(s) dict_keys(['Metadata_Airflow']) retrieved from /opt/airflow/dags/scrape_airflow.py
[2023-02-24T14:11:26.494+0000] {logging_mixin.py:137} INFO - [2023-02-24T14:11:26.493+0000] {dag.py:2690} INFO - Sync 1 DAGs
[2023-02-24T14:11:26.509+0000] {logging_mixin.py:137} INFO - [2023-02-24T14:11:26.509+0000] {dag.py:3441} INFO - Setting next_dagrun for Metadata_Airflow to 2023-02-24T05:00:00+00:00, run_after=2023-02-25T05:00:00+00:00
[2023-02-24T14:11:26.520+0000] {processor.py:175} INFO - Processing /opt/airflow/dags/scrape_airflow.py took 3.410 seconds
[2023-02-24T14:11:57.302+0000] {processor.py:153} INFO - Started process (PID=1845) to work on /opt/airflow/dags/scrape_airflow.py
[2023-02-24T14:11:57.305+0000] {processor.py:743} INFO - Processing file /opt/airflow/dags/scrape_airflow.py for tasks to queue
[2023-02-24T14:11:57.308+0000] {logging_mixin.py:137} INFO - [2023-02-24T14:11:57.308+0000] {dagbag.py:538} INFO - Filling up the DagBag from /opt/airflow/dags/scrape_airflow.py
[2023-02-24T14:12:00.738+0000] {processor.py:753} INFO - DAG(s) dict_keys(['Metadata_Airflow']) retrieved from /opt/airflow/dags/scrape_airflow.py
[2023-02-24T14:12:00.771+0000] {logging_mixin.py:137} INFO - [2023-02-24T14:12:00.770+0000] {dag.py:2690} INFO - Sync 1 DAGs
[2023-02-24T14:12:00.787+0000] {logging_mixin.py:137} INFO - [2023-02-24T14:12:00.787+0000] {dag.py:3441} INFO - Setting next_dagrun for Metadata_Airflow to 2023-02-24T05:00:00+00:00, run_after=2023-02-25T05:00:00+00:00
[2023-02-24T14:12:00.797+0000] {processor.py:175} INFO - Processing /opt/airflow/dags/scrape_airflow.py took 3.500 seconds
[2023-02-24T14:12:31.556+0000] {processor.py:153} INFO - Started process (PID=1922) to work on /opt/airflow/dags/scrape_airflow.py
[2023-02-24T14:12:31.558+0000] {processor.py:743} INFO - Processing file /opt/airflow/dags/scrape_airflow.py for tasks to queue
[2023-02-24T14:12:31.560+0000] {logging_mixin.py:137} INFO - [2023-02-24T14:12:31.560+0000] {dagbag.py:538} INFO - Filling up the DagBag from /opt/airflow/dags/scrape_airflow.py
[2023-02-24T14:12:34.923+0000] {processor.py:753} INFO - DAG(s) dict_keys(['Metadata_Airflow']) retrieved from /opt/airflow/dags/scrape_airflow.py
[2023-02-24T14:12:34.944+0000] {logging_mixin.py:137} INFO - [2023-02-24T14:12:34.944+0000] {dag.py:2690} INFO - Sync 1 DAGs
[2023-02-24T14:12:34.958+0000] {logging_mixin.py:137} INFO - [2023-02-24T14:12:34.958+0000] {dag.py:3441} INFO - Setting next_dagrun for Metadata_Airflow to 2023-02-24T05:00:00+00:00, run_after=2023-02-25T05:00:00+00:00
[2023-02-24T14:12:34.967+0000] {processor.py:175} INFO - Processing /opt/airflow/dags/scrape_airflow.py took 3.413 seconds
[2023-02-24T14:13:05.178+0000] {processor.py:153} INFO - Started process (PID=2011) to work on /opt/airflow/dags/scrape_airflow.py
[2023-02-24T14:13:05.181+0000] {processor.py:743} INFO - Processing file /opt/airflow/dags/scrape_airflow.py for tasks to queue
[2023-02-24T14:13:05.183+0000] {logging_mixin.py:137} INFO - [2023-02-24T14:13:05.183+0000] {dagbag.py:538} INFO - Filling up the DagBag from /opt/airflow/dags/scrape_airflow.py
[2023-02-24T14:13:09.657+0000] {processor.py:753} INFO - DAG(s) dict_keys(['Metadata_Airflow']) retrieved from /opt/airflow/dags/scrape_airflow.py
[2023-02-24T14:13:09.690+0000] {logging_mixin.py:137} INFO - [2023-02-24T14:13:09.690+0000] {dag.py:2690} INFO - Sync 1 DAGs
[2023-02-24T14:13:09.706+0000] {logging_mixin.py:137} INFO - [2023-02-24T14:13:09.705+0000] {dag.py:3441} INFO - Setting next_dagrun for Metadata_Airflow to 2023-02-24T05:00:00+00:00, run_after=2023-02-25T05:00:00+00:00
[2023-02-24T14:13:09.716+0000] {processor.py:175} INFO - Processing /opt/airflow/dags/scrape_airflow.py took 4.542 seconds
[2023-02-24T14:13:40.236+0000] {processor.py:153} INFO - Started process (PID=2113) to work on /opt/airflow/dags/scrape_airflow.py
[2023-02-24T14:13:40.239+0000] {processor.py:743} INFO - Processing file /opt/airflow/dags/scrape_airflow.py for tasks to queue
[2023-02-24T14:13:40.241+0000] {logging_mixin.py:137} INFO - [2023-02-24T14:13:40.241+0000] {dagbag.py:538} INFO - Filling up the DagBag from /opt/airflow/dags/scrape_airflow.py
[2023-02-24T14:13:44.658+0000] {processor.py:753} INFO - DAG(s) dict_keys(['Metadata_Airflow']) retrieved from /opt/airflow/dags/scrape_airflow.py
[2023-02-24T14:13:44.682+0000] {logging_mixin.py:137} INFO - [2023-02-24T14:13:44.682+0000] {dag.py:2690} INFO - Sync 1 DAGs
[2023-02-24T14:13:44.696+0000] {logging_mixin.py:137} INFO - [2023-02-24T14:13:44.696+0000] {dag.py:3441} INFO - Setting next_dagrun for Metadata_Airflow to 2023-02-24T05:00:00+00:00, run_after=2023-02-25T05:00:00+00:00
[2023-02-24T14:13:44.707+0000] {processor.py:175} INFO - Processing /opt/airflow/dags/scrape_airflow.py took 4.474 seconds
[2023-02-24T14:14:15.521+0000] {processor.py:153} INFO - Started process (PID=2190) to work on /opt/airflow/dags/scrape_airflow.py
[2023-02-24T14:14:15.525+0000] {processor.py:743} INFO - Processing file /opt/airflow/dags/scrape_airflow.py for tasks to queue
[2023-02-24T14:14:15.527+0000] {logging_mixin.py:137} INFO - [2023-02-24T14:14:15.527+0000] {dagbag.py:538} INFO - Filling up the DagBag from /opt/airflow/dags/scrape_airflow.py
[2023-02-24T14:14:16.896+0000] {processor.py:753} INFO - DAG(s) dict_keys(['Metadata_Airflow']) retrieved from /opt/airflow/dags/scrape_airflow.py
[2023-02-24T14:14:16.916+0000] {logging_mixin.py:137} INFO - [2023-02-24T14:14:16.916+0000] {dag.py:2690} INFO - Sync 1 DAGs
[2023-02-24T14:14:16.930+0000] {logging_mixin.py:137} INFO - [2023-02-24T14:14:16.929+0000] {dag.py:3441} INFO - Setting next_dagrun for Metadata_Airflow to 2023-02-24T05:00:00+00:00, run_after=2023-02-25T05:00:00+00:00
[2023-02-24T14:14:16.940+0000] {processor.py:175} INFO - Processing /opt/airflow/dags/scrape_airflow.py took 1.423 seconds
[2023-02-24T14:14:47.497+0000] {processor.py:153} INFO - Started process (PID=2265) to work on /opt/airflow/dags/scrape_airflow.py
[2023-02-24T14:14:47.499+0000] {processor.py:743} INFO - Processing file /opt/airflow/dags/scrape_airflow.py for tasks to queue
[2023-02-24T14:14:47.501+0000] {logging_mixin.py:137} INFO - [2023-02-24T14:14:47.501+0000] {dagbag.py:538} INFO - Filling up the DagBag from /opt/airflow/dags/scrape_airflow.py
[2023-02-24T14:14:51.869+0000] {processor.py:753} INFO - DAG(s) dict_keys(['Metadata_Airflow']) retrieved from /opt/airflow/dags/scrape_airflow.py
[2023-02-24T14:14:51.904+0000] {logging_mixin.py:137} INFO - [2023-02-24T14:14:51.904+0000] {dag.py:2690} INFO - Sync 1 DAGs
[2023-02-24T14:14:51.921+0000] {logging_mixin.py:137} INFO - [2023-02-24T14:14:51.921+0000] {dag.py:3441} INFO - Setting next_dagrun for Metadata_Airflow to 2023-02-24T05:00:00+00:00, run_after=2023-02-25T05:00:00+00:00
[2023-02-24T14:14:51.932+0000] {processor.py:175} INFO - Processing /opt/airflow/dags/scrape_airflow.py took 4.438 seconds
[2023-02-24T14:15:22.149+0000] {processor.py:153} INFO - Started process (PID=2342) to work on /opt/airflow/dags/scrape_airflow.py
[2023-02-24T14:15:22.153+0000] {processor.py:743} INFO - Processing file /opt/airflow/dags/scrape_airflow.py for tasks to queue
[2023-02-24T14:15:22.155+0000] {logging_mixin.py:137} INFO - [2023-02-24T14:15:22.155+0000] {dagbag.py:538} INFO - Filling up the DagBag from /opt/airflow/dags/scrape_airflow.py
[2023-02-24T14:15:26.526+0000] {processor.py:753} INFO - DAG(s) dict_keys(['Metadata_Airflow']) retrieved from /opt/airflow/dags/scrape_airflow.py
[2023-02-24T14:15:26.556+0000] {logging_mixin.py:137} INFO - [2023-02-24T14:15:26.556+0000] {dag.py:2690} INFO - Sync 1 DAGs
[2023-02-24T14:15:26.572+0000] {logging_mixin.py:137} INFO - [2023-02-24T14:15:26.572+0000] {dag.py:3441} INFO - Setting next_dagrun for Metadata_Airflow to 2023-02-24T05:00:00+00:00, run_after=2023-02-25T05:00:00+00:00
[2023-02-24T14:15:26.583+0000] {processor.py:175} INFO - Processing /opt/airflow/dags/scrape_airflow.py took 4.437 seconds
[2023-02-24T14:15:57.581+0000] {processor.py:153} INFO - Started process (PID=2419) to work on /opt/airflow/dags/scrape_airflow.py
[2023-02-24T14:15:57.585+0000] {processor.py:743} INFO - Processing file /opt/airflow/dags/scrape_airflow.py for tasks to queue
[2023-02-24T14:15:57.588+0000] {logging_mixin.py:137} INFO - [2023-02-24T14:15:57.588+0000] {dagbag.py:538} INFO - Filling up the DagBag from /opt/airflow/dags/scrape_airflow.py
[2023-02-24T14:15:59.947+0000] {processor.py:753} INFO - DAG(s) dict_keys(['Metadata_Airflow']) retrieved from /opt/airflow/dags/scrape_airflow.py
[2023-02-24T14:15:59.966+0000] {logging_mixin.py:137} INFO - [2023-02-24T14:15:59.965+0000] {dag.py:2690} INFO - Sync 1 DAGs
[2023-02-24T14:15:59.979+0000] {logging_mixin.py:137} INFO - [2023-02-24T14:15:59.979+0000] {dag.py:3441} INFO - Setting next_dagrun for Metadata_Airflow to 2023-02-24T05:00:00+00:00, run_after=2023-02-25T05:00:00+00:00
[2023-02-24T14:15:59.990+0000] {processor.py:175} INFO - Processing /opt/airflow/dags/scrape_airflow.py took 2.413 seconds
[2023-02-24T14:16:30.747+0000] {processor.py:153} INFO - Started process (PID=2496) to work on /opt/airflow/dags/scrape_airflow.py
[2023-02-24T14:16:30.750+0000] {processor.py:743} INFO - Processing file /opt/airflow/dags/scrape_airflow.py for tasks to queue
[2023-02-24T14:16:30.752+0000] {logging_mixin.py:137} INFO - [2023-02-24T14:16:30.752+0000] {dagbag.py:538} INFO - Filling up the DagBag from /opt/airflow/dags/scrape_airflow.py
[2023-02-24T14:16:34.130+0000] {processor.py:753} INFO - DAG(s) dict_keys(['Metadata_Airflow']) retrieved from /opt/airflow/dags/scrape_airflow.py
[2023-02-24T14:16:34.157+0000] {logging_mixin.py:137} INFO - [2023-02-24T14:16:34.157+0000] {dag.py:2690} INFO - Sync 1 DAGs
[2023-02-24T14:16:34.172+0000] {logging_mixin.py:137} INFO - [2023-02-24T14:16:34.171+0000] {dag.py:3441} INFO - Setting next_dagrun for Metadata_Airflow to 2023-02-24T05:00:00+00:00, run_after=2023-02-25T05:00:00+00:00
[2023-02-24T14:16:34.182+0000] {processor.py:175} INFO - Processing /opt/airflow/dags/scrape_airflow.py took 3.439 seconds
[2023-02-24T14:17:05.034+0000] {processor.py:153} INFO - Started process (PID=2573) to work on /opt/airflow/dags/scrape_airflow.py
[2023-02-24T14:17:05.037+0000] {processor.py:743} INFO - Processing file /opt/airflow/dags/scrape_airflow.py for tasks to queue
[2023-02-24T14:17:05.039+0000] {logging_mixin.py:137} INFO - [2023-02-24T14:17:05.039+0000] {dagbag.py:538} INFO - Filling up the DagBag from /opt/airflow/dags/scrape_airflow.py
[2023-02-24T14:17:09.354+0000] {processor.py:753} INFO - DAG(s) dict_keys(['Metadata_Airflow']) retrieved from /opt/airflow/dags/scrape_airflow.py
[2023-02-24T14:17:09.376+0000] {logging_mixin.py:137} INFO - [2023-02-24T14:17:09.375+0000] {dag.py:2690} INFO - Sync 1 DAGs
[2023-02-24T14:17:09.393+0000] {logging_mixin.py:137} INFO - [2023-02-24T14:17:09.393+0000] {dag.py:3441} INFO - Setting next_dagrun for Metadata_Airflow to 2023-02-24T05:00:00+00:00, run_after=2023-02-25T05:00:00+00:00
[2023-02-24T14:17:09.405+0000] {processor.py:175} INFO - Processing /opt/airflow/dags/scrape_airflow.py took 4.377 seconds
[2023-02-24T14:17:39.512+0000] {processor.py:153} INFO - Started process (PID=2666) to work on /opt/airflow/dags/scrape_airflow.py
[2023-02-24T14:17:39.515+0000] {processor.py:743} INFO - Processing file /opt/airflow/dags/scrape_airflow.py for tasks to queue
[2023-02-24T14:17:39.518+0000] {logging_mixin.py:137} INFO - [2023-02-24T14:17:39.518+0000] {dagbag.py:538} INFO - Filling up the DagBag from /opt/airflow/dags/scrape_airflow.py
[2023-02-24T14:17:42.908+0000] {processor.py:753} INFO - DAG(s) dict_keys(['Metadata_Airflow']) retrieved from /opt/airflow/dags/scrape_airflow.py
[2023-02-24T14:17:42.946+0000] {logging_mixin.py:137} INFO - [2023-02-24T14:17:42.945+0000] {dag.py:2690} INFO - Sync 1 DAGs
[2023-02-24T14:17:42.964+0000] {logging_mixin.py:137} INFO - [2023-02-24T14:17:42.964+0000] {dag.py:3441} INFO - Setting next_dagrun for Metadata_Airflow to 2023-02-24T05:00:00+00:00, run_after=2023-02-25T05:00:00+00:00
[2023-02-24T14:17:42.984+0000] {processor.py:175} INFO - Processing /opt/airflow/dags/scrape_airflow.py took 3.477 seconds
[2023-02-24T14:18:13.040+0000] {processor.py:153} INFO - Started process (PID=2762) to work on /opt/airflow/dags/scrape_airflow.py
[2023-02-24T14:18:13.043+0000] {processor.py:743} INFO - Processing file /opt/airflow/dags/scrape_airflow.py for tasks to queue
[2023-02-24T14:18:13.045+0000] {logging_mixin.py:137} INFO - [2023-02-24T14:18:13.045+0000] {dagbag.py:538} INFO - Filling up the DagBag from /opt/airflow/dags/scrape_airflow.py
[2023-02-24T14:18:17.452+0000] {processor.py:753} INFO - DAG(s) dict_keys(['Metadata_Airflow']) retrieved from /opt/airflow/dags/scrape_airflow.py
[2023-02-24T14:18:17.473+0000] {logging_mixin.py:137} INFO - [2023-02-24T14:18:17.473+0000] {dag.py:2690} INFO - Sync 1 DAGs
[2023-02-24T14:18:17.488+0000] {logging_mixin.py:137} INFO - [2023-02-24T14:18:17.488+0000] {dag.py:3441} INFO - Setting next_dagrun for Metadata_Airflow to 2023-02-24T05:00:00+00:00, run_after=2023-02-25T05:00:00+00:00
[2023-02-24T14:18:17.500+0000] {processor.py:175} INFO - Processing /opt/airflow/dags/scrape_airflow.py took 4.463 seconds
[2023-02-24T14:18:47.567+0000] {processor.py:153} INFO - Started process (PID=2844) to work on /opt/airflow/dags/scrape_airflow.py
[2023-02-24T14:18:47.571+0000] {processor.py:743} INFO - Processing file /opt/airflow/dags/scrape_airflow.py for tasks to queue
[2023-02-24T14:18:47.573+0000] {logging_mixin.py:137} INFO - [2023-02-24T14:18:47.573+0000] {dagbag.py:538} INFO - Filling up the DagBag from /opt/airflow/dags/scrape_airflow.py
[2023-02-24T14:18:52.003+0000] {processor.py:753} INFO - DAG(s) dict_keys(['Metadata_Airflow']) retrieved from /opt/airflow/dags/scrape_airflow.py
[2023-02-24T14:18:52.038+0000] {logging_mixin.py:137} INFO - [2023-02-24T14:18:52.038+0000] {dag.py:2690} INFO - Sync 1 DAGs
[2023-02-24T14:18:52.055+0000] {logging_mixin.py:137} INFO - [2023-02-24T14:18:52.055+0000] {dag.py:3441} INFO - Setting next_dagrun for Metadata_Airflow to 2023-02-24T05:00:00+00:00, run_after=2023-02-25T05:00:00+00:00
[2023-02-24T14:18:52.067+0000] {processor.py:175} INFO - Processing /opt/airflow/dags/scrape_airflow.py took 4.505 seconds
[2023-02-24T14:19:22.174+0000] {processor.py:153} INFO - Started process (PID=2921) to work on /opt/airflow/dags/scrape_airflow.py
[2023-02-24T14:19:22.176+0000] {processor.py:743} INFO - Processing file /opt/airflow/dags/scrape_airflow.py for tasks to queue
[2023-02-24T14:19:22.177+0000] {logging_mixin.py:137} INFO - [2023-02-24T14:19:22.177+0000] {dagbag.py:538} INFO - Filling up the DagBag from /opt/airflow/dags/scrape_airflow.py
[2023-02-24T14:19:25.555+0000] {processor.py:753} INFO - DAG(s) dict_keys(['Metadata_Airflow']) retrieved from /opt/airflow/dags/scrape_airflow.py
[2023-02-24T14:19:25.585+0000] {logging_mixin.py:137} INFO - [2023-02-24T14:19:25.585+0000] {dag.py:2690} INFO - Sync 1 DAGs
[2023-02-24T14:19:25.600+0000] {logging_mixin.py:137} INFO - [2023-02-24T14:19:25.600+0000] {dag.py:3441} INFO - Setting next_dagrun for Metadata_Airflow to 2023-02-24T05:00:00+00:00, run_after=2023-02-25T05:00:00+00:00
[2023-02-24T14:19:25.609+0000] {processor.py:175} INFO - Processing /opt/airflow/dags/scrape_airflow.py took 3.437 seconds
[2023-02-24T14:19:55.749+0000] {processor.py:153} INFO - Started process (PID=2997) to work on /opt/airflow/dags/scrape_airflow.py
[2023-02-24T14:19:55.754+0000] {processor.py:743} INFO - Processing file /opt/airflow/dags/scrape_airflow.py for tasks to queue
[2023-02-24T14:19:55.756+0000] {logging_mixin.py:137} INFO - [2023-02-24T14:19:55.756+0000] {dagbag.py:538} INFO - Filling up the DagBag from /opt/airflow/dags/scrape_airflow.py
[2023-02-24T14:20:00.134+0000] {processor.py:753} INFO - DAG(s) dict_keys(['Metadata_Airflow']) retrieved from /opt/airflow/dags/scrape_airflow.py
[2023-02-24T14:20:00.154+0000] {logging_mixin.py:137} INFO - [2023-02-24T14:20:00.154+0000] {dag.py:2690} INFO - Sync 1 DAGs
[2023-02-24T14:20:00.167+0000] {logging_mixin.py:137} INFO - [2023-02-24T14:20:00.167+0000] {dag.py:3441} INFO - Setting next_dagrun for Metadata_Airflow to 2023-02-24T05:00:00+00:00, run_after=2023-02-25T05:00:00+00:00
[2023-02-24T14:20:00.177+0000] {processor.py:175} INFO - Processing /opt/airflow/dags/scrape_airflow.py took 4.433 seconds
